2016-09-16 15:39:38,173 - DEBUG: Отправлено сообщение "Я запустился!"
2016-09-16 15:39:38,173 - INFO: Запущен бот
2016-09-16 15:39:51,874 - INFO: Получена комманда test.
2016-09-16 15:39:52,282 - DEBUG: Отправлено сообщение "Ты чё ввёл команду "ТЕСТ"?? 78193601"
2016-09-16 15:39:55,142 - INFO: Получена комманда reset.
2016-09-16 15:39:57,624 - INFO: Получена комманда check.
2016-09-16 15:39:58,013 - DEBUG: Отправлено сообщение "Нет подозрительных."
2016-09-16 15:40:13,641 - INFO: Переотправлено сообщение "Шококококо"
2016-09-16 16:01:32,710 - INFO: Переотправлено сообщение "/start"
2016-09-16 16:01:35,681 - INFO: Получена комманда check.
2016-09-16 16:01:36,095 - DEBUG: Отправлено сообщение "Нет подозрительных."
2016-09-16 17:05:03,221 - INFO: Получена комманда check.
2016-09-16 17:05:03,642 - DEBUG: Отправлено сообщение "Нет подозрительных."
2016-09-17 07:35:17,905 - INFO: Получена комманда check.
2016-09-17 07:35:18,330 - DEBUG: Отправлено сообщение "Нет подозрительных."
2016-09-17 07:35:21,887 - INFO: Получена комманда test.
2016-09-17 07:35:22,306 - DEBUG: Отправлено сообщение "Ты чё ввёл команду "ТЕСТ"?? 78193601"
2016-09-17 18:52:04,030 - INFO: Получена комманда check.
2016-09-17 18:52:04,403 - DEBUG: Отправлено сообщение "Нет подозрительных."
2016-09-19 08:25:55,391 - DEBUG: Отправлено сообщение "Я запустился!"
2016-09-19 08:25:55,391 - INFO: Запущен бот
2016-09-19 08:25:55,807 - INFO: Получена комманда test.
2016-09-19 08:25:55,897 - INFO: Получена комманда check.
2016-09-19 08:25:56,270 - DEBUG: Отправлено сообщение "Ты чё ввёл команду "ТЕСТ"?? 78193601"
2016-09-19 08:25:56,355 - DEBUG: Отправлено сообщение "Нет подозрительных."
2016-09-19 08:27:58,281 - INFO: Получена комманда check.
2016-09-19 08:27:58,694 - DEBUG: Отправлено сообщение "Нет подозрительных."
2016-09-27 10:23:04,499 - DEBUG: Отправлено сообщение "Я запустился!"
2016-09-27 10:23:04,499 - INFO: Запущен бот
2016-09-27 10:23:11,140 - INFO: Переотправлено сообщение "53.504659, 49.2763748"
2016-09-27 10:23:16,766 - INFO: Переотправлено сообщение "вот ты сволочь!"
2016-09-27 11:07:58,926 - INFO: Переотправлено сообщение "\U0001f44c\U0001f3fd"
2016-09-27 11:08:17,089 - DEBUG: Отправлено сообщение "Отключаюсь."
2016-09-27 11:08:17,089 - INFO: Отключение бота
2016-09-27 11:11:09,320 - DEBUG: Отправлено сообщение "Я запустился!"
2016-09-27 11:11:09,321 - INFO: Запущен бот
2016-09-27 11:11:19,318 - INFO: Переотправлено сообщение "Тест"
2016-09-27 11:11:24,946 - DEBUG: Отправлено сообщение "Отключаюсь."
2016-09-27 11:11:24,947 - INFO: Отключение бота
2016-09-27 11:13:01,284 - DEBUG: Отправлено сообщение "Я запустился!"
2016-09-27 11:13:01,284 - INFO: Запущен бот
2016-09-27 11:13:07,931 - INFO: Переотправлено сообщение "Тест"
2016-09-27 11:14:24,585 - DEBUG: Отправлено сообщение "Я запустился!"
2016-09-27 11:14:24,585 - INFO: Запущен бот
2016-09-27 11:14:42,802 - INFO: 30 sec remain
2016-09-27 11:18:51,952 - DEBUG: Отправлено сообщение "Я запустился!"
2016-09-27 11:18:51,952 - INFO: Запущен бот
2016-09-27 11:19:34,666 - DEBUG: Отправлено сообщение "Я запустился!"
2016-09-27 11:19:34,666 - INFO: Запущен бот
2016-09-27 11:19:46,718 - INFO: Переотправлено сообщение "sticker"
2016-09-27 11:19:52,987 - DEBUG: Отправлено сообщение "Отключаюсь."
2016-09-27 11:19:52,987 - INFO: Отключение бота
2016-09-27 11:20:31,848 - DEBUG: Отправлено сообщение "Я запустился!"
2016-09-27 11:20:31,848 - INFO: Запущен бот
2016-09-27 11:20:37,103 - DEBUG: Отправлено сообщение "Отключаюсь."
2016-09-27 11:20:37,104 - INFO: Отключение бота
2016-09-27 11:24:41,780 - DEBUG: Отправлено сообщение "Я запустился!"
2016-09-27 11:24:41,780 - INFO: Запущен бот
2016-09-27 11:24:51,047 - INFO: Переотправлено сообщение "/"
2016-09-27 11:26:03,731 - DEBUG: Отправлено сообщение "Отключаюсь."
2016-09-27 11:26:03,731 - INFO: Отключение бота
2016-09-27 11:27:18,760 - DEBUG: Отправлено сообщение "Я запустился!"
2016-09-27 11:27:18,760 - INFO: Запущен бот
2016-09-27 11:37:04,465 - DEBUG: Отправлено сообщение "Отключаюсь."
2016-09-27 11:37:04,466 - INFO: Отключение бота
2016-09-27 11:38:28,626 - DEBUG: Отправлено сообщение "Я запустился!"
2016-09-27 11:38:28,626 - INFO: Запущен бот
2016-09-27 11:38:37,157 - INFO: Переотправлено сообщение типа"sticker"
2016-09-27 11:38:54,513 - DEBUG: Отправлено сообщение "Отключаюсь."
2016-09-27 11:38:54,514 - INFO: Отключение бота
2016-09-27 11:39:22,374 - DEBUG: Отправлено сообщение "Я запустился!"
2016-09-27 11:39:22,374 - INFO: Запущен бот
2016-09-27 11:39:29,295 - INFO: Переотправлено сообщение типа "sticker"
2016-09-27 11:40:15,347 - DEBUG: Отправлено сообщение "Отключаюсь."
2016-09-27 11:40:15,348 - INFO: Отключение бота
2016-09-27 11:40:24,005 - DEBUG: Отправлено сообщение "Я запустился!"
2016-09-27 11:40:24,006 - INFO: Запущен бот
2016-09-27 11:40:29,400 - INFO: Переотправлено сообщение типа "sticker"
2016-09-27 11:40:39,148 - DEBUG: Отправлено сообщение "Отключаюсь."
2016-09-27 11:40:39,148 - INFO: Отключение бота
2016-09-27 11:40:59,402 - DEBUG: Отправлено сообщение "Я запустился!"
2016-09-27 11:40:59,402 - INFO: Запущен бот
2016-09-27 11:41:04,686 - INFO: Переотправлено сообщение типа "sticker"
2016-09-27 11:53:20,842 - DEBUG: Отправлено сообщение "Я запустился!"
2016-09-27 11:53:20,842 - INFO: Запущен бот
2016-09-27 11:53:26,426 - INFO: Переотправлено сообщение типа "sticker"
2016-09-27 11:53:36,382 - DEBUG: Отправлено сообщение "Отключаюсь."
2016-09-27 11:53:36,382 - INFO: Отключение бота
2016-09-27 11:54:52,245 - DEBUG: Отправлено сообщение "Я запустился!"
2016-09-27 11:54:52,245 - INFO: Запущен бот
2016-09-27 11:55:01,534 - INFO: Переотправлено сообщение типа "sticker"
2016-09-27 11:55:43,927 - DEBUG: Отправлено сообщение "Отключаюсь."
2016-09-27 11:55:43,927 - INFO: Отключение бота
2016-09-27 11:56:03,383 - DEBUG: Отправлено сообщение "Я запустился!"
2016-09-27 11:56:03,383 - INFO: Запущен бот
2016-09-27 11:56:16,495 - INFO: Переотправлено сообщение типа "sticker"
2016-09-27 11:56:54,725 - DEBUG: Отправлено сообщение "Отключаюсь."
2016-09-27 11:56:54,725 - INFO: Отключение бота
2016-09-27 11:57:29,800 - DEBUG: Отправлено сообщение "Я запустился!"
2016-09-27 11:57:29,800 - INFO: Запущен бот
2016-09-27 11:57:34,488 - INFO: Переотправлено сообщение типа "sticker"
2016-09-27 11:58:22,981 - DEBUG: Отправлено сообщение "Отключаюсь."
2016-09-27 11:58:22,981 - INFO: Отключение бота
2016-09-27 11:58:43,176 - DEBUG: Отправлено сообщение "Я запустился!"
2016-09-27 11:58:43,176 - INFO: Запущен бот
2016-09-27 11:58:47,158 - INFO: Переотправлено сообщение типа "sticker"
2016-09-27 11:59:01,202 - DEBUG: Отправлено сообщение "Отключаюсь."
2016-09-27 11:59:01,203 - INFO: Отключение бота
2016-09-27 12:00:31,707 - DEBUG: Отправлено сообщение "Я запустился!"
2016-09-27 12:00:31,708 - INFO: Запущен бот
2016-09-27 12:00:36,867 - INFO: Переотправлено сообщение типа "sticker"
2016-09-27 12:01:01,980 - DEBUG: Отправлено сообщение "Я запустился!"
2016-09-27 12:01:01,980 - INFO: Запущен бот
2016-09-27 12:01:07,359 - INFO: Переотправлено сообщение типа "sticker"
2016-09-27 12:02:00,101 - DEBUG: Отправлено сообщение "Отключаюсь."
2016-09-27 12:02:00,102 - INFO: Отключение бота
2016-09-27 12:02:07,467 - DEBUG: Отправлено сообщение "Я запустился!"
2016-09-27 12:02:07,467 - INFO: Запущен бот
2016-09-27 12:02:12,721 - INFO: Переотправлено сообщение типа "sticker"
2016-09-27 12:03:32,447 - DEBUG: Отправлено сообщение "Отключаюсь."
2016-09-27 12:03:32,448 - INFO: Отключение бота
2016-09-27 12:06:03,128 - DEBUG: Отправлено сообщение "Я запустился!"
2016-09-27 12:06:03,128 - INFO: Запущен бот
2016-09-27 12:06:07,984 - INFO: Переотправлено сообщение типа "sticker"
2016-09-27 12:06:13,739 - DEBUG: Отправлено сообщение "Отключаюсь."
2016-09-27 12:06:13,740 - INFO: Отключение бота
2016-09-27 13:38:54,116 - DEBUG: Отправлено сообщение "Я запустился!"
2016-09-27 13:38:54,116 - INFO: Запущен бот
2016-09-27 13:46:57,320 - DEBUG: Отправлено сообщение "Отключаюсь."
2016-09-27 13:46:57,320 - INFO: Отключение бота
2016-09-27 13:47:26,064 - DEBUG: Отправлено сообщение "Я запустился!"
2016-09-27 13:47:26,064 - INFO: Запущен бот
2016-09-27 13:47:32,334 - INFO: Переотправлено сообщение типа "sticker"
2016-09-27 13:48:06,928 - DEBUG: Отправлено сообщение "Отключаюсь."
2016-09-27 13:48:06,928 - INFO: Отключение бота
2016-09-27 13:49:19,006 - DEBUG: Отправлено сообщение "Я запустился!"
2016-09-27 13:49:19,007 - INFO: Запущен бот
2016-09-27 13:49:25,272 - INFO: Переотправлено сообщение типа "sticker"
2016-09-27 13:49:25,273 - DEBUG: {
2016-09-27 13:49:25,273 - DEBUG: '
2016-09-27 13:49:25,273 - DEBUG: c
2016-09-27 13:49:25,273 - DEBUG: h
2016-09-27 13:49:25,274 - DEBUG: a
2016-09-27 13:49:25,274 - DEBUG: n
2016-09-27 13:49:25,274 - DEBUG: n
2016-09-27 13:49:25,274 - DEBUG: e
2016-09-27 13:49:25,274 - DEBUG: l
2016-09-27 13:49:25,274 - DEBUG: _
2016-09-27 13:49:25,274 - DEBUG: c
2016-09-27 13:49:25,274 - DEBUG: h
2016-09-27 13:49:25,275 - DEBUG: a
2016-09-27 13:49:25,275 - DEBUG: t
2016-09-27 13:49:25,275 - DEBUG: _
2016-09-27 13:49:25,275 - DEBUG: c
2016-09-27 13:49:25,275 - DEBUG: r
2016-09-27 13:49:25,275 - DEBUG: e
2016-09-27 13:49:25,275 - DEBUG: a
2016-09-27 13:49:25,275 - DEBUG: t
2016-09-27 13:49:25,275 - DEBUG: e
2016-09-27 13:49:25,275 - DEBUG: d
2016-09-27 13:49:25,275 - DEBUG: '
2016-09-27 13:49:25,275 - DEBUG: :
2016-09-27 13:49:25,276 - DEBUG:  
2016-09-27 13:49:25,276 - DEBUG: N
2016-09-27 13:49:25,276 - DEBUG: o
2016-09-27 13:49:25,276 - DEBUG: n
2016-09-27 13:49:25,276 - DEBUG: e
2016-09-27 13:49:25,276 - DEBUG: ,
2016-09-27 13:49:25,276 - DEBUG: 

2016-09-27 13:49:25,276 - DEBUG: '
2016-09-27 13:49:25,276 - DEBUG: e
2016-09-27 13:49:25,276 - DEBUG: n
2016-09-27 13:49:25,276 - DEBUG: t
2016-09-27 13:49:25,276 - DEBUG: i
2016-09-27 13:49:25,276 - DEBUG: t
2016-09-27 13:49:25,276 - DEBUG: i
2016-09-27 13:49:25,277 - DEBUG: e
2016-09-27 13:49:25,277 - DEBUG: s
2016-09-27 13:49:25,277 - DEBUG: '
2016-09-27 13:49:25,277 - DEBUG: :
2016-09-27 13:49:25,277 - DEBUG:  
2016-09-27 13:49:25,277 - DEBUG: N
2016-09-27 13:49:25,277 - DEBUG: o
2016-09-27 13:49:25,277 - DEBUG: n
2016-09-27 13:49:25,277 - DEBUG: e
2016-09-27 13:49:25,277 - DEBUG: ,
2016-09-27 13:49:25,277 - DEBUG: 

2016-09-27 13:49:25,277 - DEBUG: '
2016-09-27 13:49:25,277 - DEBUG: g
2016-09-27 13:49:25,277 - DEBUG: r
2016-09-27 13:49:25,278 - DEBUG: o
2016-09-27 13:49:25,278 - DEBUG: u
2016-09-27 13:49:25,278 - DEBUG: p
2016-09-27 13:49:25,278 - DEBUG: _
2016-09-27 13:49:25,278 - DEBUG: c
2016-09-27 13:49:25,278 - DEBUG: h
2016-09-27 13:49:25,278 - DEBUG: a
2016-09-27 13:49:25,278 - DEBUG: t
2016-09-27 13:49:25,278 - DEBUG: _
2016-09-27 13:49:25,278 - DEBUG: c
2016-09-27 13:49:25,278 - DEBUG: r
2016-09-27 13:49:25,278 - DEBUG: e
2016-09-27 13:49:25,278 - DEBUG: a
2016-09-27 13:49:25,279 - DEBUG: t
2016-09-27 13:49:25,279 - DEBUG: e
2016-09-27 13:49:25,279 - DEBUG: d
2016-09-27 13:49:25,279 - DEBUG: '
2016-09-27 13:49:25,279 - DEBUG: :
2016-09-27 13:49:25,279 - DEBUG:  
2016-09-27 13:49:25,279 - DEBUG: N
2016-09-27 13:49:25,279 - DEBUG: o
2016-09-27 13:49:25,279 - DEBUG: n
2016-09-27 13:49:25,279 - DEBUG: e
2016-09-27 13:49:25,279 - DEBUG: ,
2016-09-27 13:49:25,279 - DEBUG: 

2016-09-27 13:49:25,279 - DEBUG: '
2016-09-27 13:49:25,279 - DEBUG: c
2016-09-27 13:49:25,280 - DEBUG: o
2016-09-27 13:49:25,280 - DEBUG: n
2016-09-27 13:49:25,280 - DEBUG: t
2016-09-27 13:49:25,280 - DEBUG: e
2016-09-27 13:49:25,280 - DEBUG: n
2016-09-27 13:49:25,280 - DEBUG: t
2016-09-27 13:49:25,280 - DEBUG: _
2016-09-27 13:49:25,280 - DEBUG: t
2016-09-27 13:49:25,280 - DEBUG: y
2016-09-27 13:49:25,280 - DEBUG: p
2016-09-27 13:49:25,280 - DEBUG: e
2016-09-27 13:49:25,280 - DEBUG: '
2016-09-27 13:49:25,280 - DEBUG: :
2016-09-27 13:49:25,280 - DEBUG:  
2016-09-27 13:49:25,281 - DEBUG: '
2016-09-27 13:49:25,281 - DEBUG: s
2016-09-27 13:49:25,281 - DEBUG: t
2016-09-27 13:49:25,281 - DEBUG: i
2016-09-27 13:49:25,281 - DEBUG: c
2016-09-27 13:49:25,281 - DEBUG: k
2016-09-27 13:49:25,281 - DEBUG: e
2016-09-27 13:49:25,281 - DEBUG: r
2016-09-27 13:49:25,281 - DEBUG: '
2016-09-27 13:49:25,281 - DEBUG: ,
2016-09-27 13:49:25,281 - DEBUG: 

2016-09-27 13:49:25,281 - DEBUG: '
2016-09-27 13:49:25,282 - DEBUG: m
2016-09-27 13:49:25,282 - DEBUG: e
2016-09-27 13:49:25,282 - DEBUG: s
2016-09-27 13:49:25,282 - DEBUG: s
2016-09-27 13:49:25,282 - DEBUG: a
2016-09-27 13:49:25,282 - DEBUG: g
2016-09-27 13:49:25,282 - DEBUG: e
2016-09-27 13:49:25,282 - DEBUG: _
2016-09-27 13:49:25,282 - DEBUG: i
2016-09-27 13:49:25,282 - DEBUG: d
2016-09-27 13:49:25,282 - DEBUG: '
2016-09-27 13:49:25,282 - DEBUG: :
2016-09-27 13:49:25,282 - DEBUG:  
2016-09-27 13:49:25,282 - DEBUG: 4
2016-09-27 13:49:25,283 - DEBUG: 6
2016-09-27 13:49:25,283 - DEBUG: 9
2016-09-27 13:49:25,283 - DEBUG: ,
2016-09-27 13:49:25,283 - DEBUG: 

2016-09-27 13:49:25,283 - DEBUG: '
2016-09-27 13:49:25,283 - DEBUG: r
2016-09-27 13:49:25,283 - DEBUG: e
2016-09-27 13:49:25,283 - DEBUG: p
2016-09-27 13:49:25,283 - DEBUG: l
2016-09-27 13:49:25,283 - DEBUG: y
2016-09-27 13:49:25,283 - DEBUG: _
2016-09-27 13:49:25,283 - DEBUG: t
2016-09-27 13:49:25,283 - DEBUG: o
2016-09-27 13:49:25,284 - DEBUG: _
2016-09-27 13:49:25,284 - DEBUG: m
2016-09-27 13:49:25,284 - DEBUG: e
2016-09-27 13:49:25,284 - DEBUG: s
2016-09-27 13:49:25,284 - DEBUG: s
2016-09-27 13:49:25,284 - DEBUG: a
2016-09-27 13:49:25,284 - DEBUG: g
2016-09-27 13:49:25,284 - DEBUG: e
2016-09-27 13:49:25,284 - DEBUG: '
2016-09-27 13:49:25,284 - DEBUG: :
2016-09-27 13:49:25,284 - DEBUG:  
2016-09-27 13:49:25,284 - DEBUG: N
2016-09-27 13:49:25,284 - DEBUG: o
2016-09-27 13:49:25,285 - DEBUG: n
2016-09-27 13:49:25,285 - DEBUG: e
2016-09-27 13:49:25,285 - DEBUG: ,
2016-09-27 13:49:25,285 - DEBUG: 

2016-09-27 13:49:25,285 - DEBUG: '
2016-09-27 13:49:25,285 - DEBUG: p
2016-09-27 13:49:25,285 - DEBUG: h
2016-09-27 13:49:25,285 - DEBUG: o
2016-09-27 13:49:25,285 - DEBUG: t
2016-09-27 13:49:25,285 - DEBUG: o
2016-09-27 13:49:25,285 - DEBUG: '
2016-09-27 13:49:25,285 - DEBUG: :
2016-09-27 13:49:25,285 - DEBUG:  
2016-09-27 13:49:25,285 - DEBUG: N
2016-09-27 13:49:25,286 - DEBUG: o
2016-09-27 13:49:25,286 - DEBUG: n
2016-09-27 13:49:25,286 - DEBUG: e
2016-09-27 13:49:25,286 - DEBUG: ,
2016-09-27 13:49:25,286 - DEBUG: 

2016-09-27 13:49:25,286 - DEBUG: '
2016-09-27 13:49:25,286 - DEBUG: c
2016-09-27 13:49:25,286 - DEBUG: a
2016-09-27 13:49:25,286 - DEBUG: p
2016-09-27 13:49:25,286 - DEBUG: t
2016-09-27 13:49:25,286 - DEBUG: i
2016-09-27 13:49:25,286 - DEBUG: o
2016-09-27 13:49:25,286 - DEBUG: n
2016-09-27 13:49:25,287 - DEBUG: '
2016-09-27 13:49:25,287 - DEBUG: :
2016-09-27 13:49:25,287 - DEBUG:  
2016-09-27 13:49:25,287 - DEBUG: N
2016-09-27 13:49:25,287 - DEBUG: o
2016-09-27 13:49:25,287 - DEBUG: n
2016-09-27 13:49:25,287 - DEBUG: e
2016-09-27 13:49:25,287 - DEBUG: ,
2016-09-27 13:49:25,287 - DEBUG: 

2016-09-27 13:49:25,287 - DEBUG: '
2016-09-27 13:49:25,287 - DEBUG: l
2016-09-27 13:49:25,287 - DEBUG: o
2016-09-27 13:49:25,287 - DEBUG: c
2016-09-27 13:49:25,288 - DEBUG: a
2016-09-27 13:49:25,288 - DEBUG: t
2016-09-27 13:49:25,288 - DEBUG: i
2016-09-27 13:49:25,288 - DEBUG: o
2016-09-27 13:49:25,288 - DEBUG: n
2016-09-27 13:49:25,288 - DEBUG: '
2016-09-27 13:49:25,288 - DEBUG: :
2016-09-27 13:49:25,288 - DEBUG:  
2016-09-27 13:49:25,288 - DEBUG: N
2016-09-27 13:49:25,288 - DEBUG: o
2016-09-27 13:49:25,288 - DEBUG: n
2016-09-27 13:49:25,288 - DEBUG: e
2016-09-27 13:49:25,288 - DEBUG: ,
2016-09-27 13:49:25,288 - DEBUG: 

2016-09-27 13:49:25,289 - DEBUG: '
2016-09-27 13:49:25,289 - DEBUG: n
2016-09-27 13:49:25,289 - DEBUG: e
2016-09-27 13:49:25,289 - DEBUG: w
2016-09-27 13:49:25,289 - DEBUG: _
2016-09-27 13:49:25,289 - DEBUG: c
2016-09-27 13:49:25,289 - DEBUG: h
2016-09-27 13:49:25,289 - DEBUG: a
2016-09-27 13:49:25,289 - DEBUG: t
2016-09-27 13:49:25,289 - DEBUG: _
2016-09-27 13:49:25,289 - DEBUG: m
2016-09-27 13:49:25,289 - DEBUG: e
2016-09-27 13:49:25,289 - DEBUG: m
2016-09-27 13:49:25,290 - DEBUG: b
2016-09-27 13:49:25,290 - DEBUG: e
2016-09-27 13:49:25,290 - DEBUG: r
2016-09-27 13:49:25,290 - DEBUG: '
2016-09-27 13:49:25,290 - DEBUG: :
2016-09-27 13:49:25,290 - DEBUG:  
2016-09-27 13:49:25,290 - DEBUG: N
2016-09-27 13:49:25,290 - DEBUG: o
2016-09-27 13:49:25,290 - DEBUG: n
2016-09-27 13:49:25,290 - DEBUG: e
2016-09-27 13:49:25,290 - DEBUG: ,
2016-09-27 13:49:25,290 - DEBUG: 

2016-09-27 13:49:25,290 - DEBUG: '
2016-09-27 13:49:25,291 - DEBUG: c
2016-09-27 13:49:25,291 - DEBUG: o
2016-09-27 13:49:25,291 - DEBUG: n
2016-09-27 13:49:25,291 - DEBUG: t
2016-09-27 13:49:25,291 - DEBUG: a
2016-09-27 13:49:25,291 - DEBUG: c
2016-09-27 13:49:25,291 - DEBUG: t
2016-09-27 13:49:25,291 - DEBUG: '
2016-09-27 13:49:25,291 - DEBUG: :
2016-09-27 13:49:25,291 - DEBUG:  
2016-09-27 13:49:25,291 - DEBUG: N
2016-09-27 13:49:25,291 - DEBUG: o
2016-09-27 13:49:25,291 - DEBUG: n
2016-09-27 13:49:25,292 - DEBUG: e
2016-09-27 13:49:25,292 - DEBUG: ,
2016-09-27 13:49:25,292 - DEBUG: 

2016-09-27 13:49:25,292 - DEBUG: '
2016-09-27 13:49:25,292 - DEBUG: s
2016-09-27 13:49:25,292 - DEBUG: t
2016-09-27 13:49:25,292 - DEBUG: i
2016-09-27 13:49:25,292 - DEBUG: c
2016-09-27 13:49:25,292 - DEBUG: k
2016-09-27 13:49:25,292 - DEBUG: e
2016-09-27 13:49:25,292 - DEBUG: r
2016-09-27 13:49:25,292 - DEBUG: '
2016-09-27 13:49:25,292 - DEBUG: :
2016-09-27 13:49:25,292 - DEBUG: 

2016-09-27 13:49:25,293 - DEBUG:  
2016-09-27 13:49:25,293 - DEBUG:  
2016-09-27 13:49:25,293 - DEBUG:  
2016-09-27 13:49:25,293 - DEBUG: {
2016-09-27 13:49:25,293 - DEBUG: '
2016-09-27 13:49:25,293 - DEBUG: f
2016-09-27 13:49:25,293 - DEBUG: i
2016-09-27 13:49:25,293 - DEBUG: l
2016-09-27 13:49:25,293 - DEBUG: e
2016-09-27 13:49:25,293 - DEBUG: _
2016-09-27 13:49:25,293 - DEBUG: i
2016-09-27 13:49:25,293 - DEBUG: d
2016-09-27 13:49:25,293 - DEBUG: '
2016-09-27 13:49:25,294 - DEBUG: :
2016-09-27 13:49:25,294 - DEBUG:  
2016-09-27 13:49:25,294 - DEBUG: '
2016-09-27 13:49:25,294 - DEBUG: B
2016-09-27 13:49:25,294 - DEBUG: Q
2016-09-27 13:49:25,294 - DEBUG: A
2016-09-27 13:49:25,294 - DEBUG: D
2016-09-27 13:49:25,294 - DEBUG: B
2016-09-27 13:49:25,294 - DEBUG: A
2016-09-27 13:49:25,294 - DEBUG: A
2016-09-27 13:49:25,294 - DEBUG: D
2016-09-27 13:49:25,294 - DEBUG: m
2016-09-27 13:49:25,294 - DEBUG: Q
2016-09-27 13:49:25,294 - DEBUG: A
2016-09-27 13:49:25,295 - DEBUG: D
2016-09-27 13:49:25,295 - DEBUG: N
2016-09-27 13:49:25,295 - DEBUG: g
2016-09-27 13:49:25,295 - DEBUG: 0
2016-09-27 13:49:25,295 - DEBUG: g
2016-09-27 13:49:25,295 - DEBUG: B
2016-09-27 13:49:25,295 - DEBUG: l
2016-09-27 13:49:25,295 - DEBUG: x
2016-09-27 13:49:25,295 - DEBUG: Q
2016-09-27 13:49:25,295 - DEBUG: c
2016-09-27 13:49:25,295 - DEBUG: D
2016-09-27 13:49:25,295 - DEBUG: X
2016-09-27 13:49:25,295 - DEBUG: L
2016-09-27 13:49:25,296 - DEBUG: 7
2016-09-27 13:49:25,296 - DEBUG: O
2016-09-27 13:49:25,296 - DEBUG: 4
2016-09-27 13:49:25,296 - DEBUG: F
2016-09-27 13:49:25,296 - DEBUG: A
2016-09-27 13:49:25,296 - DEBUG: g
2016-09-27 13:49:25,296 - DEBUG: '
2016-09-27 13:49:25,296 - DEBUG: ,
2016-09-27 13:49:25,296 - DEBUG: 

2016-09-27 13:49:25,296 - DEBUG: '
2016-09-27 13:49:25,296 - DEBUG: t
2016-09-27 13:49:25,296 - DEBUG: h
2016-09-27 13:49:25,296 - DEBUG: u
2016-09-27 13:49:25,296 - DEBUG: m
2016-09-27 13:49:25,297 - DEBUG: b
2016-09-27 13:49:25,297 - DEBUG: '
2016-09-27 13:49:25,297 - DEBUG: :
2016-09-27 13:49:25,297 - DEBUG:  
2016-09-27 13:49:25,297 - DEBUG: <
2016-09-27 13:49:25,297 - DEBUG: t
2016-09-27 13:49:25,297 - DEBUG: e
2016-09-27 13:49:25,297 - DEBUG: l
2016-09-27 13:49:25,297 - DEBUG: e
2016-09-27 13:49:25,297 - DEBUG: b
2016-09-27 13:49:25,298 - DEBUG: o
2016-09-27 13:49:25,298 - DEBUG: t
2016-09-27 13:49:25,298 - DEBUG: .
2016-09-27 13:49:25,298 - DEBUG: t
2016-09-27 13:49:25,298 - DEBUG: y
2016-09-27 13:49:25,298 - DEBUG: p
2016-09-27 13:49:25,298 - DEBUG: e
2016-09-27 13:49:25,298 - DEBUG: s
2016-09-27 13:49:25,298 - DEBUG: .
2016-09-27 13:49:25,298 - DEBUG: P
2016-09-27 13:49:25,298 - DEBUG: h
2016-09-27 13:49:25,299 - DEBUG: o
2016-09-27 13:49:25,299 - DEBUG: t
2016-09-27 13:49:25,299 - DEBUG: o
2016-09-27 13:49:25,299 - DEBUG: S
2016-09-27 13:49:25,299 - DEBUG: i
2016-09-27 13:49:25,299 - DEBUG: z
2016-09-27 13:49:25,299 - DEBUG: e
2016-09-27 13:49:25,299 - DEBUG:  
2016-09-27 13:49:25,299 - DEBUG: o
2016-09-27 13:49:25,299 - DEBUG: b
2016-09-27 13:49:25,299 - DEBUG: j
2016-09-27 13:49:25,299 - DEBUG: e
2016-09-27 13:49:25,299 - DEBUG: c
2016-09-27 13:49:25,300 - DEBUG: t
2016-09-27 13:49:25,300 - DEBUG:  
2016-09-27 13:49:25,300 - DEBUG: a
2016-09-27 13:49:25,300 - DEBUG: t
2016-09-27 13:49:25,300 - DEBUG:  
2016-09-27 13:49:25,300 - DEBUG: 0
2016-09-27 13:49:25,300 - DEBUG: x
2016-09-27 13:49:25,300 - DEBUG: 0
2016-09-27 13:49:25,300 - DEBUG: 3
2016-09-27 13:49:25,300 - DEBUG: 3
2016-09-27 13:49:25,301 - DEBUG: 4
2016-09-27 13:49:25,301 - DEBUG: C
2016-09-27 13:49:25,301 - DEBUG: 3
2016-09-27 13:49:25,301 - DEBUG: 1
2016-09-27 13:49:25,301 - DEBUG: 0
2016-09-27 13:49:25,301 - DEBUG: >
2016-09-27 13:49:25,301 - DEBUG: ,
2016-09-27 13:49:25,301 - DEBUG: 

2016-09-27 13:49:25,301 - DEBUG: '
2016-09-27 13:49:25,301 - DEBUG: w
2016-09-27 13:49:25,302 - DEBUG: i
2016-09-27 13:49:25,302 - DEBUG: d
2016-09-27 13:49:25,302 - DEBUG: t
2016-09-27 13:49:25,302 - DEBUG: h
2016-09-27 13:49:25,302 - DEBUG: '
2016-09-27 13:49:25,302 - DEBUG: :
2016-09-27 13:49:25,302 - DEBUG:  
2016-09-27 13:49:25,302 - DEBUG: 5
2016-09-27 13:49:25,302 - DEBUG: 1
2016-09-27 13:49:25,302 - DEBUG: 2
2016-09-27 13:49:25,302 - DEBUG: ,
2016-09-27 13:49:25,302 - DEBUG: 

2016-09-27 13:49:25,303 - DEBUG: '
2016-09-27 13:49:25,303 - DEBUG: h
2016-09-27 13:49:25,303 - DEBUG: e
2016-09-27 13:49:25,303 - DEBUG: i
2016-09-27 13:49:25,303 - DEBUG: g
2016-09-27 13:49:25,303 - DEBUG: h
2016-09-27 13:49:25,303 - DEBUG: t
2016-09-27 13:49:25,303 - DEBUG: '
2016-09-27 13:49:25,303 - DEBUG: :
2016-09-27 13:49:25,303 - DEBUG:  
2016-09-27 13:49:25,303 - DEBUG: 5
2016-09-27 13:49:25,303 - DEBUG: 1
2016-09-27 13:49:25,303 - DEBUG: 2
2016-09-27 13:49:25,304 - DEBUG: ,
2016-09-27 13:49:25,304 - DEBUG: 

2016-09-27 13:49:25,304 - DEBUG: '
2016-09-27 13:49:25,304 - DEBUG: e
2016-09-27 13:49:25,304 - DEBUG: m
2016-09-27 13:49:25,304 - DEBUG: o
2016-09-27 13:49:25,304 - DEBUG: j
2016-09-27 13:49:25,304 - DEBUG: i
2016-09-27 13:49:25,304 - DEBUG: '
2016-09-27 13:49:25,304 - DEBUG: :
2016-09-27 13:49:25,304 - DEBUG:  
2016-09-27 13:49:25,304 - DEBUG: '
2016-09-27 13:49:25,309 - DEBUG: '
2016-09-27 13:49:25,310 - DEBUG: ,
2016-09-27 13:49:25,310 - DEBUG: 

2016-09-27 13:49:25,310 - DEBUG: '
2016-09-27 13:49:25,310 - DEBUG: f
2016-09-27 13:49:25,310 - DEBUG: i
2016-09-27 13:49:25,310 - DEBUG: l
2016-09-27 13:49:25,310 - DEBUG: e
2016-09-27 13:49:25,310 - DEBUG: _
2016-09-27 13:49:25,310 - DEBUG: s
2016-09-27 13:49:25,310 - DEBUG: i
2016-09-27 13:49:25,310 - DEBUG: z
2016-09-27 13:49:25,311 - DEBUG: e
2016-09-27 13:49:25,311 - DEBUG: '
2016-09-27 13:49:25,311 - DEBUG: :
2016-09-27 13:49:25,311 - DEBUG:  
2016-09-27 13:49:25,311 - DEBUG: 2
2016-09-27 13:49:25,311 - DEBUG: 1
2016-09-27 13:49:25,311 - DEBUG: 7
2016-09-27 13:49:25,311 - DEBUG: 7
2016-09-27 13:49:25,311 - DEBUG: 6
2016-09-27 13:49:25,311 - DEBUG: }
2016-09-27 13:49:25,311 - DEBUG: ,
2016-09-27 13:49:25,311 - DEBUG: 

2016-09-27 13:49:25,311 - DEBUG: 

2016-09-27 13:49:25,312 - DEBUG: '
2016-09-27 13:49:25,312 - DEBUG: d
2016-09-27 13:49:25,312 - DEBUG: o
2016-09-27 13:49:25,312 - DEBUG: c
2016-09-27 13:49:25,312 - DEBUG: u
2016-09-27 13:49:25,312 - DEBUG: m
2016-09-27 13:49:25,312 - DEBUG: e
2016-09-27 13:49:25,312 - DEBUG: n
2016-09-27 13:49:25,312 - DEBUG: t
2016-09-27 13:49:25,312 - DEBUG: '
2016-09-27 13:49:25,312 - DEBUG: :
2016-09-27 13:49:25,312 - DEBUG:  
2016-09-27 13:49:25,312 - DEBUG: N
2016-09-27 13:49:25,313 - DEBUG: o
2016-09-27 13:49:25,313 - DEBUG: n
2016-09-27 13:49:25,313 - DEBUG: e
2016-09-27 13:49:25,313 - DEBUG: ,
2016-09-27 13:49:25,313 - DEBUG: 

2016-09-27 13:49:25,313 - DEBUG: '
2016-09-27 13:49:25,313 - DEBUG: e
2016-09-27 13:49:25,313 - DEBUG: d
2016-09-27 13:49:25,313 - DEBUG: i
2016-09-27 13:49:25,313 - DEBUG: t
2016-09-27 13:49:25,313 - DEBUG: _
2016-09-27 13:49:25,313 - DEBUG: d
2016-09-27 13:49:25,314 - DEBUG: a
2016-09-27 13:49:25,314 - DEBUG: t
2016-09-27 13:49:25,314 - DEBUG: e
2016-09-27 13:49:25,314 - DEBUG: '
2016-09-27 13:49:25,314 - DEBUG: :
2016-09-27 13:49:25,314 - DEBUG:  
2016-09-27 13:49:25,314 - DEBUG: N
2016-09-27 13:49:25,314 - DEBUG: o
2016-09-27 13:49:25,314 - DEBUG: n
2016-09-27 13:49:25,314 - DEBUG: e
2016-09-27 13:49:25,314 - DEBUG: ,
2016-09-27 13:49:25,314 - DEBUG: 

2016-09-27 13:49:25,314 - DEBUG: '
2016-09-27 13:49:25,315 - DEBUG: v
2016-09-27 13:49:25,315 - DEBUG: o
2016-09-27 13:49:25,315 - DEBUG: i
2016-09-27 13:49:25,315 - DEBUG: c
2016-09-27 13:49:25,315 - DEBUG: e
2016-09-27 13:49:25,315 - DEBUG: '
2016-09-27 13:49:25,315 - DEBUG: :
2016-09-27 13:49:25,315 - DEBUG:  
2016-09-27 13:49:25,315 - DEBUG: N
2016-09-27 13:49:25,315 - DEBUG: o
2016-09-27 13:49:25,316 - DEBUG: n
2016-09-27 13:49:25,316 - DEBUG: e
2016-09-27 13:49:25,316 - DEBUG: ,
2016-09-27 13:49:25,316 - DEBUG: 

2016-09-27 13:49:25,316 - DEBUG: '
2016-09-27 13:49:25,316 - DEBUG: t
2016-09-27 13:49:25,316 - DEBUG: e
2016-09-27 13:49:25,316 - DEBUG: x
2016-09-27 13:49:25,316 - DEBUG: t
2016-09-27 13:49:25,316 - DEBUG: '
2016-09-27 13:49:25,316 - DEBUG: :
2016-09-27 13:49:25,316 - DEBUG:  
2016-09-27 13:49:25,316 - DEBUG: N
2016-09-27 13:49:25,317 - DEBUG: o
2016-09-27 13:49:25,317 - DEBUG: n
2016-09-27 13:49:25,317 - DEBUG: e
2016-09-27 13:49:25,317 - DEBUG: ,
2016-09-27 13:49:25,317 - DEBUG: 

2016-09-27 13:49:25,317 - DEBUG: '
2016-09-27 13:49:25,317 - DEBUG: m
2016-09-27 13:49:25,317 - DEBUG: i
2016-09-27 13:49:25,317 - DEBUG: g
2016-09-27 13:49:25,317 - DEBUG: r
2016-09-27 13:49:25,317 - DEBUG: a
2016-09-27 13:49:25,317 - DEBUG: t
2016-09-27 13:49:25,317 - DEBUG: e
2016-09-27 13:49:25,317 - DEBUG: _
2016-09-27 13:49:25,318 - DEBUG: f
2016-09-27 13:49:25,318 - DEBUG: r
2016-09-27 13:49:25,318 - DEBUG: o
2016-09-27 13:49:25,318 - DEBUG: m
2016-09-27 13:49:25,318 - DEBUG: _
2016-09-27 13:49:25,318 - DEBUG: c
2016-09-27 13:49:25,318 - DEBUG: h
2016-09-27 13:49:25,318 - DEBUG: a
2016-09-27 13:49:25,318 - DEBUG: t
2016-09-27 13:49:25,318 - DEBUG: _
2016-09-27 13:49:25,318 - DEBUG: i
2016-09-27 13:49:25,318 - DEBUG: d
2016-09-27 13:49:25,318 - DEBUG: '
2016-09-27 13:49:25,318 - DEBUG: :
2016-09-27 13:49:25,319 - DEBUG:  
2016-09-27 13:49:25,319 - DEBUG: N
2016-09-27 13:49:25,319 - DEBUG: o
2016-09-27 13:49:25,319 - DEBUG: n
2016-09-27 13:49:25,319 - DEBUG: e
2016-09-27 13:49:25,319 - DEBUG: ,
2016-09-27 13:49:25,319 - DEBUG: 

2016-09-27 13:49:25,319 - DEBUG: '
2016-09-27 13:49:25,319 - DEBUG: d
2016-09-27 13:49:25,319 - DEBUG: e
2016-09-27 13:49:25,319 - DEBUG: l
2016-09-27 13:49:25,319 - DEBUG: e
2016-09-27 13:49:25,319 - DEBUG: t
2016-09-27 13:49:25,319 - DEBUG: e
2016-09-27 13:49:25,320 - DEBUG: _
2016-09-27 13:49:25,320 - DEBUG: c
2016-09-27 13:49:25,320 - DEBUG: h
2016-09-27 13:49:25,320 - DEBUG: a
2016-09-27 13:49:25,320 - DEBUG: t
2016-09-27 13:49:25,320 - DEBUG: _
2016-09-27 13:49:25,320 - DEBUG: p
2016-09-27 13:49:25,320 - DEBUG: h
2016-09-27 13:49:25,320 - DEBUG: o
2016-09-27 13:49:25,320 - DEBUG: t
2016-09-27 13:49:25,320 - DEBUG: o
2016-09-27 13:49:25,320 - DEBUG: '
2016-09-27 13:49:25,320 - DEBUG: :
2016-09-27 13:49:25,321 - DEBUG:  
2016-09-27 13:49:25,321 - DEBUG: N
2016-09-27 13:49:25,321 - DEBUG: o
2016-09-27 13:49:25,321 - DEBUG: n
2016-09-27 13:49:25,321 - DEBUG: e
2016-09-27 13:49:25,321 - DEBUG: ,
2016-09-27 13:49:25,321 - DEBUG: 

2016-09-27 13:49:25,321 - DEBUG: '
2016-09-27 13:49:25,321 - DEBUG: d
2016-09-27 13:49:25,321 - DEBUG: a
2016-09-27 13:49:25,321 - DEBUG: t
2016-09-27 13:49:25,321 - DEBUG: e
2016-09-27 13:49:25,321 - DEBUG: '
2016-09-27 13:49:25,321 - DEBUG: :
2016-09-27 13:49:25,322 - DEBUG:  
2016-09-27 13:49:25,322 - DEBUG: 1
2016-09-27 13:49:25,322 - DEBUG: 4
2016-09-27 13:49:25,322 - DEBUG: 7
2016-09-27 13:49:25,322 - DEBUG: 4
2016-09-27 13:49:25,322 - DEBUG: 9
2016-09-27 13:49:25,322 - DEBUG: 6
2016-09-27 13:49:25,322 - DEBUG: 9
2016-09-27 13:49:25,322 - DEBUG: 7
2016-09-27 13:49:25,322 - DEBUG: 9
2016-09-27 13:49:25,322 - DEBUG: 0
2016-09-27 13:49:25,322 - DEBUG: ,
2016-09-27 13:49:25,322 - DEBUG: 

2016-09-27 13:49:25,322 - DEBUG: '
2016-09-27 13:49:25,323 - DEBUG: v
2016-09-27 13:49:25,323 - DEBUG: e
2016-09-27 13:49:25,323 - DEBUG: n
2016-09-27 13:49:25,323 - DEBUG: u
2016-09-27 13:49:25,323 - DEBUG: e
2016-09-27 13:49:25,323 - DEBUG: '
2016-09-27 13:49:25,323 - DEBUG: :
2016-09-27 13:49:25,323 - DEBUG:  
2016-09-27 13:49:25,323 - DEBUG: N
2016-09-27 13:49:25,323 - DEBUG: o
2016-09-27 13:49:25,323 - DEBUG: n
2016-09-27 13:49:25,323 - DEBUG: e
2016-09-27 13:49:25,323 - DEBUG: ,
2016-09-27 13:49:25,323 - DEBUG: 

2016-09-27 13:49:25,324 - DEBUG: '
2016-09-27 13:49:25,324 - DEBUG: f
2016-09-27 13:49:25,324 - DEBUG: o
2016-09-27 13:49:25,324 - DEBUG: r
2016-09-27 13:49:25,324 - DEBUG: w
2016-09-27 13:49:25,324 - DEBUG: a
2016-09-27 13:49:25,324 - DEBUG: r
2016-09-27 13:49:25,324 - DEBUG: d
2016-09-27 13:49:25,324 - DEBUG: _
2016-09-27 13:49:25,324 - DEBUG: d
2016-09-27 13:49:25,324 - DEBUG: a
2016-09-27 13:49:25,324 - DEBUG: t
2016-09-27 13:49:25,324 - DEBUG: e
2016-09-27 13:49:25,324 - DEBUG: '
2016-09-27 13:49:25,325 - DEBUG: :
2016-09-27 13:49:25,325 - DEBUG:  
2016-09-27 13:49:25,325 - DEBUG: N
2016-09-27 13:49:25,325 - DEBUG: o
2016-09-27 13:49:25,325 - DEBUG: n
2016-09-27 13:49:25,325 - DEBUG: e
2016-09-27 13:49:25,325 - DEBUG: ,
2016-09-27 13:49:25,325 - DEBUG: 

2016-09-27 13:49:25,325 - DEBUG: '
2016-09-27 13:49:25,325 - DEBUG: l
2016-09-27 13:49:25,325 - DEBUG: e
2016-09-27 13:49:25,325 - DEBUG: f
2016-09-27 13:49:25,325 - DEBUG: t
2016-09-27 13:49:25,325 - DEBUG: _
2016-09-27 13:49:25,326 - DEBUG: c
2016-09-27 13:49:25,326 - DEBUG: h
2016-09-27 13:49:25,326 - DEBUG: a
2016-09-27 13:49:25,326 - DEBUG: t
2016-09-27 13:49:25,326 - DEBUG: _
2016-09-27 13:49:25,326 - DEBUG: m
2016-09-27 13:49:25,326 - DEBUG: e
2016-09-27 13:49:25,326 - DEBUG: m
2016-09-27 13:49:25,326 - DEBUG: b
2016-09-27 13:49:25,326 - DEBUG: e
2016-09-27 13:49:25,326 - DEBUG: r
2016-09-27 13:49:25,326 - DEBUG: '
2016-09-27 13:49:25,326 - DEBUG: :
2016-09-27 13:49:25,326 - DEBUG:  
2016-09-27 13:49:25,327 - DEBUG: N
2016-09-27 13:49:25,327 - DEBUG: o
2016-09-27 13:49:25,327 - DEBUG: n
2016-09-27 13:49:25,327 - DEBUG: e
2016-09-27 13:49:25,327 - DEBUG: ,
2016-09-27 13:49:25,327 - DEBUG: 

2016-09-27 13:49:25,327 - DEBUG: '
2016-09-27 13:49:25,327 - DEBUG: m
2016-09-27 13:49:25,327 - DEBUG: i
2016-09-27 13:49:25,327 - DEBUG: g
2016-09-27 13:49:25,327 - DEBUG: r
2016-09-27 13:49:25,327 - DEBUG: a
2016-09-27 13:49:25,327 - DEBUG: t
2016-09-27 13:49:25,327 - DEBUG: e
2016-09-27 13:49:25,328 - DEBUG: _
2016-09-27 13:49:25,328 - DEBUG: t
2016-09-27 13:49:25,328 - DEBUG: o
2016-09-27 13:49:25,328 - DEBUG: _
2016-09-27 13:49:25,328 - DEBUG: c
2016-09-27 13:49:25,328 - DEBUG: h
2016-09-27 13:49:25,328 - DEBUG: a
2016-09-27 13:49:25,328 - DEBUG: t
2016-09-27 13:49:25,328 - DEBUG: _
2016-09-27 13:49:25,328 - DEBUG: i
2016-09-27 13:49:25,328 - DEBUG: d
2016-09-27 13:49:25,328 - DEBUG: '
2016-09-27 13:49:25,328 - DEBUG: :
2016-09-27 13:49:25,328 - DEBUG:  
2016-09-27 13:49:25,329 - DEBUG: N
2016-09-27 13:49:25,329 - DEBUG: o
2016-09-27 13:49:25,329 - DEBUG: n
2016-09-27 13:49:25,329 - DEBUG: e
2016-09-27 13:49:25,329 - DEBUG: ,
2016-09-27 13:49:25,329 - DEBUG: 

2016-09-27 13:49:25,329 - DEBUG: '
2016-09-27 13:49:25,329 - DEBUG: n
2016-09-27 13:49:25,329 - DEBUG: e
2016-09-27 13:49:25,329 - DEBUG: w
2016-09-27 13:49:25,329 - DEBUG: _
2016-09-27 13:49:25,329 - DEBUG: c
2016-09-27 13:49:25,329 - DEBUG: h
2016-09-27 13:49:25,329 - DEBUG: a
2016-09-27 13:49:25,330 - DEBUG: t
2016-09-27 13:49:25,330 - DEBUG: _
2016-09-27 13:49:25,330 - DEBUG: p
2016-09-27 13:49:25,330 - DEBUG: h
2016-09-27 13:49:25,330 - DEBUG: o
2016-09-27 13:49:25,330 - DEBUG: t
2016-09-27 13:49:25,330 - DEBUG: o
2016-09-27 13:49:25,330 - DEBUG: '
2016-09-27 13:49:25,330 - DEBUG: :
2016-09-27 13:49:25,330 - DEBUG:  
2016-09-27 13:49:25,330 - DEBUG: N
2016-09-27 13:49:25,330 - DEBUG: o
2016-09-27 13:49:25,330 - DEBUG: n
2016-09-27 13:49:25,330 - DEBUG: e
2016-09-27 13:49:25,331 - DEBUG: ,
2016-09-27 13:49:25,331 - DEBUG: 

2016-09-27 13:49:25,331 - DEBUG: '
2016-09-27 13:49:25,331 - DEBUG: n
2016-09-27 13:49:25,331 - DEBUG: e
2016-09-27 13:49:25,331 - DEBUG: w
2016-09-27 13:49:25,331 - DEBUG: _
2016-09-27 13:49:25,331 - DEBUG: c
2016-09-27 13:49:25,331 - DEBUG: h
2016-09-27 13:49:25,331 - DEBUG: a
2016-09-27 13:49:25,331 - DEBUG: t
2016-09-27 13:49:25,331 - DEBUG: _
2016-09-27 13:49:25,331 - DEBUG: t
2016-09-27 13:49:25,332 - DEBUG: i
2016-09-27 13:49:25,332 - DEBUG: t
2016-09-27 13:49:25,332 - DEBUG: l
2016-09-27 13:49:25,332 - DEBUG: e
2016-09-27 13:49:25,332 - DEBUG: '
2016-09-27 13:49:25,332 - DEBUG: :
2016-09-27 13:49:25,332 - DEBUG:  
2016-09-27 13:49:25,332 - DEBUG: N
2016-09-27 13:49:25,332 - DEBUG: o
2016-09-27 13:49:25,332 - DEBUG: n
2016-09-27 13:49:25,332 - DEBUG: e
2016-09-27 13:49:25,332 - DEBUG: ,
2016-09-27 13:49:25,332 - DEBUG: 

2016-09-27 13:49:25,332 - DEBUG: '
2016-09-27 13:49:25,333 - DEBUG: f
2016-09-27 13:49:25,333 - DEBUG: r
2016-09-27 13:49:25,333 - DEBUG: o
2016-09-27 13:49:25,333 - DEBUG: m
2016-09-27 13:49:25,333 - DEBUG: _
2016-09-27 13:49:25,333 - DEBUG: u
2016-09-27 13:49:25,333 - DEBUG: s
2016-09-27 13:49:25,333 - DEBUG: e
2016-09-27 13:49:25,333 - DEBUG: r
2016-09-27 13:49:25,333 - DEBUG: '
2016-09-27 13:49:25,333 - DEBUG: :
2016-09-27 13:49:25,333 - DEBUG: 

2016-09-27 13:49:25,333 - DEBUG:  
2016-09-27 13:49:25,333 - DEBUG:  
2016-09-27 13:49:25,334 - DEBUG:  
2016-09-27 13:49:25,334 - DEBUG: {
2016-09-27 13:49:25,334 - DEBUG: '
2016-09-27 13:49:25,334 - DEBUG: l
2016-09-27 13:49:25,334 - DEBUG: a
2016-09-27 13:49:25,334 - DEBUG: s
2016-09-27 13:49:25,334 - DEBUG: t
2016-09-27 13:49:25,334 - DEBUG: _
2016-09-27 13:49:25,334 - DEBUG: n
2016-09-27 13:49:25,334 - DEBUG: a
2016-09-27 13:49:25,334 - DEBUG: m
2016-09-27 13:49:25,334 - DEBUG: e
2016-09-27 13:49:25,334 - DEBUG: '
2016-09-27 13:49:25,334 - DEBUG: :
2016-09-27 13:49:25,334 - DEBUG:  
2016-09-27 13:49:25,335 - DEBUG: N
2016-09-27 13:49:25,335 - DEBUG: o
2016-09-27 13:49:25,335 - DEBUG: n
2016-09-27 13:49:25,335 - DEBUG: e
2016-09-27 13:49:25,335 - DEBUG: ,
2016-09-27 13:49:25,335 - DEBUG: 

2016-09-27 13:49:25,335 - DEBUG: '
2016-09-27 13:49:25,335 - DEBUG: i
2016-09-27 13:49:25,335 - DEBUG: d
2016-09-27 13:49:25,335 - DEBUG: '
2016-09-27 13:49:25,335 - DEBUG: :
2016-09-27 13:49:25,335 - DEBUG:  
2016-09-27 13:49:25,335 - DEBUG: 7
2016-09-27 13:49:25,336 - DEBUG: 8
2016-09-27 13:49:25,336 - DEBUG: 1
2016-09-27 13:49:25,336 - DEBUG: 9
2016-09-27 13:49:25,336 - DEBUG: 3
2016-09-27 13:49:25,336 - DEBUG: 6
2016-09-27 13:49:25,336 - DEBUG: 0
2016-09-27 13:49:25,336 - DEBUG: 1
2016-09-27 13:49:25,336 - DEBUG: ,
2016-09-27 13:49:25,336 - DEBUG: 

2016-09-27 13:49:25,336 - DEBUG: '
2016-09-27 13:49:25,336 - DEBUG: u
2016-09-27 13:49:25,336 - DEBUG: s
2016-09-27 13:49:25,336 - DEBUG: e
2016-09-27 13:49:25,336 - DEBUG: r
2016-09-27 13:49:25,337 - DEBUG: n
2016-09-27 13:49:25,337 - DEBUG: a
2016-09-27 13:49:25,337 - DEBUG: m
2016-09-27 13:49:25,337 - DEBUG: e
2016-09-27 13:49:25,337 - DEBUG: '
2016-09-27 13:49:25,337 - DEBUG: :
2016-09-27 13:49:25,337 - DEBUG:  
2016-09-27 13:49:25,337 - DEBUG: '
2016-09-27 13:49:25,337 - DEBUG: C
2016-09-27 13:49:25,337 - DEBUG: u
2016-09-27 13:49:25,337 - DEBUG: r
2016-09-27 13:49:25,337 - DEBUG: a
2016-09-27 13:49:25,337 - DEBUG: t
2016-09-27 13:49:25,337 - DEBUG: '
2016-09-27 13:49:25,338 - DEBUG: ,
2016-09-27 13:49:25,338 - DEBUG: 

2016-09-27 13:49:25,338 - DEBUG: '
2016-09-27 13:49:25,338 - DEBUG: f
2016-09-27 13:49:25,338 - DEBUG: i
2016-09-27 13:49:25,338 - DEBUG: r
2016-09-27 13:49:25,338 - DEBUG: s
2016-09-27 13:49:25,338 - DEBUG: t
2016-09-27 13:49:25,338 - DEBUG: _
2016-09-27 13:49:25,338 - DEBUG: n
2016-09-27 13:49:25,338 - DEBUG: a
2016-09-27 13:49:25,339 - DEBUG: m
2016-09-27 13:49:25,339 - DEBUG: e
2016-09-27 13:49:25,339 - DEBUG: '
2016-09-27 13:49:25,339 - DEBUG: :
2016-09-27 13:49:25,339 - DEBUG:  
2016-09-27 13:49:25,339 - DEBUG: '
2016-09-27 13:49:25,339 - DEBUG: C
2016-09-27 13:49:25,339 - DEBUG: u
2016-09-27 13:49:25,339 - DEBUG: r
2016-09-27 13:49:25,339 - DEBUG: a
2016-09-27 13:49:25,339 - DEBUG: t
2016-09-27 13:49:25,339 - DEBUG: '
2016-09-27 13:49:25,340 - DEBUG: }
2016-09-27 13:49:25,340 - DEBUG: ,
2016-09-27 13:49:25,340 - DEBUG: 

2016-09-27 13:49:25,340 - DEBUG: 

2016-09-27 13:49:25,340 - DEBUG: '
2016-09-27 13:49:25,340 - DEBUG: p
2016-09-27 13:49:25,340 - DEBUG: i
2016-09-27 13:49:25,340 - DEBUG: n
2016-09-27 13:49:25,340 - DEBUG: n
2016-09-27 13:49:25,340 - DEBUG: e
2016-09-27 13:49:25,340 - DEBUG: d
2016-09-27 13:49:25,340 - DEBUG: _
2016-09-27 13:49:25,340 - DEBUG: m
2016-09-27 13:49:25,341 - DEBUG: e
2016-09-27 13:49:25,341 - DEBUG: s
2016-09-27 13:49:25,341 - DEBUG: s
2016-09-27 13:49:25,341 - DEBUG: a
2016-09-27 13:49:25,341 - DEBUG: g
2016-09-27 13:49:25,341 - DEBUG: e
2016-09-27 13:49:25,341 - DEBUG: '
2016-09-27 13:49:25,341 - DEBUG: :
2016-09-27 13:49:25,341 - DEBUG:  
2016-09-27 13:49:25,341 - DEBUG: N
2016-09-27 13:49:25,341 - DEBUG: o
2016-09-27 13:49:25,341 - DEBUG: n
2016-09-27 13:49:25,341 - DEBUG: e
2016-09-27 13:49:25,342 - DEBUG: ,
2016-09-27 13:49:25,342 - DEBUG: 

2016-09-27 13:49:25,342 - DEBUG: '
2016-09-27 13:49:25,342 - DEBUG: c
2016-09-27 13:49:25,342 - DEBUG: h
2016-09-27 13:49:25,342 - DEBUG: a
2016-09-27 13:49:25,342 - DEBUG: t
2016-09-27 13:49:25,342 - DEBUG: '
2016-09-27 13:49:25,342 - DEBUG: :
2016-09-27 13:49:25,342 - DEBUG: 

2016-09-27 13:49:25,342 - DEBUG:  
2016-09-27 13:49:25,342 - DEBUG:  
2016-09-27 13:49:25,342 - DEBUG:  
2016-09-27 13:49:25,343 - DEBUG: {
2016-09-27 13:49:25,343 - DEBUG: '
2016-09-27 13:49:25,343 - DEBUG: l
2016-09-27 13:49:25,343 - DEBUG: a
2016-09-27 13:49:25,343 - DEBUG: s
2016-09-27 13:49:25,343 - DEBUG: t
2016-09-27 13:49:25,343 - DEBUG: _
2016-09-27 13:49:25,343 - DEBUG: n
2016-09-27 13:49:25,343 - DEBUG: a
2016-09-27 13:49:25,343 - DEBUG: m
2016-09-27 13:49:25,343 - DEBUG: e
2016-09-27 13:49:25,343 - DEBUG: '
2016-09-27 13:49:25,343 - DEBUG: :
2016-09-27 13:49:25,344 - DEBUG:  
2016-09-27 13:49:25,344 - DEBUG: N
2016-09-27 13:49:25,344 - DEBUG: o
2016-09-27 13:49:25,344 - DEBUG: n
2016-09-27 13:49:25,344 - DEBUG: e
2016-09-27 13:49:25,344 - DEBUG: ,
2016-09-27 13:49:25,344 - DEBUG: 

2016-09-27 13:49:25,344 - DEBUG: '
2016-09-27 13:49:25,344 - DEBUG: i
2016-09-27 13:49:25,344 - DEBUG: d
2016-09-27 13:49:25,344 - DEBUG: '
2016-09-27 13:49:25,344 - DEBUG: :
2016-09-27 13:49:25,344 - DEBUG:  
2016-09-27 13:49:25,344 - DEBUG: 7
2016-09-27 13:49:25,345 - DEBUG: 8
2016-09-27 13:49:25,345 - DEBUG: 1
2016-09-27 13:49:25,345 - DEBUG: 9
2016-09-27 13:49:25,345 - DEBUG: 3
2016-09-27 13:49:25,345 - DEBUG: 6
2016-09-27 13:49:25,345 - DEBUG: 0
2016-09-27 13:49:25,345 - DEBUG: 1
2016-09-27 13:49:25,345 - DEBUG: ,
2016-09-27 13:49:25,345 - DEBUG: 

2016-09-27 13:49:25,345 - DEBUG: '
2016-09-27 13:49:25,345 - DEBUG: u
2016-09-27 13:49:25,345 - DEBUG: s
2016-09-27 13:49:25,345 - DEBUG: e
2016-09-27 13:49:25,345 - DEBUG: r
2016-09-27 13:49:25,346 - DEBUG: n
2016-09-27 13:49:25,346 - DEBUG: a
2016-09-27 13:49:25,346 - DEBUG: m
2016-09-27 13:49:25,346 - DEBUG: e
2016-09-27 13:49:25,346 - DEBUG: '
2016-09-27 13:49:25,346 - DEBUG: :
2016-09-27 13:49:25,346 - DEBUG:  
2016-09-27 13:49:25,346 - DEBUG: '
2016-09-27 13:49:25,346 - DEBUG: C
2016-09-27 13:49:25,346 - DEBUG: u
2016-09-27 13:49:25,346 - DEBUG: r
2016-09-27 13:49:25,346 - DEBUG: a
2016-09-27 13:49:25,346 - DEBUG: t
2016-09-27 13:49:25,347 - DEBUG: '
2016-09-27 13:49:25,347 - DEBUG: ,
2016-09-27 13:49:25,347 - DEBUG: 

2016-09-27 13:49:25,347 - DEBUG: '
2016-09-27 13:49:25,347 - DEBUG: t
2016-09-27 13:49:25,347 - DEBUG: y
2016-09-27 13:49:25,347 - DEBUG: p
2016-09-27 13:49:25,347 - DEBUG: e
2016-09-27 13:49:25,347 - DEBUG: '
2016-09-27 13:49:25,347 - DEBUG: :
2016-09-27 13:49:25,347 - DEBUG:  
2016-09-27 13:49:25,347 - DEBUG: '
2016-09-27 13:49:25,347 - DEBUG: p
2016-09-27 13:49:25,347 - DEBUG: r
2016-09-27 13:49:25,348 - DEBUG: i
2016-09-27 13:49:25,348 - DEBUG: v
2016-09-27 13:49:25,348 - DEBUG: a
2016-09-27 13:49:25,348 - DEBUG: t
2016-09-27 13:49:25,348 - DEBUG: e
2016-09-27 13:49:25,348 - DEBUG: '
2016-09-27 13:49:25,348 - DEBUG: ,
2016-09-27 13:49:25,348 - DEBUG: 

2016-09-27 13:49:25,348 - DEBUG: '
2016-09-27 13:49:25,348 - DEBUG: f
2016-09-27 13:49:25,348 - DEBUG: i
2016-09-27 13:49:25,348 - DEBUG: r
2016-09-27 13:49:25,348 - DEBUG: s
2016-09-27 13:49:25,348 - DEBUG: t
2016-09-27 13:49:25,349 - DEBUG: _
2016-09-27 13:49:25,349 - DEBUG: n
2016-09-27 13:49:25,349 - DEBUG: a
2016-09-27 13:49:25,349 - DEBUG: m
2016-09-27 13:49:25,349 - DEBUG: e
2016-09-27 13:49:25,349 - DEBUG: '
2016-09-27 13:49:25,349 - DEBUG: :
2016-09-27 13:49:25,349 - DEBUG:  
2016-09-27 13:49:25,349 - DEBUG: '
2016-09-27 13:49:25,349 - DEBUG: C
2016-09-27 13:49:25,349 - DEBUG: u
2016-09-27 13:49:25,349 - DEBUG: r
2016-09-27 13:49:25,349 - DEBUG: a
2016-09-27 13:49:25,350 - DEBUG: t
2016-09-27 13:49:25,350 - DEBUG: '
2016-09-27 13:49:25,350 - DEBUG: ,
2016-09-27 13:49:25,350 - DEBUG: 

2016-09-27 13:49:25,350 - DEBUG: '
2016-09-27 13:49:25,350 - DEBUG: t
2016-09-27 13:49:25,350 - DEBUG: i
2016-09-27 13:49:25,350 - DEBUG: t
2016-09-27 13:49:25,350 - DEBUG: l
2016-09-27 13:49:25,350 - DEBUG: e
2016-09-27 13:49:25,350 - DEBUG: '
2016-09-27 13:49:25,350 - DEBUG: :
2016-09-27 13:49:25,350 - DEBUG:  
2016-09-27 13:49:25,351 - DEBUG: N
2016-09-27 13:49:25,351 - DEBUG: o
2016-09-27 13:49:25,351 - DEBUG: n
2016-09-27 13:49:25,351 - DEBUG: e
2016-09-27 13:49:25,351 - DEBUG: }
2016-09-27 13:49:25,351 - DEBUG: ,
2016-09-27 13:49:25,351 - DEBUG: 

2016-09-27 13:49:25,351 - DEBUG: 

2016-09-27 13:49:25,351 - DEBUG: '
2016-09-27 13:49:25,351 - DEBUG: f
2016-09-27 13:49:25,351 - DEBUG: o
2016-09-27 13:49:25,351 - DEBUG: r
2016-09-27 13:49:25,351 - DEBUG: w
2016-09-27 13:49:25,351 - DEBUG: a
2016-09-27 13:49:25,352 - DEBUG: r
2016-09-27 13:49:25,352 - DEBUG: d
2016-09-27 13:49:25,352 - DEBUG: _
2016-09-27 13:49:25,352 - DEBUG: f
2016-09-27 13:49:25,352 - DEBUG: r
2016-09-27 13:49:25,352 - DEBUG: o
2016-09-27 13:49:25,352 - DEBUG: m
2016-09-27 13:49:25,352 - DEBUG: _
2016-09-27 13:49:25,352 - DEBUG: c
2016-09-27 13:49:25,352 - DEBUG: h
2016-09-27 13:49:25,352 - DEBUG: a
2016-09-27 13:49:25,352 - DEBUG: t
2016-09-27 13:49:25,352 - DEBUG: '
2016-09-27 13:49:25,353 - DEBUG: :
2016-09-27 13:49:25,353 - DEBUG:  
2016-09-27 13:49:25,353 - DEBUG: N
2016-09-27 13:49:25,353 - DEBUG: o
2016-09-27 13:49:25,353 - DEBUG: n
2016-09-27 13:49:25,353 - DEBUG: e
2016-09-27 13:49:25,353 - DEBUG: ,
2016-09-27 13:49:25,353 - DEBUG: 

2016-09-27 13:49:25,353 - DEBUG: '
2016-09-27 13:49:25,353 - DEBUG: f
2016-09-27 13:49:25,353 - DEBUG: o
2016-09-27 13:49:25,353 - DEBUG: r
2016-09-27 13:49:25,353 - DEBUG: w
2016-09-27 13:49:25,353 - DEBUG: a
2016-09-27 13:49:25,354 - DEBUG: r
2016-09-27 13:49:25,354 - DEBUG: d
2016-09-27 13:49:25,354 - DEBUG: _
2016-09-27 13:49:25,354 - DEBUG: f
2016-09-27 13:49:25,354 - DEBUG: r
2016-09-27 13:49:25,354 - DEBUG: o
2016-09-27 13:49:25,354 - DEBUG: m
2016-09-27 13:49:25,354 - DEBUG: '
2016-09-27 13:49:25,354 - DEBUG: :
2016-09-27 13:49:25,354 - DEBUG:  
2016-09-27 13:49:25,354 - DEBUG: N
2016-09-27 13:49:25,354 - DEBUG: o
2016-09-27 13:49:25,355 - DEBUG: n
2016-09-27 13:49:25,355 - DEBUG: e
2016-09-27 13:49:25,355 - DEBUG: ,
2016-09-27 13:49:25,355 - DEBUG: 

2016-09-27 13:49:25,355 - DEBUG: '
2016-09-27 13:49:25,355 - DEBUG: a
2016-09-27 13:49:25,355 - DEBUG: u
2016-09-27 13:49:25,355 - DEBUG: d
2016-09-27 13:49:25,355 - DEBUG: i
2016-09-27 13:49:25,355 - DEBUG: o
2016-09-27 13:49:25,355 - DEBUG: '
2016-09-27 13:49:25,355 - DEBUG: :
2016-09-27 13:49:25,355 - DEBUG:  
2016-09-27 13:49:25,356 - DEBUG: N
2016-09-27 13:49:25,356 - DEBUG: o
2016-09-27 13:49:25,356 - DEBUG: n
2016-09-27 13:49:25,356 - DEBUG: e
2016-09-27 13:49:25,356 - DEBUG: ,
2016-09-27 13:49:25,356 - DEBUG: 

2016-09-27 13:49:25,356 - DEBUG: '
2016-09-27 13:49:25,356 - DEBUG: s
2016-09-27 13:49:25,356 - DEBUG: u
2016-09-27 13:49:25,356 - DEBUG: p
2016-09-27 13:49:25,356 - DEBUG: e
2016-09-27 13:49:25,356 - DEBUG: r
2016-09-27 13:49:25,357 - DEBUG: g
2016-09-27 13:49:25,357 - DEBUG: r
2016-09-27 13:49:25,357 - DEBUG: o
2016-09-27 13:49:25,357 - DEBUG: u
2016-09-27 13:49:25,357 - DEBUG: p
2016-09-27 13:49:25,357 - DEBUG: _
2016-09-27 13:49:25,357 - DEBUG: c
2016-09-27 13:49:25,357 - DEBUG: h
2016-09-27 13:49:25,357 - DEBUG: a
2016-09-27 13:49:25,357 - DEBUG: t
2016-09-27 13:49:25,357 - DEBUG: _
2016-09-27 13:49:25,357 - DEBUG: c
2016-09-27 13:49:25,358 - DEBUG: r
2016-09-27 13:49:25,358 - DEBUG: e
2016-09-27 13:49:25,358 - DEBUG: a
2016-09-27 13:49:25,358 - DEBUG: t
2016-09-27 13:49:25,358 - DEBUG: e
2016-09-27 13:49:25,358 - DEBUG: d
2016-09-27 13:49:25,358 - DEBUG: '
2016-09-27 13:49:25,358 - DEBUG: :
2016-09-27 13:49:25,358 - DEBUG:  
2016-09-27 13:49:25,358 - DEBUG: N
2016-09-27 13:49:25,358 - DEBUG: o
2016-09-27 13:49:25,358 - DEBUG: n
2016-09-27 13:49:25,358 - DEBUG: e
2016-09-27 13:49:25,358 - DEBUG: ,
2016-09-27 13:49:25,359 - DEBUG: 

2016-09-27 13:49:25,359 - DEBUG: '
2016-09-27 13:49:25,359 - DEBUG: v
2016-09-27 13:49:25,359 - DEBUG: i
2016-09-27 13:49:25,359 - DEBUG: d
2016-09-27 13:49:25,359 - DEBUG: e
2016-09-27 13:49:25,359 - DEBUG: o
2016-09-27 13:49:25,359 - DEBUG: '
2016-09-27 13:49:25,359 - DEBUG: :
2016-09-27 13:49:25,359 - DEBUG:  
2016-09-27 13:49:25,359 - DEBUG: N
2016-09-27 13:49:25,359 - DEBUG: o
2016-09-27 13:49:25,359 - DEBUG: n
2016-09-27 13:49:25,359 - DEBUG: e
2016-09-27 13:49:25,360 - DEBUG: }
2016-09-27 13:49:30,593 - DEBUG: Отправлено сообщение "Отключаюсь."
2016-09-27 13:49:30,593 - INFO: Отключение бота
2016-09-27 13:54:00,900 - DEBUG: Отправлено сообщение "Я запустился!"
2016-09-27 13:54:00,901 - INFO: Запущен бот
2016-09-27 13:54:09,652 - INFO: Переотправлено сообщение типа "sticker"
2016-09-27 13:54:48,809 - DEBUG: Отправлено сообщение "Я запустился!"
2016-09-27 13:54:48,809 - INFO: Запущен бот
2016-09-27 13:55:00,626 - INFO: Переотправлено сообщение типа "sticker"
2016-09-27 13:57:35,860 - DEBUG: Отправлено сообщение "Я запустился!"
2016-09-27 13:57:35,860 - INFO: Запущен бот
2016-09-27 13:57:43,461 - INFO: Переотправлено сообщение типа "sticker"
2016-09-27 13:58:02,813 - DEBUG: Отправлено сообщение "Я запустился!"
2016-09-27 13:58:02,813 - INFO: Запущен бот
2016-09-27 13:58:10,406 - INFO: Переотправлено сообщение типа "sticker"
2016-09-27 13:59:01,014 - INFO: Переотправлено сообщение типа "photo"
2016-09-27 14:06:32,485 - INFO: Переотправлено сообщение типа "video"
2016-09-27 14:06:59,422 - INFO: Переотправлено сообщение типа "photo"
2016-09-27 14:07:59,232 - INFO: Переотправлено сообщение типа "audio"
2016-09-27 14:08:28,685 - INFO: Переотправлено сообщение типа "contact"
2016-09-27 14:08:41,958 - INFO: Переотправлено сообщение типа "document"
2016-09-27 14:09:53,836 - INFO: Переотправлено сообщение типа "location"
2016-09-27 14:11:02,470 - DEBUG: Отправлено сообщение "Отключаюсь."
2016-09-27 14:11:02,471 - INFO: Отключение бота
2016-09-27 14:13:11,337 - DEBUG: Отправлено сообщение "Я запустился!"
2016-09-27 14:13:11,338 - INFO: Запущен бот
2016-09-27 14:14:50,382 - DEBUG: Отправлено сообщение "Я запустился!"
2016-09-27 14:14:50,382 - INFO: Запущен бот
2016-09-27 14:15:06,148 - DEBUG: Отправлено сообщение "Я запустился!"
2016-09-27 14:15:06,148 - INFO: Запущен бот
2016-09-27 14:19:16,889 - DEBUG: Отправлено сообщение "Я запустился!"
2016-09-27 14:19:16,889 - INFO: Запущен бот
2016-09-27 14:27:01,499 - DEBUG: Отправлено сообщение "Я запустился!"
2016-09-27 14:27:01,499 - INFO: Запущен бот
2016-09-27 14:27:02,174 - INFO: Переотправлено сообщение типа "sticker"
2016-09-27 14:27:03,465 - INFO: Переотправлено сообщение ", reply_to_message = msg.message_id"
2016-09-27 14:27:45,959 - INFO: Переотправлено сообщение "11"
2016-09-27 14:28:10,267 - INFO: Переотправлено сообщение "1"
2016-09-27 14:28:19,253 - INFO: Переотправлено сообщение типа "sticker"
2016-09-27 14:29:05,427 - INFO: Переотправлено сообщение типа "document"
2016-09-27 14:30:47,523 - DEBUG: Отправлено сообщение "Отключаюсь."
2016-09-27 14:30:47,523 - INFO: Отключение бота
2016-09-27 14:34:21,054 - DEBUG: Отправлено сообщение "Я запустился!"
2016-09-27 14:34:21,054 - INFO: Запущен бот
2016-09-27 14:34:26,013 - INFO: Переотправлено сообщение типа "sticker"
2016-09-27 14:34:52,490 - INFO: Переотправлено сообщение типа "sticker"
2016-09-27 14:35:41,145 - DEBUG: Отправлено сообщение "Отключаюсь."
2016-09-27 14:35:41,145 - INFO: Отключение бота
2016-09-27 14:43:56,874 - DEBUG: Отправлено сообщение "Я запустился!"
2016-09-27 14:43:56,875 - INFO: Запущен бот
2016-09-27 14:44:26,817 - DEBUG: Отправлено сообщение "Отключаюсь."
2016-09-27 14:44:26,817 - INFO: Отключение бота
2016-09-27 14:47:37,014 - DEBUG: Отправлено сообщение "Я запустился!"
2016-09-27 14:47:37,014 - INFO: Запущен бот
2016-09-27 14:47:52,719 - INFO: Получена комманда test.
2016-09-27 14:47:53,110 - DEBUG: Отправлено сообщение "Ты чё ввёл команду "ТЕСТ"?? 78193601"
2016-09-27 14:47:59,984 - INFO: Переотправлено сообщение "/reqest"
2016-09-27 14:48:20,364 - INFO: Получена комманда check.
2016-09-27 14:48:20,712 - DEBUG: Отправлено сообщение "Нет подозрительных."
2016-09-27 14:48:23,577 - INFO: Получена комманда reset.
2016-09-27 14:49:03,325 - DEBUG: Отправлено сообщение "Отключаюсь."
2016-09-27 14:49:03,325 - INFO: Отключение бота
2016-10-03 09:07:07,980 - DEBUG: Отправлено сообщение "Я запустился!"
2016-10-03 09:07:07,980 - INFO: Запущен бот
2016-10-03 09:09:51,256 - INFO: Переотправлено сообщение типа "photo"
2016-10-03 09:10:38,246 - INFO: Переотправлено сообщение "/учше"
2016-10-03 09:10:41,678 - DEBUG: Отправлено сообщение "Отключаюсь."
2016-10-03 09:10:41,679 - INFO: Отключение бота
2016-10-03 09:11:53,638 - DEBUG: Отправлено сообщение "Я запустился!"
2016-10-03 09:11:53,639 - INFO: Запущен бот
2016-10-03 09:12:09,061 - DEBUG: Отправлено сообщение "Отключаюсь."
2016-10-03 09:12:09,062 - INFO: Отключение бота
2016-10-03 09:26:38,292 - DEBUG: Отправлено сообщение "Я запустился!"
2016-10-03 09:26:38,300 - INFO: Запущен бот
2016-10-03 09:27:28,886 - DEBUG: Отправлено сообщение "Отключаюсь."
2016-10-03 09:27:28,886 - INFO: Отключение бота
2016-10-03 09:28:37,212 - DEBUG: Отправлено сообщение "Я запустился!"
2016-10-03 09:28:37,213 - INFO: Запущен бот
2016-10-03 09:32:00,262 - DEBUG: Отправлено сообщение "Отключаюсь."
2016-10-03 09:32:00,262 - INFO: Отключение бота
2016-10-03 09:32:05,147 - DEBUG: Отправлено сообщение "Я запустился!"
2016-10-03 09:32:05,148 - INFO: Запущен бот
2016-10-03 09:33:24,659 - DEBUG: Отправлено сообщение "Отключаюсь."
2016-10-03 09:33:24,660 - INFO: Отключение бота
2016-10-03 09:38:55,895 - DEBUG: Отправлено сообщение "Я запустился!"
2016-10-03 09:38:55,895 - INFO: Запущен бот
2016-10-03 09:43:20,287 - DEBUG: Отправлено сообщение "Отключаюсь."
2016-10-03 09:43:20,288 - INFO: Отключение бота
2016-10-03 09:43:27,308 - DEBUG: Отправлено сообщение "Я запустился!"
2016-10-03 09:43:27,309 - INFO: Запущен бот
2016-10-03 09:43:48,399 - DEBUG: Отправлено сообщение "Я запустился!"
2016-10-03 09:43:48,399 - INFO: Запущен бот
2016-10-03 09:45:37,304 - DEBUG: Отправлено сообщение "Отключаюсь."
2016-10-03 09:45:37,304 - INFO: Отключение бота
2016-10-03 09:45:46,720 - DEBUG: Отправлено сообщение "Я запустился!"
2016-10-03 09:45:46,720 - INFO: Запущен бот
2016-10-03 09:46:10,728 - DEBUG: Отправлено сообщение "Отключаюсь."
2016-10-03 09:46:10,728 - INFO: Отключение бота
2016-10-03 09:48:40,308 - DEBUG: Отправлено сообщение "Я запустился!"
2016-10-03 09:48:40,308 - INFO: Запущен бот
2016-10-03 09:48:51,686 - INFO: Переотправлено сообщение "#129"
2016-10-03 09:49:08,630 - INFO: Переотправлено сообщение "#info"
2016-10-03 09:49:18,224 - INFO: Переотправлено сообщение "Ясно )"
2016-10-03 09:49:25,547 - DEBUG: Отправлено сообщение "Отключаюсь."
2016-10-03 09:49:25,548 - INFO: Отключение бота
2016-10-03 09:49:47,569 - DEBUG: Отправлено сообщение "Я запустился!"
2016-10-03 09:49:47,569 - INFO: Запущен бот
2016-10-03 09:49:59,189 - DEBUG: Отправлено сообщение "Отключаюсь."
2016-10-03 09:49:59,189 - INFO: Отключение бота
2016-10-03 09:50:14,296 - DEBUG: Отправлено сообщение "Я запустился!"
2016-10-03 09:50:14,296 - INFO: Запущен бот
2016-10-03 09:50:26,795 - INFO: Переотправлено сообщение "#Magikarp"
2016-10-03 09:50:52,188 - DEBUG: Отправлено сообщение "Отключаюсь."
2016-10-03 09:50:52,188 - INFO: Отключение бота
2016-10-04 11:09:15,835 - DEBUG: Отправлено сообщение "Я запустился!"
2016-10-04 11:09:15,835 - INFO: Запущен бот
2016-10-04 11:12:43,179 - INFO: Переотправлено сообщение "Хуелейло-бомболейло"
2016-10-04 11:13:42,505 - INFO: Переотправлено сообщение типа "photo"
2016-10-04 11:13:42,808 - INFO: Переотправлено сообщение типа "photo"
2016-10-04 11:13:43,148 - INFO: Переотправлено сообщение типа "photo"
2016-10-04 13:34:58,086 - INFO: Переотправлено сообщение "жив"
2016-10-12 08:20:18,624 - DEBUG: Отправлено сообщение "Я запустился!"
2016-10-12 08:20:18,639 - INFO: Запущен бот
2016-10-12 08:24:57,348 - INFO: Переотправлено сообщение типа "location"
2016-10-12 08:26:48,097 - INFO: Переотправлено сообщение "хаха"
2016-10-12 14:02:33,128 - INFO: Переотправлено сообщение типа "sticker"
2016-10-12 14:02:41,747 - INFO: Переотправлено сообщение типа "sticker"
2017-08-07 15:34:18,339 - DEBUG: Отправлено сообщение "Я запустился!"
2017-08-07 15:34:18,339 - INFO: Запущен бот
2017-08-07 15:34:40,637 - DEBUG: Отправлено сообщение "Я запустился!"
2017-08-07 15:34:40,637 - INFO: Запущен бот
