2017-07-12 09:22:39,348	INFO: [SQL] Категория редкости покемона: 20
2017-07-12 09:22:39,361	INFO: Выпавшее число: 6479; Выбранный покемон: 96 Drowzee
2017-07-12 09:22:39,362	INFO: Drowzee был в течение предыдущих 30 дней
2017-07-12 09:22:39,377	INFO: [SQL] Категория редкости покемона: 22
2017-07-12 09:22:39,378	INFO: Выпавшее число: 5750; Выбранный покемон: 16 Pidgey
2017-07-12 09:22:39,393	INFO: Выбранный покемон: Pidgey
2017-07-13 09:27:36,236	INFO: [SQL] Категория редкости покемона: 22
2017-07-13 09:27:36,244	INFO: Выпавшее число: 3259; Выбранный покемон: 16 Pidgey
2017-07-13 09:27:36,246	INFO: Pidgey был в течение предыдущих 30 дней
2017-07-13 09:27:36,247	INFO: [SQL] Категория редкости покемона: 22
2017-07-13 09:27:36,247	INFO: Выпавшее число: 4002; Выбранный покемон: 16 Pidgey
2017-07-13 09:27:36,248	INFO: Pidgey был в течение предыдущих 30 дней
2017-07-13 09:27:36,250	INFO: [SQL] Категория редкости покемона: 19
2017-07-13 09:27:36,250	INFO: Выпавшее число: 5902; Выбранный покемон: 167 Spinarak
2017-07-13 09:27:36,286	INFO: Выбранный покемон: Spinarak
2017-07-14 08:36:28,969	INFO: [SQL] Категория редкости покемона: 21
2017-07-14 08:36:29,000	INFO: Выпавшее число: 4557; Выбранный покемон: 21 Spearow
2017-07-14 08:36:29,016	INFO: Выбранный покемон: Spearow
2017-07-17 09:21:42,327	INFO: [SQL] Категория редкости покемона: 22
2017-07-17 09:21:42,357	INFO: Выпавшее число: 5587; Выбранный покемон: 19 Rattata
2017-07-17 09:21:42,372	INFO: Выбранный покемон: Rattata
2017-07-18 11:05:52,250	INFO: [SQL] Категория редкости покемона: 22
2017-07-18 11:05:52,287	INFO: Выпавшее число: 6540; Выбранный покемон: 16 Pidgey
2017-07-18 11:05:52,288	INFO: Pidgey был в течение предыдущих 30 дней
2017-07-18 11:05:52,289	INFO: [SQL] Категория редкости покемона: 22
2017-07-18 11:05:52,290	INFO: Выпавшее число: 3335; Выбранный покемон: 16 Pidgey
2017-07-18 11:05:52,291	INFO: Pidgey был в течение предыдущих 30 дней
2017-07-18 11:05:52,292	INFO: [SQL] Категория редкости покемона: 22
2017-07-18 11:05:52,292	INFO: Выпавшее число: 395; Выбранный покемон: 16 Pidgey
2017-07-18 11:05:52,294	INFO: Pidgey был в течение предыдущих 30 дней
2017-07-18 11:05:52,295	INFO: [SQL] Категория редкости покемона: 22
2017-07-18 11:05:52,295	INFO: Выпавшее число: 5788; Выбранный покемон: 19 Rattata
2017-07-18 11:05:52,296	INFO: Rattata был в течение предыдущих 30 дней
2017-07-18 11:05:52,297	INFO: [SQL] Категория редкости покемона: 21
2017-07-18 11:05:52,298	INFO: Выпавшее число: 265; Выбранный покемон: 161 Sentret
2017-07-18 11:05:52,314	INFO: Выбранный покемон: Sentret
2017-07-19 13:10:13,683	INFO: [SQL] Категория редкости покемона: 20
2017-07-19 13:10:13,718	INFO: Выпавшее число: 1703; Выбранный покемон: 198 Murkrow
2017-07-19 13:10:13,719	INFO: Murkrow был в течение предыдущих 30 дней
2017-07-19 13:10:13,720	INFO: [SQL] Категория редкости покемона: 20
2017-07-19 13:10:13,720	INFO: Выпавшее число: 7015; Выбранный покемон: 198 Murkrow
2017-07-19 13:10:13,721	INFO: Murkrow был в течение предыдущих 30 дней
2017-07-19 13:10:13,721	INFO: [SQL] Категория редкости покемона: 22
2017-07-19 13:10:13,722	INFO: Выпавшее число: 741; Выбранный покемон: 16 Pidgey
2017-07-19 13:10:13,722	INFO: Pidgey был в течение предыдущих 30 дней
2017-07-19 13:10:13,723	INFO: [SQL] Категория редкости покемона: 18
2017-07-19 13:10:13,723	INFO: Выпавшее число: 3690; Выбранный покемон: 43 Oddish
2017-07-19 13:10:13,807	INFO: Выбранный покемон: Oddish
2017-07-20 08:26:35,667	INFO: [SQL] Категория редкости покемона: 22
2017-07-20 08:26:35,667	INFO: Выпавшее число: 6142; Выбранный покемон: 16 Pidgey
2017-07-20 08:26:35,668	INFO: Pidgey был в течение предыдущих 30 дней
2017-07-20 08:26:35,669	INFO: [SQL] Категория редкости покемона: 20
2017-07-20 08:26:35,670	INFO: Выпавшее число: 6635; Выбранный покемон: 177 Natu
2017-07-20 08:26:35,678	INFO: Выбранный покемон: Natu
2017-07-21 09:24:40,112	INFO: [SQL] Категория редкости покемона: 22
2017-07-21 09:24:40,113	INFO: Выпавшее число: 201; Выбранный покемон: 19 Rattata
2017-07-21 09:24:40,114	INFO: Rattata был в течение предыдущих 30 дней
2017-07-21 09:24:40,114	INFO: [SQL] Категория редкости покемона: 22
2017-07-21 09:24:40,114	INFO: Выпавшее число: 1795; Выбранный покемон: 16 Pidgey
2017-07-21 09:24:40,115	INFO: Pidgey был в течение предыдущих 30 дней
2017-07-21 09:24:40,116	INFO: [SQL] Категория редкости покемона: 21
2017-07-21 09:24:40,116	INFO: Выпавшее число: 1668; Выбранный покемон: 161 Sentret
2017-07-21 09:24:40,117	INFO: Sentret был в течение предыдущих 30 дней
2017-07-21 09:24:40,118	INFO: [SQL] Категория редкости покемона: 18
2017-07-21 09:24:40,118	INFO: Выпавшее число: 3137; Выбранный покемон: 122 Mr.Mime
2017-07-21 09:24:40,207	INFO: Выбранный покемон: Mr.Mime
2017-07-24 09:40:21,359	INFO: [SQL] Категория редкости покемона: 22
2017-07-24 09:40:21,379	INFO: Выпавшее число: 6634; Выбранный покемон: 16 Pidgey
2017-07-24 09:40:21,380	INFO: Pidgey был в течение предыдущих 30 дней
2017-07-24 09:40:21,381	INFO: [SQL] Категория редкости покемона: 22
2017-07-24 09:40:21,381	INFO: Выпавшее число: 3365; Выбранный покемон: 16 Pidgey
2017-07-24 09:40:21,382	INFO: Pidgey был в течение предыдущих 30 дней
2017-07-24 09:40:21,383	INFO: [SQL] Категория редкости покемона: 22
2017-07-24 09:40:21,383	INFO: Выпавшее число: 6432; Выбранный покемон: 19 Rattata
2017-07-24 09:40:21,384	INFO: Rattata был в течение предыдущих 30 дней
2017-07-24 09:40:21,384	INFO: [SQL] Категория редкости покемона: 20
2017-07-24 09:40:21,385	INFO: Выпавшее число: 3256; Выбранный покемон: 92 Gastly
2017-07-24 09:40:21,391	INFO: Выбранный покемон: Gastly
2017-07-24 09:47:33,783	INFO: [SQL] Категория редкости покемона: 22
2017-07-24 09:47:33,783	INFO: Выпавшее число: 2099; Выбранный покемон: 16 Pidgey
2017-07-24 09:47:33,784	INFO: Pidgey был в течение предыдущих 30 дней
2017-07-24 09:47:33,784	INFO: [SQL] Категория редкости покемона: 20
2017-07-24 09:47:33,785	INFO: Выпавшее число: 3241; Выбранный покемон: 96 Drowzee
2017-07-24 09:47:33,785	INFO: Drowzee был в течение предыдущих 30 дней
2017-07-24 09:47:33,786	INFO: [SQL] Категория редкости покемона: 22
2017-07-24 09:47:33,786	INFO: Выпавшее число: 2491; Выбранный покемон: 16 Pidgey
2017-07-24 09:47:33,787	INFO: Pidgey был в течение предыдущих 30 дней
2017-07-24 09:47:33,788	INFO: [SQL] Категория редкости покемона: 22
2017-07-24 09:47:33,788	INFO: Выпавшее число: 3413; Выбранный покемон: 19 Rattata
2017-07-24 09:47:33,789	INFO: Rattata был в течение предыдущих 30 дней
2017-07-24 09:47:33,789	INFO: [SQL] Категория редкости покемона: 22
2017-07-24 09:47:33,789	INFO: Выпавшее число: 5446; Выбранный покемон: 19 Rattata
2017-07-24 09:47:33,790	INFO: Rattata был в течение предыдущих 30 дней
2017-07-24 09:47:33,791	INFO: [SQL] Категория редкости покемона: 22
2017-07-24 09:47:33,791	INFO: Выпавшее число: 941; Выбранный покемон: 16 Pidgey
2017-07-24 09:47:33,792	INFO: Pidgey был в течение предыдущих 30 дней
2017-07-24 09:47:33,792	INFO: [SQL] Категория редкости покемона: 22
2017-07-24 09:47:33,792	INFO: Выпавшее число: 3947; Выбранный покемон: 19 Rattata
2017-07-24 09:47:33,793	INFO: Rattata был в течение предыдущих 30 дней
2017-07-24 09:47:33,793	INFO: [SQL] Категория редкости покемона: 20
2017-07-24 09:47:33,794	INFO: Выпавшее число: 4264; Выбранный покемон: 198 Murkrow
2017-07-24 09:47:33,794	INFO: Murkrow был в течение предыдущих 30 дней
2017-07-24 09:47:33,795	INFO: [SQL] Категория редкости покемона: 22
2017-07-24 09:47:33,795	INFO: Выпавшее число: 3443; Выбранный покемон: 16 Pidgey
2017-07-24 09:47:33,796	INFO: Pidgey был в течение предыдущих 30 дней
2017-07-24 09:47:33,796	INFO: [SQL] Категория редкости покемона: 22
2017-07-24 09:47:33,797	INFO: Выпавшее число: 3597; Выбранный покемон: 19 Rattata
2017-07-24 09:47:33,797	INFO: Rattata был в течение предыдущих 30 дней
2017-07-24 09:47:33,798	INFO: [SQL] Категория редкости покемона: 17
2017-07-24 09:47:33,798	INFO: Выпавшее число: 2333; Выбранный покемон: 111 Rhyhorn
2017-07-24 09:47:33,805	INFO: Выбранный покемон: Rhyhorn
2017-07-25 14:27:36,136	INFO: [SQL] Категория редкости покемона: 20
2017-07-25 14:27:36,214	INFO: Выпавшее число: 6499; Выбранный покемон: 177 Natu
2017-07-25 14:27:36,215	INFO: Natu был в течение предыдущих 30 дней
2017-07-25 14:27:36,216	INFO: [SQL] Категория редкости покемона: 22
2017-07-25 14:27:36,216	INFO: Выпавшее число: 3141; Выбранный покемон: 16 Pidgey
2017-07-25 14:27:36,217	INFO: Pidgey был в течение предыдущих 30 дней
2017-07-25 14:27:36,217	INFO: [SQL] Категория редкости покемона: 20
2017-07-25 14:27:36,218	INFO: Выпавшее число: 3497; Выбранный покемон: 177 Natu
2017-07-25 14:27:36,218	INFO: Natu был в течение предыдущих 30 дней
2017-07-25 14:27:36,219	INFO: [SQL] Категория редкости покемона: 20
2017-07-25 14:27:36,219	INFO: Выпавшее число: 1744; Выбранный покемон: 96 Drowzee
2017-07-25 14:27:36,220	INFO: Drowzee был в течение предыдущих 30 дней
2017-07-25 14:27:36,220	INFO: [SQL] Категория редкости покемона: 22
2017-07-25 14:27:36,221	INFO: Выпавшее число: 3990; Выбранный покемон: 16 Pidgey
2017-07-25 14:27:36,221	INFO: Pidgey был в течение предыдущих 30 дней
2017-07-25 14:27:36,222	INFO: [SQL] Категория редкости покемона: 22
2017-07-25 14:27:36,222	INFO: Выпавшее число: 6368; Выбранный покемон: 19 Rattata
2017-07-25 14:27:36,223	INFO: Rattata был в течение предыдущих 30 дней
2017-07-25 14:27:36,223	INFO: [SQL] Категория редкости покемона: 22
2017-07-25 14:27:36,224	INFO: Выпавшее число: 3568; Выбранный покемон: 16 Pidgey
2017-07-25 14:27:36,224	INFO: Pidgey был в течение предыдущих 30 дней
2017-07-25 14:27:36,225	INFO: [SQL] Категория редкости покемона: 20
2017-07-25 14:27:36,225	INFO: Выпавшее число: 6555; Выбранный покемон: 98 Krabby
2017-07-25 14:27:36,226	INFO: Krabby был в течение предыдущих 30 дней
2017-07-25 14:27:36,226	INFO: [SQL] Категория редкости покемона: 22
2017-07-25 14:27:36,227	INFO: Выпавшее число: 6447; Выбранный покемон: 16 Pidgey
2017-07-25 14:27:36,227	INFO: Pidgey был в течение предыдущих 30 дней
2017-07-25 14:27:36,228	INFO: [SQL] Категория редкости покемона: 16
2017-07-25 14:27:36,228	INFO: Выпавшее число: 5456; Выбранный покемон: 14 Kakuna
2017-07-25 14:27:36,303	INFO: Выбранный покемон: Kakuna
2017-07-26 09:07:53,712	INFO: [SQL] Категория редкости покемона: 17
2017-07-26 09:07:53,729	INFO: Выпавшее число: 474; Выбранный покемон: 118 Goldeen
2017-07-26 09:07:53,782	INFO: Выбранный покемон: Goldeen
2017-07-27 16:46:10,860	INFO: [SQL] Категория редкости покемона: 22
2017-07-27 16:46:10,879	INFO: Выпавшее число: 1979; Выбранный покемон: 16 Pidgey
2017-07-27 16:46:10,880	INFO: Pidgey был в течение предыдущих 30 дней
2017-07-27 16:46:10,881	INFO: [SQL] Категория редкости покемона: 18
2017-07-27 16:46:10,882	INFO: Выпавшее число: 174; Выбранный покемон: 39 Jigglypuff
2017-07-27 16:46:10,883	INFO: Jigglypuff был в течение предыдущих 30 дней
2017-07-27 16:46:10,883	INFO: [SQL] Категория редкости покемона: 22
2017-07-27 16:46:10,884	INFO: Выпавшее число: 1832; Выбранный покемон: 16 Pidgey
2017-07-27 16:46:10,885	INFO: Pidgey был в течение предыдущих 30 дней
2017-07-27 16:46:10,886	INFO: [SQL] Категория редкости покемона: 20
2017-07-27 16:46:10,886	INFO: Выпавшее число: 5683; Выбранный покемон: 98 Krabby
2017-07-27 16:46:10,887	INFO: Krabby был в течение предыдущих 30 дней
2017-07-27 16:46:10,888	INFO: [SQL] Категория редкости покемона: 22
2017-07-27 16:46:10,888	INFO: Выпавшее число: 4207; Выбранный покемон: 16 Pidgey
2017-07-27 16:46:10,889	INFO: Pidgey был в течение предыдущих 30 дней
2017-07-27 16:46:10,889	INFO: [SQL] Категория редкости покемона: 22
2017-07-27 16:46:10,890	INFO: Выпавшее число: 1052; Выбранный покемон: 19 Rattata
2017-07-27 16:46:10,890	INFO: Rattata был в течение предыдущих 30 дней
2017-07-27 16:46:10,891	INFO: [SQL] Категория редкости покемона: 18
2017-07-27 16:46:10,891	INFO: Выпавшее число: 3145; Выбранный покемон: 43 Oddish
2017-07-27 16:46:10,892	INFO: Oddish был в течение предыдущих 30 дней
2017-07-27 16:46:10,893	INFO: [SQL] Категория редкости покемона: 22
2017-07-27 16:46:10,893	INFO: Выпавшее число: 5057; Выбранный покемон: 16 Pidgey
2017-07-27 16:46:10,894	INFO: Pidgey был в течение предыдущих 30 дней
2017-07-27 16:46:10,895	INFO: [SQL] Категория редкости покемона: 21
2017-07-27 16:46:10,896	INFO: Выпавшее число: 1326; Выбранный покемон: 21 Spearow
2017-07-27 16:46:10,896	INFO: Spearow был в течение предыдущих 30 дней
2017-07-27 16:46:10,897	INFO: [SQL] Категория редкости покемона: 18
2017-07-27 16:46:10,898	INFO: Выпавшее число: 2222; Выбранный покемон: 163 Hoothoot
2017-07-27 16:46:10,927	INFO: Покемон Hoothoot; до 2017-07-29
2017-07-28 10:59:28,975	INFO: [SQL] Категория редкости покемона: 22
2017-07-28 10:59:28,976	INFO: Выпавшее число: 2849; Выбранный покемон: 16 Pidgey
2017-07-28 10:59:28,978	INFO: Pidgey был в течение предыдущих 30 дней
2017-07-28 10:59:28,979	INFO: [SQL] Категория редкости покемона: 22
2017-07-28 10:59:28,979	INFO: Выпавшее число: 3998; Выбранный покемон: 16 Pidgey
2017-07-28 10:59:28,981	INFO: Pidgey был в течение предыдущих 30 дней
2017-07-28 10:59:28,982	INFO: [SQL] Категория редкости покемона: 19
2017-07-28 10:59:28,982	INFO: Выпавшее число: 1504; Выбранный покемон: 41 Zubat
2017-07-28 10:59:29,028	INFO: Покемон Zubat; до 2017-07-30
2017-07-31 09:28:07,711	INFO: [SQL] Категория редкости покемона: 22
2017-07-31 09:28:07,714	INFO: Выпавшее число: 4278; Выбранный покемон: 16 Pidgey
2017-07-31 09:28:07,715	INFO: Pidgey был в течение предыдущих 30 дней
2017-07-31 09:28:07,716	INFO: [SQL] Категория редкости покемона: 22
2017-07-31 09:28:07,717	INFO: Выпавшее число: 5026; Выбранный покемон: 16 Pidgey
2017-07-31 09:28:07,718	INFO: Pidgey был в течение предыдущих 30 дней
2017-07-31 09:28:07,719	INFO: [SQL] Категория редкости покемона: 22
2017-07-31 09:28:07,719	INFO: Выпавшее число: 3796; Выбранный покемон: 19 Rattata
2017-07-31 09:28:07,721	INFO: Rattata был в течение предыдущих 30 дней
2017-07-31 09:28:07,722	INFO: [SQL] Категория редкости покемона: 22
2017-07-31 09:28:07,722	INFO: Выпавшее число: 6199; Выбранный покемон: 16 Pidgey
2017-07-31 09:28:07,724	INFO: Pidgey был в течение предыдущих 30 дней
2017-07-31 09:28:07,725	INFO: [SQL] Категория редкости покемона: 22
2017-07-31 09:28:07,726	INFO: Выпавшее число: 1635; Выбранный покемон: 19 Rattata
2017-07-31 09:28:07,727	INFO: Rattata был в течение предыдущих 30 дней
2017-07-31 09:28:07,728	INFO: [SQL] Категория редкости покемона: 16
2017-07-31 09:28:07,729	INFO: Выпавшее число: 3066; Выбранный покемон: 155 Cyndaquil
2017-07-31 09:28:07,744	INFO: Покемон Cyndaquil; до 2017-08-05
2017-08-03 08:35:00,193	INFO: [SQL] Категория редкости покемона: 21
2017-08-03 08:35:00,208	INFO: Выпавшее число: 5337; Выбранный покемон: 13 Weedle
2017-08-03 08:35:00,208	INFO: Weedle был в течение предыдущих 30 дней
2017-08-03 08:35:00,208	INFO: [SQL] Категория редкости покемона: 19
2017-08-03 08:35:00,208	INFO: Выпавшее число: 792; Выбранный покемон: 17 Pidgeotto
2017-08-03 08:35:00,474	INFO: Покемон Pidgeotto; до 2017-08-06
2017-08-07 15:11:51,288	INFO: [SQL] Категория редкости покемона: 22
2017-08-07 15:11:51,297	INFO: Выпавшее число: 7010; Выбранный покемон: 16 Pidgey
2017-08-07 15:11:51,298	INFO: Pidgey был в течение предыдущих 30 дней
2017-08-07 15:11:51,299	INFO: [SQL] Категория редкости покемона: 21
2017-08-07 15:11:51,300	INFO: Выпавшее число: 3105; Выбранный покемон: 161 Sentret
2017-08-07 15:11:51,301	INFO: Sentret был в течение предыдущих 30 дней
2017-08-07 15:11:51,302	INFO: [SQL] Категория редкости покемона: 20
2017-08-07 15:11:51,303	INFO: Выпавшее число: 5558; Выбранный покемон: 129 Magikarp
2017-08-07 15:11:51,435	INFO: Покемон Magikarp; до 2017-08-09
2017-08-10 14:44:58,889	INFO: [SQL] Категория редкости покемона: 22
2017-08-10 14:44:58,899	INFO: Выпавшее число: 5898; Выбранный покемон: 19 Rattata
2017-08-10 14:44:58,901	INFO: Rattata был в течение предыдущих 30 дней
2017-08-10 14:44:58,902	INFO: [SQL] Категория редкости покемона: 22
2017-08-10 14:44:58,903	INFO: Выпавшее число: 6956; Выбранный покемон: 16 Pidgey
2017-08-10 14:44:58,904	INFO: Pidgey был в течение предыдущих 30 дней
2017-08-10 14:44:58,905	INFO: [SQL] Категория редкости покемона: 21
2017-08-10 14:44:58,906	INFO: Выпавшее число: 1688; Выбранный покемон: 13 Weedle
2017-08-10 14:44:58,907	INFO: Weedle был в течение предыдущих 30 дней
2017-08-10 14:44:58,908	INFO: [SQL] Категория редкости покемона: 22
2017-08-10 14:44:58,909	INFO: Выпавшее число: 1171; Выбранный покемон: 16 Pidgey
2017-08-10 14:44:58,910	INFO: Pidgey был в течение предыдущих 30 дней
2017-08-10 14:44:58,911	INFO: [SQL] Категория редкости покемона: 22
2017-08-10 14:44:58,911	INFO: Выпавшее число: 5008; Выбранный покемон: 16 Pidgey
2017-08-10 14:44:58,913	INFO: Pidgey был в течение предыдущих 30 дней
2017-08-10 14:44:58,914	INFO: [SQL] Категория редкости покемона: 17
2017-08-10 14:44:58,914	INFO: Выпавшее число: 985; Выбранный покемон: 118 Goldeen
2017-08-10 14:44:58,915	INFO: Goldeen был в течение предыдущих 30 дней
2017-08-10 14:44:58,916	INFO: [SQL] Категория редкости покемона: 22
2017-08-10 14:44:58,917	INFO: Выпавшее число: 1739; Выбранный покемон: 16 Pidgey
2017-08-10 14:44:58,918	INFO: Pidgey был в течение предыдущих 30 дней
2017-08-10 14:44:58,919	INFO: [SQL] Категория редкости покемона: 22
2017-08-10 14:44:58,920	INFO: Выпавшее число: 893; Выбранный покемон: 19 Rattata
2017-08-10 14:44:58,922	INFO: Rattata был в течение предыдущих 30 дней
2017-08-10 14:44:58,923	INFO: [SQL] Категория редкости покемона: 18
2017-08-10 14:44:58,924	INFO: Выпавшее число: 1476; Выбранный покемон: 122 Mr.Mime
2017-08-10 14:44:58,927	INFO: Mr.Mime был в течение предыдущих 30 дней
2017-08-10 14:44:58,928	INFO: [SQL] Категория редкости покемона: 20
2017-08-10 14:44:58,929	INFO: Выпавшее число: 3186; Выбранный покемон: 129 Magikarp
2017-08-10 14:44:58,931	INFO: Magikarp был в течение предыдущих 30 дней
2017-08-10 14:44:58,932	INFO: [SQL] Категория редкости покемона: 22
2017-08-10 14:44:58,932	INFO: Выпавшее число: 6219; Выбранный покемон: 16 Pidgey
2017-08-10 14:44:58,934	INFO: Pidgey был в течение предыдущих 30 дней
2017-08-10 14:44:58,935	INFO: [SQL] Категория редкости покемона: 20
2017-08-10 14:44:58,936	INFO: Выпавшее число: 3895; Выбранный покемон: 198 Murkrow
2017-08-10 14:44:58,968	INFO: Покемон Murkrow; до 2017-08-12
2017-08-14 08:34:47,678	INFO: [SQL] Категория редкости покемона: 20
2017-08-14 08:34:47,679	INFO: Выпавшее число: 1503; Выбранный покемон: 98 Krabby
2017-08-14 08:34:47,759	INFO: Покемон Krabby; до 2017-08-16
2017-08-16 14:53:10,018	INFO: [SQL] Категория редкости покемона: 21
2017-08-16 14:53:10,019	INFO: Выпавшее число: 3771; Выбранный покемон: 21 Spearow
2017-08-16 14:53:10,036	INFO: Покемон Spearow; до 2017-08-17
2017-08-22 08:18:36,336	INFO: [SQL] Категория редкости покемона: 22
2017-08-22 08:18:36,498	INFO: Выпавшее число: 5642; Выбранный покемон: 19 Rattata
2017-08-22 08:18:39,239	INFO: Покемон Rattata; до 2017-08-23
2017-08-28 09:38:11,409	INFO: [SQL] Категория редкости покемона: 22
2017-08-28 09:38:11,425	INFO: Выпавшее число: 961; Выбранный покемон: 19 Rattata
2017-08-28 09:38:11,426	INFO: Rattata был в течение предыдущих 30 дней
2017-08-28 09:38:11,427	INFO: [SQL] Категория редкости покемона: 22
2017-08-28 09:38:11,428	INFO: Выпавшее число: 5657; Выбранный покемон: 19 Rattata
2017-08-28 09:38:11,429	INFO: Rattata был в течение предыдущих 30 дней
2017-08-28 09:38:11,430	INFO: [SQL] Категория редкости покемона: 18
2017-08-28 09:38:11,431	INFO: Выпавшее число: 3036; Выбранный покемон: 74 Geodude
2017-08-28 09:38:11,490	INFO: Покемон Geodude; до 2017-08-31
2017-09-15 15:04:43,620	INFO: [SQL] Категория редкости покемона: 22
2017-09-15 15:04:43,632	INFO: Выпавшее число: 2210; Выбранный покемон: 19 Rattata
2017-09-15 15:04:43,635	INFO: Rattata был в течение предыдущих 30 дней
2017-09-15 15:04:43,636	INFO: [SQL] Категория редкости покемона: 22
2017-09-15 15:04:43,636	INFO: Выпавшее число: 1390; Выбранный покемон: 19 Rattata
2017-09-15 15:04:43,638	INFO: Rattata был в течение предыдущих 30 дней
2017-09-15 15:04:43,639	INFO: [SQL] Категория редкости покемона: 19
2017-09-15 15:04:43,640	INFO: Выпавшее число: 5164; Выбранный покемон: 17 Pidgeotto
2017-09-15 15:04:43,752	INFO: Покемон Pidgeotto; до 2017-09-18
