2017-07-26 10:10:42,266	INFO: [SQL] Категория редкости покемона: 12
2017-07-26 10:10:42,267	INFO: Выпавшее число: 187; Выбранный покемон: 209 Snubbull
2017-07-26 10:10:42,268	DEBUG: (209, 'Snubbull', 12, 9)
2017-07-26 10:24:00,117	INFO: [SQL] Категория редкости покемона: 22
2017-07-26 10:24:00,118	INFO: Выпавшее число: 6581; Выбранный покемон: 19 Rattata
2017-07-26 10:24:00,119	INFO: Rattata был в течение предыдущих 30 дней
2017-07-26 10:24:00,121	INFO: [SQL] Категория редкости покемона: 22
2017-07-26 10:24:00,122	INFO: Выпавшее число: 1697; Выбранный покемон: 16 Pidgey
2017-07-26 10:24:00,123	INFO: Pidgey был в течение предыдущих 30 дней
2017-07-26 10:24:00,124	INFO: [SQL] Категория редкости покемона: 22
2017-07-26 10:24:00,125	INFO: Выпавшее число: 2845; Выбранный покемон: 19 Rattata
2017-07-26 10:24:00,126	INFO: Rattata был в течение предыдущих 30 дней
2017-07-26 10:24:00,127	INFO: [SQL] Категория редкости покемона: 17
2017-07-26 10:24:00,128	INFO: Выпавшее число: 550; Выбранный покемон: 187 Hoppip
2017-07-26 10:24:00,129	DEBUG: 4
2017-07-26 10:24:36,995	INFO: [SQL] Категория редкости покемона: 21
2017-07-26 10:24:36,995	INFO: Выпавшее число: 6052; Выбранный покемон: 21 Spearow
2017-07-26 10:24:36,996	INFO: Spearow был в течение предыдущих 30 дней
2017-07-26 10:24:36,998	INFO: [SQL] Категория редкости покемона: 21
2017-07-26 10:24:36,998	INFO: Выпавшее число: 3375; Выбранный покемон: 13 Weedle
2017-07-26 10:24:36,999	INFO: Weedle был в течение предыдущих 30 дней
2017-07-26 10:24:36,999	INFO: [SQL] Категория редкости покемона: 22
2017-07-26 10:24:37,000	INFO: Выпавшее число: 4474; Выбранный покемон: 16 Pidgey
2017-07-26 10:24:37,001	INFO: Pidgey был в течение предыдущих 30 дней
2017-07-26 10:24:37,001	INFO: [SQL] Категория редкости покемона: 22
2017-07-26 10:24:37,002	INFO: Выпавшее число: 6961; Выбранный покемон: 16 Pidgey
2017-07-26 10:24:37,002	INFO: Pidgey был в течение предыдущих 30 дней
2017-07-26 10:24:37,003	INFO: [SQL] Категория редкости покемона: 22
2017-07-26 10:24:37,003	INFO: Выпавшее число: 6685; Выбранный покемон: 16 Pidgey
2017-07-26 10:24:37,004	INFO: Pidgey был в течение предыдущих 30 дней
2017-07-26 10:24:37,005	INFO: [SQL] Категория редкости покемона: 22
2017-07-26 10:24:37,005	INFO: Выпавшее число: 4907; Выбранный покемон: 16 Pidgey
2017-07-26 10:24:37,006	INFO: Pidgey был в течение предыдущих 30 дней
2017-07-26 10:24:37,007	INFO: [SQL] Категория редкости покемона: 20
2017-07-26 10:24:37,007	INFO: Выпавшее число: 5002; Выбранный покемон: 133 Eevee
2017-07-26 10:24:37,008	INFO: Eevee был в течение предыдущих 30 дней
2017-07-26 10:24:37,008	INFO: [SQL] Категория редкости покемона: 22
2017-07-26 10:24:37,009	INFO: Выпавшее число: 4518; Выбранный покемон: 19 Rattata
2017-07-26 10:24:37,009	INFO: Rattata был в течение предыдущих 30 дней
2017-07-26 10:24:37,010	INFO: [SQL] Категория редкости покемона: 22
2017-07-26 10:24:37,010	INFO: Выпавшее число: 4637; Выбранный покемон: 19 Rattata
2017-07-26 10:24:37,011	INFO: Rattata был в течение предыдущих 30 дней
2017-07-26 10:24:37,012	INFO: [SQL] Категория редкости покемона: 22
2017-07-26 10:24:37,012	INFO: Выпавшее число: 1182; Выбранный покемон: 19 Rattata
2017-07-26 10:24:37,013	INFO: Rattata был в течение предыдущих 30 дней
2017-07-26 10:24:37,013	INFO: [SQL] Категория редкости покемона: 19
2017-07-26 10:24:37,014	INFO: Выпавшее число: 5087; Выбранный покемон: 220 Swinub
2017-07-26 10:24:37,014	DEBUG: 2
2017-07-26 10:24:37,014	DEBUG: 2 days, 0:00:00
2017-07-26 10:24:53,836	INFO: [SQL] Категория редкости покемона: 22
2017-07-26 10:24:53,837	INFO: Выпавшее число: 7001; Выбранный покемон: 16 Pidgey
2017-07-26 10:24:53,838	INFO: Pidgey был в течение предыдущих 30 дней
2017-07-26 10:24:53,861	INFO: [SQL] Категория редкости покемона: 19
2017-07-26 10:24:53,862	INFO: Выпавшее число: 1967; Выбранный покемон: 220 Swinub
2017-07-26 10:24:53,863	DEBUG: 2
2017-07-26 10:24:53,864	DEBUG: 2 days, 0:00:00
2017-07-26 10:25:31,507	INFO: [SQL] Категория редкости покемона: 22
2017-07-26 10:25:31,508	INFO: Выпавшее число: 1328; Выбранный покемон: 16 Pidgey
2017-07-26 10:25:31,509	INFO: Pidgey был в течение предыдущих 30 дней
2017-07-26 10:25:31,510	INFO: [SQL] Категория редкости покемона: 22
2017-07-26 10:25:31,511	INFO: Выпавшее число: 1750; Выбранный покемон: 19 Rattata
2017-07-26 10:25:31,512	INFO: Rattata был в течение предыдущих 30 дней
2017-07-26 10:25:31,513	INFO: [SQL] Категория редкости покемона: 22
2017-07-26 10:25:31,514	INFO: Выпавшее число: 3184; Выбранный покемон: 16 Pidgey
2017-07-26 10:25:31,515	INFO: Pidgey был в течение предыдущих 30 дней
2017-07-26 10:25:31,516	INFO: [SQL] Категория редкости покемона: 22
2017-07-26 10:25:31,517	INFO: Выпавшее число: 6897; Выбранный покемон: 19 Rattata
2017-07-26 10:25:31,518	INFO: Rattata был в течение предыдущих 30 дней
2017-07-26 10:25:31,530	INFO: [SQL] Категория редкости покемона: 21
2017-07-26 10:25:31,530	INFO: Выпавшее число: 5945; Выбранный покемон: 21 Spearow
2017-07-26 10:25:31,531	INFO: Spearow был в течение предыдущих 30 дней
2017-07-26 10:25:31,531	INFO: [SQL] Категория редкости покемона: 22
2017-07-26 10:25:31,532	INFO: Выпавшее число: 6533; Выбранный покемон: 16 Pidgey
2017-07-26 10:25:31,533	INFO: Pidgey был в течение предыдущих 30 дней
2017-07-26 10:25:31,534	INFO: [SQL] Категория редкости покемона: 17
2017-07-26 10:25:31,534	INFO: Выпавшее число: 2334; Выбранный покемон: 218 Slugma
2017-07-26 10:25:31,535	DEBUG: 4
2017-07-26 10:25:31,535	DEBUG: 2017-07-30 10:25:31
2017-07-26 10:26:54,204	INFO: [SQL] Категория редкости покемона: 8
2017-07-26 10:26:54,205	INFO: Выпавшее число: 3188; Выбранный покемон: 33 Nidorino
2017-07-26 10:26:54,206	DEBUG: 12
2017-07-26 10:26:54,207	DEBUG: 2017-08-07
2017-07-26 10:27:22,680	INFO: [SQL] Категория редкости покемона: 22
2017-07-26 10:27:22,681	INFO: Выпавшее число: 4258; Выбранный покемон: 16 Pidgey
2017-07-26 10:27:22,682	INFO: Pidgey был в течение предыдущих 30 дней
2017-07-26 10:27:22,684	INFO: [SQL] Категория редкости покемона: 18
2017-07-26 10:27:22,685	INFO: Выпавшее число: 5550; Выбранный покемон: 10 Caterpie
2017-07-26 10:27:22,686	DEBUG: 3
2017-07-26 10:27:22,686	DEBUG: 2017-07-29
2017-07-26 10:27:36,075	INFO: [SQL] Категория редкости покемона: 22
2017-07-26 10:27:36,076	INFO: Выпавшее число: 3728; Выбранный покемон: 16 Pidgey
2017-07-26 10:27:36,077	INFO: Pidgey был в течение предыдущих 30 дней
2017-07-26 10:27:36,082	INFO: [SQL] Категория редкости покемона: 22
2017-07-26 10:27:36,083	INFO: Выпавшее число: 1006; Выбранный покемон: 16 Pidgey
2017-07-26 10:27:36,085	INFO: Pidgey был в течение предыдущих 30 дней
2017-07-26 10:27:36,086	INFO: [SQL] Категория редкости покемона: 22
2017-07-26 10:27:36,087	INFO: Выпавшее число: 4230; Выбранный покемон: 19 Rattata
2017-07-26 10:27:36,089	INFO: Rattata был в течение предыдущих 30 дней
2017-07-26 10:27:36,090	INFO: [SQL] Категория редкости покемона: 22
2017-07-26 10:27:36,091	INFO: Выпавшее число: 1397; Выбранный покемон: 16 Pidgey
2017-07-26 10:27:36,092	INFO: Pidgey был в течение предыдущих 30 дней
2017-07-26 10:27:36,093	INFO: [SQL] Категория редкости покемона: 22
2017-07-26 10:27:36,094	INFO: Выпавшее число: 6497; Выбранный покемон: 19 Rattata
2017-07-26 10:27:36,095	INFO: Rattata был в течение предыдущих 30 дней
2017-07-26 10:27:36,097	INFO: [SQL] Категория редкости покемона: 22
2017-07-26 10:27:36,097	INFO: Выпавшее число: 5394; Выбранный покемон: 19 Rattata
2017-07-26 10:27:36,099	INFO: Rattata был в течение предыдущих 30 дней
2017-07-26 10:27:36,100	INFO: [SQL] Категория редкости покемона: 20
2017-07-26 10:27:36,101	INFO: Выпавшее число: 6303; Выбранный покемон: 92 Gastly
2017-07-26 10:27:36,102	INFO: Gastly был в течение предыдущих 30 дней
2017-07-26 10:27:36,103	INFO: [SQL] Категория редкости покемона: 22
2017-07-26 10:27:36,104	INFO: Выпавшее число: 5412; Выбранный покемон: 16 Pidgey
2017-07-26 10:27:36,105	INFO: Pidgey был в течение предыдущих 30 дней
2017-07-26 10:27:36,106	INFO: [SQL] Категория редкости покемона: 22
2017-07-26 10:27:36,107	INFO: Выпавшее число: 7019; Выбранный покемон: 16 Pidgey
2017-07-26 10:27:36,108	INFO: Pidgey был в течение предыдущих 30 дней
2017-07-26 10:27:36,109	INFO: [SQL] Категория редкости покемона: 22
2017-07-26 10:27:36,110	INFO: Выпавшее число: 6281; Выбранный покемон: 19 Rattata
2017-07-26 10:27:36,111	INFO: Rattata был в течение предыдущих 30 дней
2017-07-26 10:27:36,112	INFO: [SQL] Категория редкости покемона: 9
2017-07-26 10:27:36,113	INFO: Выпавшее число: 1926; Выбранный покемон: 8 Wartortle
2017-07-26 10:27:36,114	DEBUG: 10
2017-07-26 10:27:36,115	DEBUG: 2017-08-05
2017-07-26 10:27:36,149	INFO: Выбранный покемон: Wartortle
2017-07-26 10:28:56,604	INFO: [SQL] Категория редкости покемона: 22
2017-07-26 10:28:56,605	INFO: Выпавшее число: 4545; Выбранный покемон: 19 Rattata
2017-07-26 10:28:56,606	INFO: Rattata был в течение предыдущих 30 дней
2017-07-26 10:28:56,607	INFO: [SQL] Категория редкости покемона: 22
2017-07-26 10:28:56,608	INFO: Выпавшее число: 4256; Выбранный покемон: 16 Pidgey
2017-07-26 10:28:56,610	INFO: Pidgey был в течение предыдущих 30 дней
2017-07-26 10:28:56,611	INFO: [SQL] Категория редкости покемона: 17
2017-07-26 10:28:56,611	INFO: Выпавшее число: 4197; Выбранный покемон: 218 Slugma
2017-07-26 10:28:56,613	DEBUG: 4
2017-07-26 10:28:56,613	DEBUG: 2017-07-30
2017-07-26 10:28:56,631	INFO: До 2017-07-30 ищем покемона: Slugma
2017-07-26 10:30:30,277	INFO: [SQL] Категория редкости покемона: 22
2017-07-26 10:30:30,277	INFO: Выпавшее число: 6827; Выбранный покемон: 19 Rattata
2017-07-26 10:30:30,278	INFO: Rattata был в течение предыдущих 30 дней
2017-07-26 10:30:30,279	INFO: [SQL] Категория редкости покемона: 22
2017-07-26 10:30:30,279	INFO: Выпавшее число: 4286; Выбранный покемон: 19 Rattata
2017-07-26 10:30:30,280	INFO: Rattata был в течение предыдущих 30 дней
2017-07-26 10:30:30,280	INFO: [SQL] Категория редкости покемона: 22
2017-07-26 10:30:30,280	INFO: Выпавшее число: 5736; Выбранный покемон: 16 Pidgey
2017-07-26 10:30:30,281	INFO: Pidgey был в течение предыдущих 30 дней
2017-07-26 10:30:30,282	INFO: [SQL] Категория редкости покемона: 21
2017-07-26 10:30:30,282	INFO: Выпавшее число: 5497; Выбранный покемон: 21 Spearow
2017-07-26 10:30:30,282	INFO: Spearow был в течение предыдущих 30 дней
2017-07-26 10:30:30,283	INFO: [SQL] Категория редкости покемона: 21
2017-07-26 10:30:30,283	INFO: Выпавшее число: 1077; Выбранный покемон: 21 Spearow
2017-07-26 10:30:30,284	INFO: Spearow был в течение предыдущих 30 дней
2017-07-26 10:30:30,284	INFO: [SQL] Категория редкости покемона: 19
2017-07-26 10:30:30,285	INFO: Выпавшее число: 6419; Выбранный покемон: 48 Venonat
2017-07-26 10:30:30,285	DEBUG: 2
2017-07-26 10:30:30,285	DEBUG: 2017-07-28
2017-07-26 10:30:30,349	INFO: Покемон Venonat; до 2017-07-28
2017-07-26 11:03:53,000	INFO: [SQL] Категория редкости покемона: 20
2017-07-26 11:03:53,018	INFO: Выпавшее число: 6912; Выбранный покемон: 129 Magikarp
2017-07-26 11:03:53,020	DEBUG: 2
2017-07-26 11:03:53,020	DEBUG: 2017-07-28
2017-07-26 11:03:53,131	INFO: Покемон Magikarp; до 2017-07-28
