2017-12-29 08:45:32,017	DEBUG: debug message
2017-12-29 08:45:32,017	INFO: info message
2017-12-29 08:45:32,017	WARNING: warn message
2017-12-29 08:45:32,017	ERROR: error message
2017-12-29 08:45:32,017	CRITICAL: critical message
2017-12-29 08:45:32,080	INFO: https://bulbapedia.bulbagarden.net/wiki/Bulbasaur_(Pok%C3%A9mon)
2017-12-29 08:45:45,538	INFO: https://bulbapedia.bulbagarden.net/wiki/Ivysaur_(Pok%C3%A9mon)
2017-12-29 08:45:46,560	INFO: https://bulbapedia.bulbagarden.net/wiki/Venusaur_(Pok%C3%A9mon)
2017-12-29 08:45:47,699	INFO: https://bulbapedia.bulbagarden.net/wiki/Charmander_(Pok%C3%A9mon)
2017-12-29 08:45:48,758	INFO: https://bulbapedia.bulbagarden.net/wiki/Charmeleon_(Pok%C3%A9mon)
2017-12-29 08:45:49,748	INFO: https://bulbapedia.bulbagarden.net/wiki/Charizard_(Pok%C3%A9mon)
2017-12-29 08:45:50,972	INFO: https://bulbapedia.bulbagarden.net/wiki/Squirtle_(Pok%C3%A9mon)
2017-12-29 08:45:52,046	INFO: https://bulbapedia.bulbagarden.net/wiki/Wartortle_(Pok%C3%A9mon)
2017-12-29 08:45:53,024	INFO: https://bulbapedia.bulbagarden.net/wiki/Blastoise_(Pok%C3%A9mon)
2017-12-29 08:45:53,933	INFO: https://bulbapedia.bulbagarden.net/wiki/Caterpie_(Pok%C3%A9mon)
2017-12-29 08:45:54,631	INFO: https://bulbapedia.bulbagarden.net/wiki/Metapod_(Pok%C3%A9mon)
2017-12-29 08:45:55,574	INFO: https://bulbapedia.bulbagarden.net/wiki/Butterfree_(Pok%C3%A9mon)
2017-12-29 08:45:56,605	INFO: https://bulbapedia.bulbagarden.net/wiki/Weedle_(Pok%C3%A9mon)
2017-12-29 08:45:57,304	INFO: https://bulbapedia.bulbagarden.net/wiki/Kakuna_(Pok%C3%A9mon)
2017-12-29 08:45:58,202	INFO: https://bulbapedia.bulbagarden.net/wiki/Beedrill_(Pok%C3%A9mon)
2017-12-29 08:45:59,265	INFO: https://bulbapedia.bulbagarden.net/wiki/Pidgey_(Pok%C3%A9mon)
2017-12-29 08:46:00,251	INFO: https://bulbapedia.bulbagarden.net/wiki/Pidgeotto_(Pok%C3%A9mon)
2017-12-29 08:46:01,263	INFO: https://bulbapedia.bulbagarden.net/wiki/Pidgeot_(Pok%C3%A9mon)
2017-12-29 08:46:02,064	INFO: https://bulbapedia.bulbagarden.net/wiki/Rattata_(Pok%C3%A9mon)
2017-12-29 08:46:03,150	INFO: https://bulbapedia.bulbagarden.net/wiki/Raticate_(Pok%C3%A9mon)
2017-12-29 08:46:04,252	INFO: https://bulbapedia.bulbagarden.net/wiki/Spearow_(Pok%C3%A9mon)
2017-12-29 08:46:05,135	INFO: https://bulbapedia.bulbagarden.net/wiki/Fearow_(Pok%C3%A9mon)
2017-12-29 08:46:05,967	INFO: https://bulbapedia.bulbagarden.net/wiki/Ekans_(Pok%C3%A9mon)
2017-12-29 08:46:06,800	INFO: https://bulbapedia.bulbagarden.net/wiki/Arbok_(Pok%C3%A9mon)
2017-12-29 08:46:07,782	INFO: https://bulbapedia.bulbagarden.net/wiki/Pikachu_(Pok%C3%A9mon)
2017-12-29 08:46:09,128	INFO: https://bulbapedia.bulbagarden.net/wiki/Raichu_(Pok%C3%A9mon)
2017-12-29 08:46:10,272	INFO: https://bulbapedia.bulbagarden.net/wiki/Sandshrew_(Pok%C3%A9mon)
2017-12-29 08:46:11,648	INFO: https://bulbapedia.bulbagarden.net/wiki/Sandslash_(Pok%C3%A9mon)
2017-12-29 08:46:12,834	INFO: https://bulbapedia.bulbagarden.net/wiki/Nidoran%E2%99%80_(Pok%C3%A9mon)
2017-12-29 08:46:13,626	INFO: https://bulbapedia.bulbagarden.net/wiki/Nidorina_(Pok%C3%A9mon)
2017-12-29 08:46:14,470	INFO: https://bulbapedia.bulbagarden.net/wiki/Nidoqueen_(Pok%C3%A9mon)
2017-12-29 08:46:15,493	INFO: https://bulbapedia.bulbagarden.net/wiki/Nidoran%E2%99%82_(Pok%C3%A9mon)
2017-12-29 08:46:16,508	INFO: https://bulbapedia.bulbagarden.net/wiki/Nidorino_(Pok%C3%A9mon)
2017-12-29 08:46:17,287	INFO: https://bulbapedia.bulbagarden.net/wiki/Nidoking_(Pok%C3%A9mon)
2017-12-29 08:46:18,144	INFO: https://bulbapedia.bulbagarden.net/wiki/Clefairy_(Pok%C3%A9mon)
2017-12-29 08:46:19,453	INFO: https://bulbapedia.bulbagarden.net/wiki/Clefable_(Pok%C3%A9mon)
2017-12-29 08:46:20,326	INFO: https://bulbapedia.bulbagarden.net/wiki/Vulpix_(Pok%C3%A9mon)
2017-12-29 08:46:21,440	INFO: https://bulbapedia.bulbagarden.net/wiki/Ninetales_(Pok%C3%A9mon)
2017-12-29 08:46:22,600	INFO: https://bulbapedia.bulbagarden.net/wiki/Jigglypuff_(Pok%C3%A9mon)
2017-12-29 08:46:23,495	INFO: https://bulbapedia.bulbagarden.net/wiki/Wigglytuff_(Pok%C3%A9mon)
2017-12-29 08:46:24,414	INFO: https://bulbapedia.bulbagarden.net/wiki/Zubat_(Pok%C3%A9mon)
2017-12-29 08:46:25,282	INFO: https://bulbapedia.bulbagarden.net/wiki/Golbat_(Pok%C3%A9mon)
2017-12-29 08:46:26,142	INFO: https://bulbapedia.bulbagarden.net/wiki/Oddish_(Pok%C3%A9mon)
2017-12-29 08:46:26,921	INFO: https://bulbapedia.bulbagarden.net/wiki/Gloom_(Pok%C3%A9mon)
2017-12-29 08:46:27,773	INFO: https://bulbapedia.bulbagarden.net/wiki/Vileplume_(Pok%C3%A9mon)
2017-12-29 08:46:28,604	INFO: https://bulbapedia.bulbagarden.net/wiki/Paras_(Pok%C3%A9mon)
2017-12-29 08:46:29,430	INFO: https://bulbapedia.bulbagarden.net/wiki/Parasect_(Pok%C3%A9mon)
2017-12-29 08:46:30,439	INFO: https://bulbapedia.bulbagarden.net/wiki/Venonat_(Pok%C3%A9mon)
2017-12-29 08:46:31,292	INFO: https://bulbapedia.bulbagarden.net/wiki/Venomoth_(Pok%C3%A9mon)
2017-12-29 08:46:32,075	INFO: https://bulbapedia.bulbagarden.net/wiki/Diglett_(Pok%C3%A9mon)
2017-12-29 08:46:33,041	INFO: https://bulbapedia.bulbagarden.net/wiki/Dugtrio_(Pok%C3%A9mon)
2017-12-29 08:46:33,988	INFO: https://bulbapedia.bulbagarden.net/wiki/Meowth_(Pok%C3%A9mon)
2017-12-29 08:46:35,027	INFO: https://bulbapedia.bulbagarden.net/wiki/Persian_(Pok%C3%A9mon)
2017-12-29 08:46:36,141	INFO: https://bulbapedia.bulbagarden.net/wiki/Psyduck_(Pok%C3%A9mon)
2017-12-29 08:46:37,037	INFO: https://bulbapedia.bulbagarden.net/wiki/Golduck_(Pok%C3%A9mon)
2017-12-29 08:46:37,919	INFO: https://bulbapedia.bulbagarden.net/wiki/Mankey_(Pok%C3%A9mon)
2017-12-29 08:46:38,744	INFO: https://bulbapedia.bulbagarden.net/wiki/Primeape_(Pok%C3%A9mon)
2017-12-29 08:46:39,604	INFO: https://bulbapedia.bulbagarden.net/wiki/Growlithe_(Pok%C3%A9mon)
2017-12-29 08:46:40,554	INFO: https://bulbapedia.bulbagarden.net/wiki/Arcanine_(Pok%C3%A9mon)
2017-12-29 08:46:41,375	INFO: https://bulbapedia.bulbagarden.net/wiki/Poliwag_(Pok%C3%A9mon)
2017-12-29 08:46:42,180	INFO: https://bulbapedia.bulbagarden.net/wiki/Poliwhirl_(Pok%C3%A9mon)
2017-12-29 08:46:42,955	INFO: https://bulbapedia.bulbagarden.net/wiki/Poliwrath_(Pok%C3%A9mon)
2017-12-29 08:46:43,880	INFO: https://bulbapedia.bulbagarden.net/wiki/Abra_(Pok%C3%A9mon)
2017-12-29 08:46:44,674	INFO: https://bulbapedia.bulbagarden.net/wiki/Kadabra_(Pok%C3%A9mon)
2017-12-29 08:46:45,508	INFO: https://bulbapedia.bulbagarden.net/wiki/Alakazam_(Pok%C3%A9mon)
2017-12-29 08:46:46,381	INFO: https://bulbapedia.bulbagarden.net/wiki/Machop_(Pok%C3%A9mon)
2017-12-29 08:46:47,220	INFO: https://bulbapedia.bulbagarden.net/wiki/Machoke_(Pok%C3%A9mon)
2017-12-29 08:46:48,027	INFO: https://bulbapedia.bulbagarden.net/wiki/Machamp_(Pok%C3%A9mon)
2017-12-29 08:46:48,848	INFO: https://bulbapedia.bulbagarden.net/wiki/Bellsprout_(Pok%C3%A9mon)
2017-12-29 08:46:49,672	INFO: https://bulbapedia.bulbagarden.net/wiki/Weepinbell_(Pok%C3%A9mon)
2017-12-29 08:46:52,402	INFO: https://bulbapedia.bulbagarden.net/wiki/Victreebel_(Pok%C3%A9mon)
2017-12-29 08:46:53,246	INFO: https://bulbapedia.bulbagarden.net/wiki/Tentacool_(Pok%C3%A9mon)
2017-12-29 08:46:54,028	INFO: https://bulbapedia.bulbagarden.net/wiki/Tentacruel_(Pok%C3%A9mon)
2017-12-29 08:46:54,862	INFO: https://bulbapedia.bulbagarden.net/wiki/Geodude_(Pok%C3%A9mon)
2017-12-29 08:46:55,805	INFO: https://bulbapedia.bulbagarden.net/wiki/Graveler_(Pok%C3%A9mon)
2017-12-29 08:46:56,944	INFO: https://bulbapedia.bulbagarden.net/wiki/Golem_(Pok%C3%A9mon)
2017-12-29 08:46:57,948	INFO: https://bulbapedia.bulbagarden.net/wiki/Ponyta_(Pok%C3%A9mon)
2017-12-29 08:46:58,682	INFO: https://bulbapedia.bulbagarden.net/wiki/Rapidash_(Pok%C3%A9mon)
2017-12-29 08:46:59,494	INFO: https://bulbapedia.bulbagarden.net/wiki/Slowpoke_(Pok%C3%A9mon)
2017-12-29 08:47:00,323	INFO: https://bulbapedia.bulbagarden.net/wiki/Slowbro_(Pok%C3%A9mon)
2017-12-29 08:47:01,255	INFO: https://bulbapedia.bulbagarden.net/wiki/Magnemite_(Pok%C3%A9mon)
2017-12-29 08:47:02,183	INFO: https://bulbapedia.bulbagarden.net/wiki/Magneton_(Pok%C3%A9mon)
2017-12-29 08:47:02,958	INFO: https://bulbapedia.bulbagarden.net/wiki/Farfetch%27d_(Pok%C3%A9mon)
2017-12-29 08:47:03,819	INFO: https://bulbapedia.bulbagarden.net/wiki/Doduo_(Pok%C3%A9mon)
2017-12-29 08:47:04,590	INFO: https://bulbapedia.bulbagarden.net/wiki/Dodrio_(Pok%C3%A9mon)
2017-12-29 08:47:05,430	INFO: https://bulbapedia.bulbagarden.net/wiki/Seel_(Pok%C3%A9mon)
2017-12-29 08:47:06,177	INFO: https://bulbapedia.bulbagarden.net/wiki/Dewgong_(Pok%C3%A9mon)
2017-12-29 08:47:06,946	INFO: https://bulbapedia.bulbagarden.net/wiki/Grimer_(Pok%C3%A9mon)
2017-12-29 08:47:07,922	INFO: https://bulbapedia.bulbagarden.net/wiki/Muk_(Pok%C3%A9mon)
2017-12-29 08:47:08,907	INFO: https://bulbapedia.bulbagarden.net/wiki/Shellder_(Pok%C3%A9mon)
2017-12-29 08:47:09,664	INFO: https://bulbapedia.bulbagarden.net/wiki/Cloyster_(Pok%C3%A9mon)
2017-12-29 08:47:10,630	INFO: https://bulbapedia.bulbagarden.net/wiki/Gastly_(Pok%C3%A9mon)
2017-12-29 08:47:11,489	INFO: https://bulbapedia.bulbagarden.net/wiki/Haunter_(Pok%C3%A9mon)
2017-12-29 08:47:12,417	INFO: https://bulbapedia.bulbagarden.net/wiki/Gengar_(Pok%C3%A9mon)
2017-12-29 08:47:13,383	INFO: https://bulbapedia.bulbagarden.net/wiki/Onix_(Pok%C3%A9mon)
2017-12-29 08:47:14,298	INFO: https://bulbapedia.bulbagarden.net/wiki/Drowzee_(Pok%C3%A9mon)
2017-12-29 08:47:15,106	INFO: https://bulbapedia.bulbagarden.net/wiki/Hypno_(Pok%C3%A9mon)
2017-12-29 08:47:15,907	INFO: https://bulbapedia.bulbagarden.net/wiki/Krabby_(Pok%C3%A9mon)
2017-12-29 08:47:16,703	INFO: https://bulbapedia.bulbagarden.net/wiki/Kingler_(Pok%C3%A9mon)
2017-12-29 08:47:17,467	INFO: https://bulbapedia.bulbagarden.net/wiki/Voltorb_(Pok%C3%A9mon)
2017-12-29 08:47:18,228	INFO: https://bulbapedia.bulbagarden.net/wiki/Electrode_(Pok%C3%A9mon)
2017-12-29 08:47:18,996	INFO: https://bulbapedia.bulbagarden.net/wiki/Exeggcute_(Pok%C3%A9mon)
2017-12-29 08:47:19,760	INFO: https://bulbapedia.bulbagarden.net/wiki/Exeggutor_(Pok%C3%A9mon)
2017-12-29 08:47:21,101	INFO: https://bulbapedia.bulbagarden.net/wiki/Cubone_(Pok%C3%A9mon)
2017-12-29 08:47:22,006	INFO: https://bulbapedia.bulbagarden.net/wiki/Marowak_(Pok%C3%A9mon)
2017-12-29 08:47:22,980	INFO: https://bulbapedia.bulbagarden.net/wiki/Hitmonlee_(Pok%C3%A9mon)
2017-12-29 08:47:23,808	INFO: https://bulbapedia.bulbagarden.net/wiki/Hitmonchan_(Pok%C3%A9mon)
2017-12-29 08:47:24,582	INFO: https://bulbapedia.bulbagarden.net/wiki/Lickitung_(Pok%C3%A9mon)
2017-12-29 08:47:25,379	INFO: https://bulbapedia.bulbagarden.net/wiki/Koffing_(Pok%C3%A9mon)
2017-12-29 08:47:26,156	INFO: https://bulbapedia.bulbagarden.net/wiki/Weezing_(Pok%C3%A9mon)
2017-12-29 08:47:27,045	INFO: https://bulbapedia.bulbagarden.net/wiki/Rhyhorn_(Pok%C3%A9mon)
2017-12-29 08:47:28,089	INFO: https://bulbapedia.bulbagarden.net/wiki/Rhydon_(Pok%C3%A9mon)
2017-12-29 08:47:29,059	INFO: https://bulbapedia.bulbagarden.net/wiki/Chansey_(Pok%C3%A9mon)
2017-12-29 08:47:30,020	INFO: https://bulbapedia.bulbagarden.net/wiki/Tangela_(Pok%C3%A9mon)
2017-12-29 08:47:31,008	INFO: https://bulbapedia.bulbagarden.net/wiki/Kangaskhan_(Pok%C3%A9mon)
2017-12-29 08:47:31,864	INFO: https://bulbapedia.bulbagarden.net/wiki/Horsea_(Pok%C3%A9mon)
2017-12-29 08:47:32,656	INFO: https://bulbapedia.bulbagarden.net/wiki/Seadra_(Pok%C3%A9mon)
2017-12-29 08:47:33,511	INFO: https://bulbapedia.bulbagarden.net/wiki/Goldeen_(Pok%C3%A9mon)
2017-12-29 08:47:34,320	INFO: https://bulbapedia.bulbagarden.net/wiki/Seaking_(Pok%C3%A9mon)
2017-12-29 08:47:35,091	INFO: https://bulbapedia.bulbagarden.net/wiki/Staryu_(Pok%C3%A9mon)
2017-12-29 08:47:36,021	INFO: https://bulbapedia.bulbagarden.net/wiki/Starmie_(Pok%C3%A9mon)
2017-12-29 08:47:36,832	INFO: https://bulbapedia.bulbagarden.net/wiki/Mr._Mime_(Pok%C3%A9mon)
2017-12-29 08:47:37,734	INFO: https://bulbapedia.bulbagarden.net/wiki/Scyther_(Pok%C3%A9mon)
2017-12-29 08:47:38,824	INFO: https://bulbapedia.bulbagarden.net/wiki/Jynx_(Pok%C3%A9mon)
2017-12-29 08:47:39,928	INFO: https://bulbapedia.bulbagarden.net/wiki/Electabuzz_(Pok%C3%A9mon)
2017-12-29 08:47:40,714	INFO: https://bulbapedia.bulbagarden.net/wiki/Magmar_(Pok%C3%A9mon)
2017-12-29 08:47:41,580	INFO: https://bulbapedia.bulbagarden.net/wiki/Pinsir_(Pok%C3%A9mon)
2017-12-29 08:47:42,493	INFO: https://bulbapedia.bulbagarden.net/wiki/Tauros_(Pok%C3%A9mon)
2017-12-29 08:47:43,307	INFO: https://bulbapedia.bulbagarden.net/wiki/Magikarp_(Pok%C3%A9mon)
2017-12-29 08:47:44,191	INFO: https://bulbapedia.bulbagarden.net/wiki/Gyarados_(Pok%C3%A9mon)
2017-12-29 08:47:45,115	INFO: https://bulbapedia.bulbagarden.net/wiki/Lapras_(Pok%C3%A9mon)
2017-12-29 08:47:45,929	INFO: https://bulbapedia.bulbagarden.net/wiki/Ditto_(Pok%C3%A9mon)
2017-12-29 08:47:46,597	INFO: https://bulbapedia.bulbagarden.net/wiki/Eevee_(Pok%C3%A9mon)
2017-12-29 08:47:47,554	INFO: https://bulbapedia.bulbagarden.net/wiki/Vaporeon_(Pok%C3%A9mon)
2017-12-29 08:47:48,369	INFO: https://bulbapedia.bulbagarden.net/wiki/Jolteon_(Pok%C3%A9mon)
2017-12-29 08:47:49,226	INFO: https://bulbapedia.bulbagarden.net/wiki/Flareon_(Pok%C3%A9mon)
2017-12-29 08:47:50,138	INFO: https://bulbapedia.bulbagarden.net/wiki/Porygon_(Pok%C3%A9mon)
2017-12-29 08:47:50,898	INFO: https://bulbapedia.bulbagarden.net/wiki/Omanyte_(Pok%C3%A9mon)
2017-12-29 08:47:51,654	INFO: https://bulbapedia.bulbagarden.net/wiki/Omastar_(Pok%C3%A9mon)
2017-12-29 08:47:52,452	INFO: https://bulbapedia.bulbagarden.net/wiki/Kabuto_(Pok%C3%A9mon)
2017-12-29 08:47:53,250	INFO: https://bulbapedia.bulbagarden.net/wiki/Kabutops_(Pok%C3%A9mon)
2017-12-29 08:47:54,049	INFO: https://bulbapedia.bulbagarden.net/wiki/Aerodactyl_(Pok%C3%A9mon)
2017-12-29 08:47:54,892	INFO: https://bulbapedia.bulbagarden.net/wiki/Snorlax_(Pok%C3%A9mon)
2017-12-29 08:47:55,836	INFO: https://bulbapedia.bulbagarden.net/wiki/Articuno_(Pok%C3%A9mon)
2017-12-29 08:47:56,883	INFO: https://bulbapedia.bulbagarden.net/wiki/Zapdos_(Pok%C3%A9mon)
2017-12-29 08:47:57,687	INFO: https://bulbapedia.bulbagarden.net/wiki/Moltres_(Pok%C3%A9mon)
2017-12-29 08:47:58,514	INFO: https://bulbapedia.bulbagarden.net/wiki/Dratini_(Pok%C3%A9mon)
2017-12-29 08:47:59,300	INFO: https://bulbapedia.bulbagarden.net/wiki/Dragonair_(Pok%C3%A9mon)
2017-12-29 08:48:00,105	INFO: https://bulbapedia.bulbagarden.net/wiki/Dragonite_(Pok%C3%A9mon)
2017-12-29 08:48:00,977	INFO: https://bulbapedia.bulbagarden.net/wiki/Mewtwo_(Pok%C3%A9mon)
2017-12-29 08:48:01,950	INFO: https://bulbapedia.bulbagarden.net/wiki/Mew_(Pok%C3%A9mon)
2017-12-29 08:48:03,017	INFO: https://bulbapedia.bulbagarden.net/wiki/Chikorita_(Pok%C3%A9mon)
2017-12-29 08:48:03,887	INFO: https://bulbapedia.bulbagarden.net/wiki/Bayleef_(Pok%C3%A9mon)
2017-12-29 08:48:04,694	INFO: https://bulbapedia.bulbagarden.net/wiki/Meganium_(Pok%C3%A9mon)
2017-12-29 08:48:05,510	INFO: https://bulbapedia.bulbagarden.net/wiki/Cyndaquil_(Pok%C3%A9mon)
2017-12-29 08:48:06,359	INFO: https://bulbapedia.bulbagarden.net/wiki/Quilava_(Pok%C3%A9mon)
2017-12-29 08:48:09,010	INFO: https://bulbapedia.bulbagarden.net/wiki/Typhlosion_(Pok%C3%A9mon)
2017-12-29 08:48:09,769	INFO: https://bulbapedia.bulbagarden.net/wiki/Totodile_(Pok%C3%A9mon)
2017-12-29 08:48:10,574	INFO: https://bulbapedia.bulbagarden.net/wiki/Croconaw_(Pok%C3%A9mon)
2017-12-29 08:48:11,420	INFO: https://bulbapedia.bulbagarden.net/wiki/Feraligatr_(Pok%C3%A9mon)
2017-12-29 08:48:12,222	INFO: https://bulbapedia.bulbagarden.net/wiki/Sentret_(Pok%C3%A9mon)
2017-12-29 08:48:15,230	INFO: https://bulbapedia.bulbagarden.net/wiki/Furret_(Pok%C3%A9mon)
2017-12-29 08:48:16,264	INFO: https://bulbapedia.bulbagarden.net/wiki/Hoothoot_(Pok%C3%A9mon)
2017-12-29 08:48:17,211	INFO: https://bulbapedia.bulbagarden.net/wiki/Noctowl_(Pok%C3%A9mon)
2017-12-29 08:48:18,077	INFO: https://bulbapedia.bulbagarden.net/wiki/Ledyba_(Pok%C3%A9mon)
2017-12-29 08:48:18,825	INFO: https://bulbapedia.bulbagarden.net/wiki/Ledian_(Pok%C3%A9mon)
2017-12-29 08:48:19,643	INFO: https://bulbapedia.bulbagarden.net/wiki/Spinarak_(Pok%C3%A9mon)
2017-12-29 08:48:20,331	INFO: https://bulbapedia.bulbagarden.net/wiki/Ariados_(Pok%C3%A9mon)
2017-12-29 08:48:21,174	INFO: https://bulbapedia.bulbagarden.net/wiki/Crobat_(Pok%C3%A9mon)
2017-12-29 08:48:21,949	INFO: https://bulbapedia.bulbagarden.net/wiki/Chinchou_(Pok%C3%A9mon)
2017-12-29 08:48:22,729	INFO: https://bulbapedia.bulbagarden.net/wiki/Lanturn_(Pok%C3%A9mon)
2017-12-29 08:48:23,691	INFO: https://bulbapedia.bulbagarden.net/wiki/Pichu_(Pok%C3%A9mon)
2017-12-29 08:48:24,523	INFO: https://bulbapedia.bulbagarden.net/wiki/Cleffa_(Pok%C3%A9mon)
2017-12-29 08:48:25,351	INFO: https://bulbapedia.bulbagarden.net/wiki/Igglybuff_(Pok%C3%A9mon)
2017-12-29 08:48:26,193	INFO: https://bulbapedia.bulbagarden.net/wiki/Togepi_(Pok%C3%A9mon)
2017-12-29 08:48:26,992	INFO: https://bulbapedia.bulbagarden.net/wiki/Togetic_(Pok%C3%A9mon)
2017-12-29 08:48:27,775	INFO: https://bulbapedia.bulbagarden.net/wiki/Natu_(Pok%C3%A9mon)
2017-12-29 08:48:28,530	INFO: https://bulbapedia.bulbagarden.net/wiki/Xatu_(Pok%C3%A9mon)
2017-12-29 08:48:29,324	INFO: https://bulbapedia.bulbagarden.net/wiki/Mareep_(Pok%C3%A9mon)
2017-12-29 08:48:30,082	INFO: https://bulbapedia.bulbagarden.net/wiki/Flaaffy_(Pok%C3%A9mon)
2017-12-29 08:48:31,202	INFO: https://bulbapedia.bulbagarden.net/wiki/Ampharos_(Pok%C3%A9mon)
2017-12-29 08:48:32,077	INFO: https://bulbapedia.bulbagarden.net/wiki/Bellossom_(Pok%C3%A9mon)
2017-12-29 08:48:32,900	INFO: https://bulbapedia.bulbagarden.net/wiki/Marill_(Pok%C3%A9mon)
2017-12-29 08:48:33,744	INFO: https://bulbapedia.bulbagarden.net/wiki/Azumarill_(Pok%C3%A9mon)
2017-12-29 08:48:34,588	INFO: https://bulbapedia.bulbagarden.net/wiki/Sudowoodo_(Pok%C3%A9mon)
2017-12-29 08:48:35,376	INFO: https://bulbapedia.bulbagarden.net/wiki/Politoed_(Pok%C3%A9mon)
2017-12-29 08:48:36,182	INFO: https://bulbapedia.bulbagarden.net/wiki/Hoppip_(Pok%C3%A9mon)
2017-12-29 08:48:37,117	INFO: https://bulbapedia.bulbagarden.net/wiki/Skiploom_(Pok%C3%A9mon)
2017-12-29 08:48:37,836	INFO: https://bulbapedia.bulbagarden.net/wiki/Jumpluff_(Pok%C3%A9mon)
2017-12-29 08:48:38,736	INFO: https://bulbapedia.bulbagarden.net/wiki/Aipom_(Pok%C3%A9mon)
2017-12-29 08:48:39,565	INFO: https://bulbapedia.bulbagarden.net/wiki/Sunkern_(Pok%C3%A9mon)
2017-12-29 08:48:40,469	INFO: https://bulbapedia.bulbagarden.net/wiki/Sunflora_(Pok%C3%A9mon)
2017-12-29 08:48:41,222	INFO: https://bulbapedia.bulbagarden.net/wiki/Yanma_(Pok%C3%A9mon)
2017-12-29 08:48:41,993	INFO: https://bulbapedia.bulbagarden.net/wiki/Wooper_(Pok%C3%A9mon)
2017-12-29 08:48:42,847	INFO: https://bulbapedia.bulbagarden.net/wiki/Quagsire_(Pok%C3%A9mon)
2017-12-29 08:48:43,859	INFO: https://bulbapedia.bulbagarden.net/wiki/Espeon_(Pok%C3%A9mon)
2017-12-29 08:48:44,943	INFO: https://bulbapedia.bulbagarden.net/wiki/Umbreon_(Pok%C3%A9mon)
2017-12-29 08:48:45,894	INFO: https://bulbapedia.bulbagarden.net/wiki/Murkrow_(Pok%C3%A9mon)
2017-12-29 08:48:46,763	INFO: https://bulbapedia.bulbagarden.net/wiki/Slowking_(Pok%C3%A9mon)
2017-12-29 08:48:47,831	INFO: https://bulbapedia.bulbagarden.net/wiki/Misdreavus_(Pok%C3%A9mon)
2017-12-29 08:48:48,657	INFO: https://bulbapedia.bulbagarden.net/wiki/Unown_(Pok%C3%A9mon)
2017-12-29 08:48:49,356	INFO: https://bulbapedia.bulbagarden.net/wiki/Wobbuffet_(Pok%C3%A9mon)
2017-12-29 08:48:50,031	INFO: https://bulbapedia.bulbagarden.net/wiki/Girafarig_(Pok%C3%A9mon)
2017-12-29 08:48:50,975	INFO: https://bulbapedia.bulbagarden.net/wiki/Pineco_(Pok%C3%A9mon)
2017-12-29 08:48:51,770	INFO: https://bulbapedia.bulbagarden.net/wiki/Forretress_(Pok%C3%A9mon)
2017-12-29 08:48:52,600	INFO: https://bulbapedia.bulbagarden.net/wiki/Dunsparce_(Pok%C3%A9mon)
2017-12-29 08:48:53,392	INFO: https://bulbapedia.bulbagarden.net/wiki/Gligar_(Pok%C3%A9mon)
2017-12-29 08:48:54,209	INFO: https://bulbapedia.bulbagarden.net/wiki/Steelix_(Pok%C3%A9mon)
2017-12-29 08:48:55,198	INFO: https://bulbapedia.bulbagarden.net/wiki/Snubbull_(Pok%C3%A9mon)
2017-12-29 08:48:55,982	INFO: https://bulbapedia.bulbagarden.net/wiki/Granbull_(Pok%C3%A9mon)
2017-12-29 08:48:56,926	INFO: https://bulbapedia.bulbagarden.net/wiki/Qwilfish_(Pok%C3%A9mon)
2017-12-29 08:48:57,810	INFO: https://bulbapedia.bulbagarden.net/wiki/Scizor_(Pok%C3%A9mon)
2017-12-29 08:48:58,776	INFO: https://bulbapedia.bulbagarden.net/wiki/Shuckle_(Pok%C3%A9mon)
2017-12-29 08:48:59,694	INFO: https://bulbapedia.bulbagarden.net/wiki/Heracross_(Pok%C3%A9mon)
2017-12-29 08:49:00,589	INFO: https://bulbapedia.bulbagarden.net/wiki/Sneasel_(Pok%C3%A9mon)
2017-12-29 08:49:01,422	INFO: https://bulbapedia.bulbagarden.net/wiki/Teddiursa_(Pok%C3%A9mon)
2017-12-29 08:49:02,195	INFO: https://bulbapedia.bulbagarden.net/wiki/Ursaring_(Pok%C3%A9mon)
2017-12-29 08:49:03,229	INFO: https://bulbapedia.bulbagarden.net/wiki/Slugma_(Pok%C3%A9mon)
2017-12-29 08:49:03,930	INFO: https://bulbapedia.bulbagarden.net/wiki/Magcargo_(Pok%C3%A9mon)
2017-12-29 08:49:04,933	INFO: https://bulbapedia.bulbagarden.net/wiki/Swinub_(Pok%C3%A9mon)
2017-12-29 08:49:05,771	INFO: https://bulbapedia.bulbagarden.net/wiki/Piloswine_(Pok%C3%A9mon)
2017-12-29 08:49:06,714	INFO: https://bulbapedia.bulbagarden.net/wiki/Corsola_(Pok%C3%A9mon)
2017-12-29 08:49:07,525	INFO: https://bulbapedia.bulbagarden.net/wiki/Remoraid_(Pok%C3%A9mon)
2017-12-29 08:49:08,270	INFO: https://bulbapedia.bulbagarden.net/wiki/Octillery_(Pok%C3%A9mon)
2017-12-29 08:49:09,082	INFO: https://bulbapedia.bulbagarden.net/wiki/Delibird_(Pok%C3%A9mon)
2017-12-29 08:49:10,058	INFO: https://bulbapedia.bulbagarden.net/wiki/Mantine_(Pok%C3%A9mon)
2017-12-29 08:49:10,849	INFO: https://bulbapedia.bulbagarden.net/wiki/Skarmory_(Pok%C3%A9mon)
2017-12-29 08:49:11,783	INFO: https://bulbapedia.bulbagarden.net/wiki/Houndour_(Pok%C3%A9mon)
2017-12-29 08:49:12,591	INFO: https://bulbapedia.bulbagarden.net/wiki/Houndoom_(Pok%C3%A9mon)
2017-12-29 08:49:13,509	INFO: https://bulbapedia.bulbagarden.net/wiki/Kingdra_(Pok%C3%A9mon)
2017-12-29 08:49:14,299	INFO: https://bulbapedia.bulbagarden.net/wiki/Phanpy_(Pok%C3%A9mon)
2017-12-29 08:49:15,062	INFO: https://bulbapedia.bulbagarden.net/wiki/Donphan_(Pok%C3%A9mon)
2017-12-29 08:49:16,048	INFO: https://bulbapedia.bulbagarden.net/wiki/Porygon2_(Pok%C3%A9mon)
2017-12-29 08:49:17,008	INFO: https://bulbapedia.bulbagarden.net/wiki/Stantler_(Pok%C3%A9mon)
2017-12-29 08:49:17,785	INFO: https://bulbapedia.bulbagarden.net/wiki/Smeargle_(Pok%C3%A9mon)
2017-12-29 08:49:18,661	INFO: https://bulbapedia.bulbagarden.net/wiki/Tyrogue_(Pok%C3%A9mon)
2017-12-29 08:49:19,418	INFO: https://bulbapedia.bulbagarden.net/wiki/Hitmontop_(Pok%C3%A9mon)
2017-12-29 08:49:20,137	INFO: https://bulbapedia.bulbagarden.net/wiki/Smoochum_(Pok%C3%A9mon)
2017-12-29 08:49:20,945	INFO: https://bulbapedia.bulbagarden.net/wiki/Elekid_(Pok%C3%A9mon)
2017-12-29 08:49:21,767	INFO: https://bulbapedia.bulbagarden.net/wiki/Magby_(Pok%C3%A9mon)
2017-12-29 08:49:22,612	INFO: https://bulbapedia.bulbagarden.net/wiki/Miltank_(Pok%C3%A9mon)
2017-12-29 08:49:23,431	INFO: https://bulbapedia.bulbagarden.net/wiki/Blissey_(Pok%C3%A9mon)
2017-12-29 08:49:24,258	INFO: https://bulbapedia.bulbagarden.net/wiki/Raikou_(Pok%C3%A9mon)
2017-12-29 08:49:25,166	INFO: https://bulbapedia.bulbagarden.net/wiki/Entei_(Pok%C3%A9mon)
2017-12-29 08:49:25,956	INFO: https://bulbapedia.bulbagarden.net/wiki/Suicune_(Pok%C3%A9mon)
2017-12-29 08:49:26,740	INFO: https://bulbapedia.bulbagarden.net/wiki/Larvitar_(Pok%C3%A9mon)
2017-12-29 08:49:27,761	INFO: https://bulbapedia.bulbagarden.net/wiki/Pupitar_(Pok%C3%A9mon)
2017-12-29 08:49:28,526	INFO: https://bulbapedia.bulbagarden.net/wiki/Tyranitar_(Pok%C3%A9mon)
2017-12-29 08:49:29,423	INFO: https://bulbapedia.bulbagarden.net/wiki/Lugia_(Pok%C3%A9mon)
2017-12-29 08:49:30,215	INFO: https://bulbapedia.bulbagarden.net/wiki/Ho-Oh_(Pok%C3%A9mon)
2017-12-29 08:49:31,012	INFO: https://bulbapedia.bulbagarden.net/wiki/Celebi_(Pok%C3%A9mon)
2017-12-29 08:49:31,872	INFO: https://bulbapedia.bulbagarden.net/wiki/Treecko_(Pok%C3%A9mon)
2017-12-29 08:49:32,670	INFO: https://bulbapedia.bulbagarden.net/wiki/Grovyle_(Pok%C3%A9mon)
2017-12-29 08:49:33,437	INFO: https://bulbapedia.bulbagarden.net/wiki/Sceptile_(Pok%C3%A9mon)
2017-12-29 08:49:34,296	INFO: https://bulbapedia.bulbagarden.net/wiki/Torchic_(Pok%C3%A9mon)
2017-12-29 08:49:35,103	INFO: https://bulbapedia.bulbagarden.net/wiki/Combusken_(Pok%C3%A9mon)
2017-12-29 08:49:35,874	INFO: https://bulbapedia.bulbagarden.net/wiki/Blaziken_(Pok%C3%A9mon)
2017-12-29 08:49:36,734	INFO: https://bulbapedia.bulbagarden.net/wiki/Mudkip_(Pok%C3%A9mon)
2017-12-29 08:49:37,521	INFO: https://bulbapedia.bulbagarden.net/wiki/Marshtomp_(Pok%C3%A9mon)
2017-12-29 08:49:38,443	INFO: https://bulbapedia.bulbagarden.net/wiki/Swampert_(Pok%C3%A9mon)
2017-12-29 08:49:39,387	INFO: https://bulbapedia.bulbagarden.net/wiki/Poochyena_(Pok%C3%A9mon)
2017-12-29 08:49:40,274	INFO: https://bulbapedia.bulbagarden.net/wiki/Mightyena_(Pok%C3%A9mon)
2017-12-29 08:49:41,274	INFO: https://bulbapedia.bulbagarden.net/wiki/Zigzagoon_(Pok%C3%A9mon)
2017-12-29 08:49:42,029	INFO: https://bulbapedia.bulbagarden.net/wiki/Linoone_(Pok%C3%A9mon)
2017-12-29 08:49:42,871	INFO: https://bulbapedia.bulbagarden.net/wiki/Wurmple_(Pok%C3%A9mon)
2017-12-29 08:49:43,558	INFO: https://bulbapedia.bulbagarden.net/wiki/Silcoon_(Pok%C3%A9mon)
2017-12-29 08:49:44,210	INFO: https://bulbapedia.bulbagarden.net/wiki/Beautifly_(Pok%C3%A9mon)
2017-12-29 08:49:45,059	INFO: https://bulbapedia.bulbagarden.net/wiki/Cascoon_(Pok%C3%A9mon)
2017-12-29 08:49:45,691	INFO: https://bulbapedia.bulbagarden.net/wiki/Dustox_(Pok%C3%A9mon)
2017-12-29 08:49:46,398	INFO: https://bulbapedia.bulbagarden.net/wiki/Lotad_(Pok%C3%A9mon)
2017-12-29 08:49:47,197	INFO: https://bulbapedia.bulbagarden.net/wiki/Lombre_(Pok%C3%A9mon)
2017-12-29 08:49:47,988	INFO: https://bulbapedia.bulbagarden.net/wiki/Ludicolo_(Pok%C3%A9mon)
2017-12-29 08:49:49,049	INFO: https://bulbapedia.bulbagarden.net/wiki/Seedot_(Pok%C3%A9mon)
2017-12-29 08:49:49,743	INFO: https://bulbapedia.bulbagarden.net/wiki/Nuzleaf_(Pok%C3%A9mon)
2017-12-29 08:49:50,583	INFO: https://bulbapedia.bulbagarden.net/wiki/Shiftry_(Pok%C3%A9mon)
2017-12-29 08:49:51,468	INFO: https://bulbapedia.bulbagarden.net/wiki/Taillow_(Pok%C3%A9mon)
2017-12-29 08:49:52,177	INFO: https://bulbapedia.bulbagarden.net/wiki/Swellow_(Pok%C3%A9mon)
2017-12-29 08:49:53,038	INFO: https://bulbapedia.bulbagarden.net/wiki/Wingull_(Pok%C3%A9mon)
2017-12-29 08:49:53,816	INFO: https://bulbapedia.bulbagarden.net/wiki/Pelipper_(Pok%C3%A9mon)
2017-12-29 08:49:54,664	INFO: https://bulbapedia.bulbagarden.net/wiki/Ralts_(Pok%C3%A9mon)
2017-12-29 08:49:55,494	INFO: https://bulbapedia.bulbagarden.net/wiki/Kirlia_(Pok%C3%A9mon)
2017-12-29 08:49:56,291	INFO: https://bulbapedia.bulbagarden.net/wiki/Gardevoir_(Pok%C3%A9mon)
2017-12-29 08:49:57,202	INFO: https://bulbapedia.bulbagarden.net/wiki/Surskit_(Pok%C3%A9mon)
2017-12-29 08:49:57,932	INFO: https://bulbapedia.bulbagarden.net/wiki/Masquerain_(Pok%C3%A9mon)
2017-12-29 08:49:58,756	INFO: https://bulbapedia.bulbagarden.net/wiki/Shroomish_(Pok%C3%A9mon)
2017-12-29 08:49:59,515	INFO: https://bulbapedia.bulbagarden.net/wiki/Breloom_(Pok%C3%A9mon)
2017-12-29 08:50:00,275	INFO: https://bulbapedia.bulbagarden.net/wiki/Slakoth_(Pok%C3%A9mon)
2017-12-29 08:50:01,301	INFO: https://bulbapedia.bulbagarden.net/wiki/Vigoroth_(Pok%C3%A9mon)
2017-12-29 08:50:02,103	INFO: https://bulbapedia.bulbagarden.net/wiki/Slaking_(Pok%C3%A9mon)
2017-12-29 08:50:02,894	INFO: https://bulbapedia.bulbagarden.net/wiki/Nincada_(Pok%C3%A9mon)
2017-12-29 08:50:03,644	INFO: https://bulbapedia.bulbagarden.net/wiki/Ninjask_(Pok%C3%A9mon)
2017-12-29 08:50:04,348	INFO: https://bulbapedia.bulbagarden.net/wiki/Shedinja_(Pok%C3%A9mon)
2017-12-29 08:50:05,095	INFO: https://bulbapedia.bulbagarden.net/wiki/Whismur_(Pok%C3%A9mon)
2017-12-29 08:50:05,843	INFO: https://bulbapedia.bulbagarden.net/wiki/Loudred_(Pok%C3%A9mon)
2017-12-29 08:50:06,593	INFO: https://bulbapedia.bulbagarden.net/wiki/Exploud_(Pok%C3%A9mon)
2017-12-29 08:50:07,384	INFO: https://bulbapedia.bulbagarden.net/wiki/Makuhita_(Pok%C3%A9mon)
2017-12-29 08:50:08,146	INFO: https://bulbapedia.bulbagarden.net/wiki/Hariyama_(Pok%C3%A9mon)
2017-12-29 08:50:08,927	INFO: https://bulbapedia.bulbagarden.net/wiki/Azurill_(Pok%C3%A9mon)
2017-12-29 08:50:09,662	INFO: https://bulbapedia.bulbagarden.net/wiki/Nosepass_(Pok%C3%A9mon)
2017-12-29 08:50:10,400	INFO: https://bulbapedia.bulbagarden.net/wiki/Skitty_(Pok%C3%A9mon)
2017-12-29 08:50:11,565	INFO: https://bulbapedia.bulbagarden.net/wiki/Delcatty_(Pok%C3%A9mon)
2017-12-29 08:50:12,346	INFO: https://bulbapedia.bulbagarden.net/wiki/Sableye_(Pok%C3%A9mon)
2017-12-29 08:50:13,238	INFO: https://bulbapedia.bulbagarden.net/wiki/Mawile_(Pok%C3%A9mon)
2017-12-29 08:50:14,011	INFO: https://bulbapedia.bulbagarden.net/wiki/Aron_(Pok%C3%A9mon)
2017-12-29 08:50:14,764	INFO: https://bulbapedia.bulbagarden.net/wiki/Lairon_(Pok%C3%A9mon)
2017-12-29 08:50:15,581	INFO: https://bulbapedia.bulbagarden.net/wiki/Aggron_(Pok%C3%A9mon)
2017-12-29 08:50:16,440	INFO: https://bulbapedia.bulbagarden.net/wiki/Meditite_(Pok%C3%A9mon)
2017-12-29 08:50:17,196	INFO: https://bulbapedia.bulbagarden.net/wiki/Medicham_(Pok%C3%A9mon)
2017-12-29 08:50:18,011	INFO: https://bulbapedia.bulbagarden.net/wiki/Electrike_(Pok%C3%A9mon)
2017-12-29 08:50:18,779	INFO: https://bulbapedia.bulbagarden.net/wiki/Manectric_(Pok%C3%A9mon)
2017-12-29 08:50:19,557	INFO: https://bulbapedia.bulbagarden.net/wiki/Plusle_(Pok%C3%A9mon)
2017-12-29 08:50:20,270	INFO: https://bulbapedia.bulbagarden.net/wiki/Minun_(Pok%C3%A9mon)
2017-12-29 08:50:21,053	INFO: https://bulbapedia.bulbagarden.net/wiki/Volbeat_(Pok%C3%A9mon)
2017-12-29 08:50:21,770	INFO: https://bulbapedia.bulbagarden.net/wiki/Illumise_(Pok%C3%A9mon)
2017-12-29 08:50:22,569	INFO: https://bulbapedia.bulbagarden.net/wiki/Roselia_(Pok%C3%A9mon)
2017-12-29 08:50:23,608	INFO: https://bulbapedia.bulbagarden.net/wiki/Gulpin_(Pok%C3%A9mon)
2017-12-29 08:50:24,310	INFO: https://bulbapedia.bulbagarden.net/wiki/Swalot_(Pok%C3%A9mon)
2017-12-29 08:50:25,116	INFO: https://bulbapedia.bulbagarden.net/wiki/Carvanha_(Pok%C3%A9mon)
2017-12-29 08:50:26,027	INFO: https://bulbapedia.bulbagarden.net/wiki/Sharpedo_(Pok%C3%A9mon)
2017-12-29 08:50:26,832	INFO: https://bulbapedia.bulbagarden.net/wiki/Wailmer_(Pok%C3%A9mon)
2017-12-29 08:50:27,564	INFO: https://bulbapedia.bulbagarden.net/wiki/Wailord_(Pok%C3%A9mon)
2017-12-29 08:50:28,313	INFO: https://bulbapedia.bulbagarden.net/wiki/Numel_(Pok%C3%A9mon)
2017-12-29 08:50:29,101	INFO: https://bulbapedia.bulbagarden.net/wiki/Camerupt_(Pok%C3%A9mon)
2017-12-29 08:50:30,102	INFO: https://bulbapedia.bulbagarden.net/wiki/Torkoal_(Pok%C3%A9mon)
2017-12-29 08:50:30,836	INFO: https://bulbapedia.bulbagarden.net/wiki/Spoink_(Pok%C3%A9mon)
2017-12-29 08:50:31,633	INFO: https://bulbapedia.bulbagarden.net/wiki/Grumpig_(Pok%C3%A9mon)
2017-12-29 08:50:32,402	INFO: https://bulbapedia.bulbagarden.net/wiki/Spinda_(Pok%C3%A9mon)
2017-12-29 08:50:45,154	INFO: https://bulbapedia.bulbagarden.net/wiki/Trapinch_(Pok%C3%A9mon)
2017-12-29 08:50:45,968	INFO: https://bulbapedia.bulbagarden.net/wiki/Vibrava_(Pok%C3%A9mon)
2017-12-29 08:50:46,848	INFO: https://bulbapedia.bulbagarden.net/wiki/Flygon_(Pok%C3%A9mon)
2017-12-29 08:50:47,604	INFO: https://bulbapedia.bulbagarden.net/wiki/Cacnea_(Pok%C3%A9mon)
2017-12-29 08:50:48,269	INFO: https://bulbapedia.bulbagarden.net/wiki/Cacturne_(Pok%C3%A9mon)
2017-12-29 08:50:49,051	INFO: https://bulbapedia.bulbagarden.net/wiki/Swablu_(Pok%C3%A9mon)
2017-12-29 08:50:49,997	INFO: https://bulbapedia.bulbagarden.net/wiki/Altaria_(Pok%C3%A9mon)
2017-12-29 08:50:50,813	INFO: https://bulbapedia.bulbagarden.net/wiki/Zangoose_(Pok%C3%A9mon)
2017-12-29 08:50:51,563	INFO: https://bulbapedia.bulbagarden.net/wiki/Seviper_(Pok%C3%A9mon)
2017-12-29 08:50:52,284	INFO: https://bulbapedia.bulbagarden.net/wiki/Lunatone_(Pok%C3%A9mon)
2017-12-29 08:50:53,032	INFO: https://bulbapedia.bulbagarden.net/wiki/Solrock_(Pok%C3%A9mon)
2017-12-29 08:50:53,796	INFO: https://bulbapedia.bulbagarden.net/wiki/Barboach_(Pok%C3%A9mon)
2017-12-29 08:50:54,479	INFO: https://bulbapedia.bulbagarden.net/wiki/Whiscash_(Pok%C3%A9mon)
2017-12-29 08:50:55,186	INFO: https://bulbapedia.bulbagarden.net/wiki/Corphish_(Pok%C3%A9mon)
2017-12-29 08:50:55,880	INFO: https://bulbapedia.bulbagarden.net/wiki/Crawdaunt_(Pok%C3%A9mon)
2017-12-29 08:50:56,678	INFO: https://bulbapedia.bulbagarden.net/wiki/Baltoy_(Pok%C3%A9mon)
2017-12-29 08:50:57,397	INFO: https://bulbapedia.bulbagarden.net/wiki/Claydol_(Pok%C3%A9mon)
2017-12-29 08:50:58,119	INFO: https://bulbapedia.bulbagarden.net/wiki/Lileep_(Pok%C3%A9mon)
2017-12-29 08:50:58,832	INFO: https://bulbapedia.bulbagarden.net/wiki/Cradily_(Pok%C3%A9mon)
2017-12-29 08:50:59,545	INFO: https://bulbapedia.bulbagarden.net/wiki/Anorith_(Pok%C3%A9mon)
2017-12-29 08:51:00,327	INFO: https://bulbapedia.bulbagarden.net/wiki/Armaldo_(Pok%C3%A9mon)
2017-12-29 08:51:01,064	INFO: https://bulbapedia.bulbagarden.net/wiki/Feebas_(Pok%C3%A9mon)
2017-12-29 08:51:01,733	INFO: https://bulbapedia.bulbagarden.net/wiki/Milotic_(Pok%C3%A9mon)
2017-12-29 08:51:02,501	INFO: https://bulbapedia.bulbagarden.net/wiki/Castform_(Pok%C3%A9mon)
2017-12-29 08:51:03,741	INFO: https://bulbapedia.bulbagarden.net/wiki/Kecleon_(Pok%C3%A9mon)
2017-12-29 08:51:04,521	INFO: https://bulbapedia.bulbagarden.net/wiki/Shuppet_(Pok%C3%A9mon)
2017-12-29 08:51:05,232	INFO: https://bulbapedia.bulbagarden.net/wiki/Banette_(Pok%C3%A9mon)
2017-12-29 08:51:06,034	INFO: https://bulbapedia.bulbagarden.net/wiki/Duskull_(Pok%C3%A9mon)
2017-12-29 08:51:06,766	INFO: https://bulbapedia.bulbagarden.net/wiki/Dusclops_(Pok%C3%A9mon)
2017-12-29 08:51:07,536	INFO: https://bulbapedia.bulbagarden.net/wiki/Tropius_(Pok%C3%A9mon)
2017-12-29 08:51:08,294	INFO: https://bulbapedia.bulbagarden.net/wiki/Chimecho_(Pok%C3%A9mon)
2017-12-29 08:51:09,031	INFO: https://bulbapedia.bulbagarden.net/wiki/Absol_(Pok%C3%A9mon)
2017-12-29 08:51:09,857	INFO: https://bulbapedia.bulbagarden.net/wiki/Wynaut_(Pok%C3%A9mon)
2017-12-29 08:51:10,462	INFO: https://bulbapedia.bulbagarden.net/wiki/Snorunt_(Pok%C3%A9mon)
2017-12-29 08:51:11,362	INFO: https://bulbapedia.bulbagarden.net/wiki/Glalie_(Pok%C3%A9mon)
2017-12-29 08:51:12,544	INFO: https://bulbapedia.bulbagarden.net/wiki/Spheal_(Pok%C3%A9mon)
2017-12-29 08:51:13,356	INFO: https://bulbapedia.bulbagarden.net/wiki/Sealeo_(Pok%C3%A9mon)
2017-12-29 08:51:14,298	INFO: https://bulbapedia.bulbagarden.net/wiki/Walrein_(Pok%C3%A9mon)
2017-12-29 08:51:15,118	INFO: https://bulbapedia.bulbagarden.net/wiki/Clamperl_(Pok%C3%A9mon)
2017-12-29 08:51:15,785	INFO: https://bulbapedia.bulbagarden.net/wiki/Huntail_(Pok%C3%A9mon)
2017-12-29 08:51:16,501	INFO: https://bulbapedia.bulbagarden.net/wiki/Gorebyss_(Pok%C3%A9mon)
2017-12-29 08:51:17,203	INFO: https://bulbapedia.bulbagarden.net/wiki/Relicanth_(Pok%C3%A9mon)
2017-12-29 08:51:17,905	INFO: https://bulbapedia.bulbagarden.net/wiki/Luvdisc_(Pok%C3%A9mon)
2017-12-29 08:51:18,635	INFO: https://bulbapedia.bulbagarden.net/wiki/Bagon_(Pok%C3%A9mon)
2017-12-29 08:51:19,689	INFO: https://bulbapedia.bulbagarden.net/wiki/Shelgon_(Pok%C3%A9mon)
2017-12-29 08:51:20,546	INFO: https://bulbapedia.bulbagarden.net/wiki/Salamence_(Pok%C3%A9mon)
2017-12-29 08:51:21,327	INFO: https://bulbapedia.bulbagarden.net/wiki/Beldum_(Pok%C3%A9mon)
2017-12-29 08:51:22,014	INFO: https://bulbapedia.bulbagarden.net/wiki/Metang_(Pok%C3%A9mon)
2017-12-29 08:51:22,734	INFO: https://bulbapedia.bulbagarden.net/wiki/Metagross_(Pok%C3%A9mon)
2017-12-29 08:51:23,496	INFO: https://bulbapedia.bulbagarden.net/wiki/Regirock_(Pok%C3%A9mon)
2017-12-29 08:51:24,199	INFO: https://bulbapedia.bulbagarden.net/wiki/Regice_(Pok%C3%A9mon)
2017-12-29 08:51:25,058	INFO: https://bulbapedia.bulbagarden.net/wiki/Registeel_(Pok%C3%A9mon)
2017-12-29 08:51:25,776	INFO: https://bulbapedia.bulbagarden.net/wiki/Latias_(Pok%C3%A9mon)
2017-12-29 08:51:26,567	INFO: https://bulbapedia.bulbagarden.net/wiki/Latios_(Pok%C3%A9mon)
2017-12-29 08:51:27,333	INFO: https://bulbapedia.bulbagarden.net/wiki/Kyogre_(Pok%C3%A9mon)
2017-12-29 08:51:28,112	INFO: https://bulbapedia.bulbagarden.net/wiki/Groudon_(Pok%C3%A9mon)
2017-12-29 08:51:29,006	INFO: https://bulbapedia.bulbagarden.net/wiki/Rayquaza_(Pok%C3%A9mon)
2017-12-29 08:51:29,840	INFO: https://bulbapedia.bulbagarden.net/wiki/Jirachi_(Pok%C3%A9mon)
2017-12-29 08:51:30,689	INFO: https://bulbapedia.bulbagarden.net/wiki/Deoxys_(Pok%C3%A9mon)
2017-12-29 08:51:31,922	INFO: https://bulbapedia.bulbagarden.net/wiki/Turtwig_(Pok%C3%A9mon)
2017-12-29 08:51:32,891	INFO: https://bulbapedia.bulbagarden.net/wiki/Grotle_(Pok%C3%A9mon)
2017-12-29 08:51:33,631	INFO: https://bulbapedia.bulbagarden.net/wiki/Torterra_(Pok%C3%A9mon)
2017-12-29 08:51:34,340	INFO: https://bulbapedia.bulbagarden.net/wiki/Chimchar_(Pok%C3%A9mon)
2017-12-29 08:51:35,079	INFO: https://bulbapedia.bulbagarden.net/wiki/Monferno_(Pok%C3%A9mon)
2017-12-29 08:51:35,828	INFO: https://bulbapedia.bulbagarden.net/wiki/Infernape_(Pok%C3%A9mon)
2017-12-29 08:51:36,574	INFO: https://bulbapedia.bulbagarden.net/wiki/Piplup_(Pok%C3%A9mon)
2017-12-29 08:51:37,344	INFO: https://bulbapedia.bulbagarden.net/wiki/Prinplup_(Pok%C3%A9mon)
2017-12-29 08:51:38,047	INFO: https://bulbapedia.bulbagarden.net/wiki/Empoleon_(Pok%C3%A9mon)
2017-12-29 08:51:38,847	INFO: https://bulbapedia.bulbagarden.net/wiki/Starly_(Pok%C3%A9mon)
2017-12-29 08:51:39,529	INFO: https://bulbapedia.bulbagarden.net/wiki/Staravia_(Pok%C3%A9mon)
2017-12-29 08:51:40,290	INFO: https://bulbapedia.bulbagarden.net/wiki/Staraptor_(Pok%C3%A9mon)
2017-12-29 08:51:41,040	INFO: https://bulbapedia.bulbagarden.net/wiki/Bidoof_(Pok%C3%A9mon)
2017-12-29 08:51:41,773	INFO: https://bulbapedia.bulbagarden.net/wiki/Bibarel_(Pok%C3%A9mon)
2017-12-29 08:51:42,587	INFO: https://bulbapedia.bulbagarden.net/wiki/Kricketot_(Pok%C3%A9mon)
2017-12-29 08:51:43,284	INFO: https://bulbapedia.bulbagarden.net/wiki/Kricketune_(Pok%C3%A9mon)
2017-12-29 08:51:43,973	INFO: https://bulbapedia.bulbagarden.net/wiki/Shinx_(Pok%C3%A9mon)
2017-12-29 08:51:44,660	INFO: https://bulbapedia.bulbagarden.net/wiki/Luxio_(Pok%C3%A9mon)
2017-12-29 08:51:45,806	INFO: https://bulbapedia.bulbagarden.net/wiki/Luxray_(Pok%C3%A9mon)
2017-12-29 08:51:46,584	INFO: https://bulbapedia.bulbagarden.net/wiki/Budew_(Pok%C3%A9mon)
2017-12-29 08:51:47,302	INFO: https://bulbapedia.bulbagarden.net/wiki/Roserade_(Pok%C3%A9mon)
2017-12-29 08:51:48,021	INFO: https://bulbapedia.bulbagarden.net/wiki/Cranidos_(Pok%C3%A9mon)
2017-12-29 08:51:48,712	INFO: https://bulbapedia.bulbagarden.net/wiki/Rampardos_(Pok%C3%A9mon)
2017-12-29 08:51:49,501	INFO: https://bulbapedia.bulbagarden.net/wiki/Shieldon_(Pok%C3%A9mon)
2017-12-29 08:51:50,277	INFO: https://bulbapedia.bulbagarden.net/wiki/Bastiodon_(Pok%C3%A9mon)
2017-12-29 08:51:51,167	INFO: https://bulbapedia.bulbagarden.net/wiki/Burmy_(Pok%C3%A9mon)
2017-12-29 08:51:51,863	INFO: https://bulbapedia.bulbagarden.net/wiki/Wormadam_(Pok%C3%A9mon)
2017-12-29 08:51:52,891	INFO: https://bulbapedia.bulbagarden.net/wiki/Mothim_(Pok%C3%A9mon)
2017-12-29 08:51:53,603	INFO: https://bulbapedia.bulbagarden.net/wiki/Combee_(Pok%C3%A9mon)
2017-12-29 08:51:54,252	INFO: https://bulbapedia.bulbagarden.net/wiki/Vespiquen_(Pok%C3%A9mon)
2017-12-29 08:51:54,926	INFO: https://bulbapedia.bulbagarden.net/wiki/Pachirisu_(Pok%C3%A9mon)
2017-12-29 08:51:55,696	INFO: https://bulbapedia.bulbagarden.net/wiki/Buizel_(Pok%C3%A9mon)
2017-12-29 08:51:56,437	INFO: https://bulbapedia.bulbagarden.net/wiki/Floatzel_(Pok%C3%A9mon)
2017-12-29 08:51:57,237	INFO: https://bulbapedia.bulbagarden.net/wiki/Cherubi_(Pok%C3%A9mon)
2017-12-29 08:51:57,914	INFO: https://bulbapedia.bulbagarden.net/wiki/Cherrim_(Pok%C3%A9mon)
2017-12-29 08:51:58,641	INFO: https://bulbapedia.bulbagarden.net/wiki/Shellos_(Pok%C3%A9mon)
2017-12-29 08:51:59,373	INFO: https://bulbapedia.bulbagarden.net/wiki/Gastrodon_(Pok%C3%A9mon)
2017-12-29 08:52:00,077	INFO: https://bulbapedia.bulbagarden.net/wiki/Ambipom_(Pok%C3%A9mon)
2017-12-29 08:52:00,838	INFO: https://bulbapedia.bulbagarden.net/wiki/Drifloon_(Pok%C3%A9mon)
2017-12-29 08:52:01,523	INFO: https://bulbapedia.bulbagarden.net/wiki/Drifblim_(Pok%C3%A9mon)
2017-12-29 08:52:02,209	INFO: https://bulbapedia.bulbagarden.net/wiki/Buneary_(Pok%C3%A9mon)
2017-12-29 08:52:02,973	INFO: https://bulbapedia.bulbagarden.net/wiki/Lopunny_(Pok%C3%A9mon)
2017-12-29 08:52:03,792	INFO: https://bulbapedia.bulbagarden.net/wiki/Mismagius_(Pok%C3%A9mon)
2017-12-29 08:52:04,752	INFO: https://bulbapedia.bulbagarden.net/wiki/Honchkrow_(Pok%C3%A9mon)
2017-12-29 08:52:05,472	INFO: https://bulbapedia.bulbagarden.net/wiki/Glameow_(Pok%C3%A9mon)
2017-12-29 08:52:06,402	INFO: https://bulbapedia.bulbagarden.net/wiki/Purugly_(Pok%C3%A9mon)
2017-12-29 08:52:07,227	INFO: https://bulbapedia.bulbagarden.net/wiki/Chingling_(Pok%C3%A9mon)
2017-12-29 08:52:07,914	INFO: https://bulbapedia.bulbagarden.net/wiki/Stunky_(Pok%C3%A9mon)
2017-12-29 08:52:08,693	INFO: https://bulbapedia.bulbagarden.net/wiki/Skuntank_(Pok%C3%A9mon)
2017-12-29 08:52:09,430	INFO: https://bulbapedia.bulbagarden.net/wiki/Bronzor_(Pok%C3%A9mon)
2017-12-29 08:52:10,326	INFO: https://bulbapedia.bulbagarden.net/wiki/Bronzong_(Pok%C3%A9mon)
2017-12-29 08:52:11,059	INFO: https://bulbapedia.bulbagarden.net/wiki/Bonsly_(Pok%C3%A9mon)
2017-12-29 08:52:11,730	INFO: https://bulbapedia.bulbagarden.net/wiki/Mime_Jr._(Pok%C3%A9mon)
2017-12-29 08:52:12,480	INFO: https://bulbapedia.bulbagarden.net/wiki/Happiny_(Pok%C3%A9mon)
2017-12-29 08:52:13,192	INFO: https://bulbapedia.bulbagarden.net/wiki/Chatot_(Pok%C3%A9mon)
2017-12-29 08:52:13,900	INFO: https://bulbapedia.bulbagarden.net/wiki/Spiritomb_(Pok%C3%A9mon)
2017-12-29 08:52:14,755	INFO: https://bulbapedia.bulbagarden.net/wiki/Gible_(Pok%C3%A9mon)
2017-12-29 08:52:15,473	INFO: https://bulbapedia.bulbagarden.net/wiki/Gabite_(Pok%C3%A9mon)
2017-12-29 08:52:16,192	INFO: https://bulbapedia.bulbagarden.net/wiki/Garchomp_(Pok%C3%A9mon)
2017-12-29 08:52:16,962	INFO: https://bulbapedia.bulbagarden.net/wiki/Munchlax_(Pok%C3%A9mon)
2017-12-29 08:52:17,726	INFO: https://bulbapedia.bulbagarden.net/wiki/Riolu_(Pok%C3%A9mon)
2017-12-29 08:52:18,445	INFO: https://bulbapedia.bulbagarden.net/wiki/Lucario_(Pok%C3%A9mon)
2017-12-29 08:52:19,514	INFO: https://bulbapedia.bulbagarden.net/wiki/Hippopotas_(Pok%C3%A9mon)
2017-12-29 08:52:20,303	INFO: https://bulbapedia.bulbagarden.net/wiki/Hippowdon_(Pok%C3%A9mon)
2017-12-29 08:52:20,995	INFO: https://bulbapedia.bulbagarden.net/wiki/Skorupi_(Pok%C3%A9mon)
2017-12-29 08:52:21,656	INFO: https://bulbapedia.bulbagarden.net/wiki/Drapion_(Pok%C3%A9mon)
2017-12-29 08:52:22,359	INFO: https://bulbapedia.bulbagarden.net/wiki/Croagunk_(Pok%C3%A9mon)
2017-12-29 08:52:23,110	INFO: https://bulbapedia.bulbagarden.net/wiki/Toxicroak_(Pok%C3%A9mon)
2017-12-29 08:52:23,844	INFO: https://bulbapedia.bulbagarden.net/wiki/Carnivine_(Pok%C3%A9mon)
2017-12-29 08:52:24,576	INFO: https://bulbapedia.bulbagarden.net/wiki/Finneon_(Pok%C3%A9mon)
2017-12-29 08:52:25,248	INFO: https://bulbapedia.bulbagarden.net/wiki/Lumineon_(Pok%C3%A9mon)
2017-12-29 08:52:25,931	INFO: https://bulbapedia.bulbagarden.net/wiki/Mantyke_(Pok%C3%A9mon)
2017-12-29 08:52:26,766	INFO: https://bulbapedia.bulbagarden.net/wiki/Snover_(Pok%C3%A9mon)
2017-12-29 08:52:27,448	INFO: https://bulbapedia.bulbagarden.net/wiki/Abomasnow_(Pok%C3%A9mon)
2017-12-29 08:52:28,315	INFO: https://bulbapedia.bulbagarden.net/wiki/Weavile_(Pok%C3%A9mon)
2017-12-29 08:52:29,114	INFO: https://bulbapedia.bulbagarden.net/wiki/Magnezone_(Pok%C3%A9mon)
2017-12-29 08:52:29,785	INFO: https://bulbapedia.bulbagarden.net/wiki/Lickilicky_(Pok%C3%A9mon)
2017-12-29 08:52:30,536	INFO: https://bulbapedia.bulbagarden.net/wiki/Rhyperior_(Pok%C3%A9mon)
2017-12-29 08:52:31,290	INFO: https://bulbapedia.bulbagarden.net/wiki/Tangrowth_(Pok%C3%A9mon)
2017-12-29 08:52:32,049	INFO: https://bulbapedia.bulbagarden.net/wiki/Electivire_(Pok%C3%A9mon)
2017-12-29 08:52:32,816	INFO: https://bulbapedia.bulbagarden.net/wiki/Magmortar_(Pok%C3%A9mon)
2017-12-29 08:52:33,550	INFO: https://bulbapedia.bulbagarden.net/wiki/Togekiss_(Pok%C3%A9mon)
2017-12-29 08:52:34,335	INFO: https://bulbapedia.bulbagarden.net/wiki/Yanmega_(Pok%C3%A9mon)
2017-12-29 08:52:35,017	INFO: https://bulbapedia.bulbagarden.net/wiki/Leafeon_(Pok%C3%A9mon)
2017-12-29 08:52:35,741	INFO: https://bulbapedia.bulbagarden.net/wiki/Glaceon_(Pok%C3%A9mon)
2017-12-29 08:52:36,535	INFO: https://bulbapedia.bulbagarden.net/wiki/Gliscor_(Pok%C3%A9mon)
2017-12-29 08:52:37,448	INFO: https://bulbapedia.bulbagarden.net/wiki/Mamoswine_(Pok%C3%A9mon)
2017-12-29 08:52:38,217	INFO: https://bulbapedia.bulbagarden.net/wiki/Porygon-Z_(Pok%C3%A9mon)
2017-12-29 08:52:38,900	INFO: https://bulbapedia.bulbagarden.net/wiki/Gallade_(Pok%C3%A9mon)
2017-12-29 08:52:39,695	INFO: https://bulbapedia.bulbagarden.net/wiki/Probopass_(Pok%C3%A9mon)
2017-12-29 08:52:40,446	INFO: https://bulbapedia.bulbagarden.net/wiki/Dusknoir_(Pok%C3%A9mon)
2017-12-29 08:52:41,162	INFO: https://bulbapedia.bulbagarden.net/wiki/Froslass_(Pok%C3%A9mon)
2017-12-29 08:52:41,891	INFO: https://bulbapedia.bulbagarden.net/wiki/Rotom_(Pok%C3%A9mon)
2017-12-29 08:52:42,918	INFO: https://bulbapedia.bulbagarden.net/wiki/Uxie_(Pok%C3%A9mon)
2017-12-29 08:52:43,778	INFO: https://bulbapedia.bulbagarden.net/wiki/Mesprit_(Pok%C3%A9mon)
2017-12-29 08:52:44,491	INFO: https://bulbapedia.bulbagarden.net/wiki/Azelf_(Pok%C3%A9mon)
2017-12-29 08:52:45,258	INFO: https://bulbapedia.bulbagarden.net/wiki/Dialga_(Pok%C3%A9mon)
2017-12-29 08:52:45,989	INFO: https://bulbapedia.bulbagarden.net/wiki/Palkia_(Pok%C3%A9mon)
2017-12-29 08:52:46,703	INFO: https://bulbapedia.bulbagarden.net/wiki/Heatran_(Pok%C3%A9mon)
2017-12-29 08:52:47,422	INFO: https://bulbapedia.bulbagarden.net/wiki/Regigigas_(Pok%C3%A9mon)
2017-12-29 08:52:48,313	INFO: https://bulbapedia.bulbagarden.net/wiki/Giratina_(Pok%C3%A9mon)
2017-12-29 08:52:49,156	INFO: https://bulbapedia.bulbagarden.net/wiki/Cresselia_(Pok%C3%A9mon)
2017-12-29 08:52:49,829	INFO: https://bulbapedia.bulbagarden.net/wiki/Phione_(Pok%C3%A9mon)
2017-12-29 08:52:50,500	INFO: https://bulbapedia.bulbagarden.net/wiki/Manaphy_(Pok%C3%A9mon)
2017-12-29 08:52:51,220	INFO: https://bulbapedia.bulbagarden.net/wiki/Darkrai_(Pok%C3%A9mon)
2017-12-29 08:52:51,932	INFO: https://bulbapedia.bulbagarden.net/wiki/Shaymin_(Pok%C3%A9mon)
2017-12-29 08:52:52,751	INFO: https://bulbapedia.bulbagarden.net/wiki/Arceus_(Pok%C3%A9mon)
2017-12-29 08:52:53,770	INFO: https://bulbapedia.bulbagarden.net/wiki/Victini_(Pok%C3%A9mon)
2017-12-29 08:52:54,520	INFO: https://bulbapedia.bulbagarden.net/wiki/Snivy_(Pok%C3%A9mon)
2017-12-29 08:52:55,237	INFO: https://bulbapedia.bulbagarden.net/wiki/Servine_(Pok%C3%A9mon)
2017-12-29 08:52:55,903	INFO: https://bulbapedia.bulbagarden.net/wiki/Serperior_(Pok%C3%A9mon)
2017-12-29 08:52:56,619	INFO: https://bulbapedia.bulbagarden.net/wiki/Tepig_(Pok%C3%A9mon)
2017-12-29 08:52:57,530	INFO: https://bulbapedia.bulbagarden.net/wiki/Pignite_(Pok%C3%A9mon)
2017-12-29 08:52:58,216	INFO: https://bulbapedia.bulbagarden.net/wiki/Emboar_(Pok%C3%A9mon)
2017-12-29 08:52:58,980	INFO: https://bulbapedia.bulbagarden.net/wiki/Oshawott_(Pok%C3%A9mon)
2017-12-29 08:52:59,899	INFO: https://bulbapedia.bulbagarden.net/wiki/Dewott_(Pok%C3%A9mon)
2017-12-29 08:53:00,602	INFO: https://bulbapedia.bulbagarden.net/wiki/Samurott_(Pok%C3%A9mon)
2017-12-29 08:53:01,305	INFO: https://bulbapedia.bulbagarden.net/wiki/Patrat_(Pok%C3%A9mon)
2017-12-29 08:53:01,939	INFO: https://bulbapedia.bulbagarden.net/wiki/Watchog_(Pok%C3%A9mon)
2017-12-29 08:53:02,668	INFO: https://bulbapedia.bulbagarden.net/wiki/Lillipup_(Pok%C3%A9mon)
2017-12-29 08:53:03,303	INFO: https://bulbapedia.bulbagarden.net/wiki/Herdier_(Pok%C3%A9mon)
2017-12-29 08:53:03,982	INFO: https://bulbapedia.bulbagarden.net/wiki/Stoutland_(Pok%C3%A9mon)
2017-12-29 08:53:04,691	INFO: https://bulbapedia.bulbagarden.net/wiki/Purrloin_(Pok%C3%A9mon)
2017-12-29 08:53:05,365	INFO: https://bulbapedia.bulbagarden.net/wiki/Liepard_(Pok%C3%A9mon)
2017-12-29 08:53:06,257	INFO: https://bulbapedia.bulbagarden.net/wiki/Pansage_(Pok%C3%A9mon)
2017-12-29 08:53:07,093	INFO: https://bulbapedia.bulbagarden.net/wiki/Simisage_(Pok%C3%A9mon)
2017-12-29 08:53:07,750	INFO: https://bulbapedia.bulbagarden.net/wiki/Pansear_(Pok%C3%A9mon)
2017-12-29 08:53:08,582	INFO: https://bulbapedia.bulbagarden.net/wiki/Simisear_(Pok%C3%A9mon)
2017-12-29 08:53:09,300	INFO: https://bulbapedia.bulbagarden.net/wiki/Panpour_(Pok%C3%A9mon)
2017-12-29 08:53:10,015	INFO: https://bulbapedia.bulbagarden.net/wiki/Simipour_(Pok%C3%A9mon)
2017-12-29 08:53:10,716	INFO: https://bulbapedia.bulbagarden.net/wiki/Munna_(Pok%C3%A9mon)
2017-12-29 08:53:11,437	INFO: https://bulbapedia.bulbagarden.net/wiki/Musharna_(Pok%C3%A9mon)
2017-12-29 08:53:12,106	INFO: https://bulbapedia.bulbagarden.net/wiki/Pidove_(Pok%C3%A9mon)
2017-12-29 08:53:12,756	INFO: https://bulbapedia.bulbagarden.net/wiki/Tranquill_(Pok%C3%A9mon)
2017-12-29 08:53:13,433	INFO: https://bulbapedia.bulbagarden.net/wiki/Unfezant_(Pok%C3%A9mon)
2017-12-29 08:53:14,125	INFO: https://bulbapedia.bulbagarden.net/wiki/Blitzle_(Pok%C3%A9mon)
2017-12-29 08:53:14,793	INFO: https://bulbapedia.bulbagarden.net/wiki/Zebstrika_(Pok%C3%A9mon)
2017-12-29 08:53:15,542	INFO: https://bulbapedia.bulbagarden.net/wiki/Roggenrola_(Pok%C3%A9mon)
2017-12-29 08:53:16,157	INFO: https://bulbapedia.bulbagarden.net/wiki/Boldore_(Pok%C3%A9mon)
2017-12-29 08:53:16,801	INFO: https://bulbapedia.bulbagarden.net/wiki/Gigalith_(Pok%C3%A9mon)
2017-12-29 08:53:17,509	INFO: https://bulbapedia.bulbagarden.net/wiki/Woobat_(Pok%C3%A9mon)
2017-12-29 08:53:18,193	INFO: https://bulbapedia.bulbagarden.net/wiki/Swoobat_(Pok%C3%A9mon)
2017-12-29 08:53:18,887	INFO: https://bulbapedia.bulbagarden.net/wiki/Drilbur_(Pok%C3%A9mon)
2017-12-29 08:53:19,546	INFO: https://bulbapedia.bulbagarden.net/wiki/Excadrill_(Pok%C3%A9mon)
2017-12-29 08:53:20,216	INFO: https://bulbapedia.bulbagarden.net/wiki/Audino_(Pok%C3%A9mon)
2017-12-29 08:53:20,996	INFO: https://bulbapedia.bulbagarden.net/wiki/Timburr_(Pok%C3%A9mon)
2017-12-29 08:53:21,679	INFO: https://bulbapedia.bulbagarden.net/wiki/Gurdurr_(Pok%C3%A9mon)
2017-12-29 08:53:22,367	INFO: https://bulbapedia.bulbagarden.net/wiki/Conkeldurr_(Pok%C3%A9mon)
2017-12-29 08:53:23,029	INFO: https://bulbapedia.bulbagarden.net/wiki/Tympole_(Pok%C3%A9mon)
2017-12-29 08:53:23,721	INFO: https://bulbapedia.bulbagarden.net/wiki/Palpitoad_(Pok%C3%A9mon)
2017-12-29 08:53:24,376	INFO: https://bulbapedia.bulbagarden.net/wiki/Seismitoad_(Pok%C3%A9mon)
2017-12-29 08:53:25,048	INFO: https://bulbapedia.bulbagarden.net/wiki/Throh_(Pok%C3%A9mon)
2017-12-29 08:53:25,715	INFO: https://bulbapedia.bulbagarden.net/wiki/Sawk_(Pok%C3%A9mon)
2017-12-29 08:53:26,396	INFO: https://bulbapedia.bulbagarden.net/wiki/Sewaddle_(Pok%C3%A9mon)
2017-12-29 08:53:27,043	INFO: https://bulbapedia.bulbagarden.net/wiki/Swadloon_(Pok%C3%A9mon)
2017-12-29 08:53:27,721	INFO: https://bulbapedia.bulbagarden.net/wiki/Leavanny_(Pok%C3%A9mon)
2017-12-29 08:53:28,432	INFO: https://bulbapedia.bulbagarden.net/wiki/Venipede_(Pok%C3%A9mon)
2017-12-29 08:53:29,085	INFO: https://bulbapedia.bulbagarden.net/wiki/Whirlipede_(Pok%C3%A9mon)
2017-12-29 08:53:29,750	INFO: https://bulbapedia.bulbagarden.net/wiki/Scolipede_(Pok%C3%A9mon)
2017-12-29 08:53:30,436	INFO: https://bulbapedia.bulbagarden.net/wiki/Cottonee_(Pok%C3%A9mon)
2017-12-29 08:53:31,114	INFO: https://bulbapedia.bulbagarden.net/wiki/Whimsicott_(Pok%C3%A9mon)
2017-12-29 08:53:31,799	INFO: https://bulbapedia.bulbagarden.net/wiki/Petilil_(Pok%C3%A9mon)
2017-12-29 08:53:32,453	INFO: https://bulbapedia.bulbagarden.net/wiki/Lilligant_(Pok%C3%A9mon)
2017-12-29 08:53:33,076	INFO: https://bulbapedia.bulbagarden.net/wiki/Basculin_(Pok%C3%A9mon)
2017-12-29 08:53:33,760	INFO: https://bulbapedia.bulbagarden.net/wiki/Sandile_(Pok%C3%A9mon)
2017-12-29 08:53:34,438	INFO: https://bulbapedia.bulbagarden.net/wiki/Krokorok_(Pok%C3%A9mon)
2017-12-29 08:53:35,111	INFO: https://bulbapedia.bulbagarden.net/wiki/Krookodile_(Pok%C3%A9mon)
2017-12-29 08:53:35,867	INFO: https://bulbapedia.bulbagarden.net/wiki/Darumaka_(Pok%C3%A9mon)
2017-12-29 08:53:36,563	INFO: https://bulbapedia.bulbagarden.net/wiki/Darmanitan_(Pok%C3%A9mon)
2017-12-29 08:53:37,332	INFO: https://bulbapedia.bulbagarden.net/wiki/Maractus_(Pok%C3%A9mon)
2017-12-29 08:53:37,994	INFO: https://bulbapedia.bulbagarden.net/wiki/Dwebble_(Pok%C3%A9mon)
2017-12-29 08:53:38,623	INFO: https://bulbapedia.bulbagarden.net/wiki/Crustle_(Pok%C3%A9mon)
2017-12-29 08:53:39,275	INFO: https://bulbapedia.bulbagarden.net/wiki/Scraggy_(Pok%C3%A9mon)
2017-12-29 08:53:40,249	INFO: https://bulbapedia.bulbagarden.net/wiki/Scrafty_(Pok%C3%A9mon)
2017-12-29 08:53:40,940	INFO: https://bulbapedia.bulbagarden.net/wiki/Sigilyph_(Pok%C3%A9mon)
2017-12-29 08:53:41,618	INFO: https://bulbapedia.bulbagarden.net/wiki/Yamask_(Pok%C3%A9mon)
2017-12-29 08:53:42,286	INFO: https://bulbapedia.bulbagarden.net/wiki/Cofagrigus_(Pok%C3%A9mon)
2017-12-29 08:53:42,939	INFO: https://bulbapedia.bulbagarden.net/wiki/Tirtouga_(Pok%C3%A9mon)
2017-12-29 08:53:43,820	INFO: https://bulbapedia.bulbagarden.net/wiki/Carracosta_(Pok%C3%A9mon)
2017-12-29 08:53:44,481	INFO: https://bulbapedia.bulbagarden.net/wiki/Archen_(Pok%C3%A9mon)
2017-12-29 08:53:45,468	INFO: https://bulbapedia.bulbagarden.net/wiki/Archeops_(Pok%C3%A9mon)
2017-12-29 08:53:46,154	INFO: https://bulbapedia.bulbagarden.net/wiki/Trubbish_(Pok%C3%A9mon)
2017-12-29 08:53:46,801	INFO: https://bulbapedia.bulbagarden.net/wiki/Garbodor_(Pok%C3%A9mon)
2017-12-29 08:53:47,677	INFO: https://bulbapedia.bulbagarden.net/wiki/Zorua_(Pok%C3%A9mon)
2017-12-29 08:53:48,395	INFO: https://bulbapedia.bulbagarden.net/wiki/Zoroark_(Pok%C3%A9mon)
2017-12-29 08:53:49,085	INFO: https://bulbapedia.bulbagarden.net/wiki/Minccino_(Pok%C3%A9mon)
2017-12-29 08:53:50,152	INFO: https://bulbapedia.bulbagarden.net/wiki/Cinccino_(Pok%C3%A9mon)
2017-12-29 08:53:50,986	INFO: https://bulbapedia.bulbagarden.net/wiki/Gothita_(Pok%C3%A9mon)
2017-12-29 08:53:51,739	INFO: https://bulbapedia.bulbagarden.net/wiki/Gothorita_(Pok%C3%A9mon)
2017-12-29 08:53:52,450	INFO: https://bulbapedia.bulbagarden.net/wiki/Gothitelle_(Pok%C3%A9mon)
2017-12-29 08:53:53,168	INFO: https://bulbapedia.bulbagarden.net/wiki/Solosis_(Pok%C3%A9mon)
2017-12-29 08:53:53,828	INFO: https://bulbapedia.bulbagarden.net/wiki/Duosion_(Pok%C3%A9mon)
2017-12-29 08:53:54,499	INFO: https://bulbapedia.bulbagarden.net/wiki/Reuniclus_(Pok%C3%A9mon)
2017-12-29 08:53:55,213	INFO: https://bulbapedia.bulbagarden.net/wiki/Ducklett_(Pok%C3%A9mon)
2017-12-29 08:53:55,943	INFO: https://bulbapedia.bulbagarden.net/wiki/Swanna_(Pok%C3%A9mon)
2017-12-29 08:53:56,593	INFO: https://bulbapedia.bulbagarden.net/wiki/Vanillite_(Pok%C3%A9mon)
2017-12-29 08:53:57,281	INFO: https://bulbapedia.bulbagarden.net/wiki/Vanillish_(Pok%C3%A9mon)
2017-12-29 08:53:57,907	INFO: https://bulbapedia.bulbagarden.net/wiki/Vanilluxe_(Pok%C3%A9mon)
2017-12-29 08:53:58,547	INFO: https://bulbapedia.bulbagarden.net/wiki/Deerling_(Pok%C3%A9mon)
2017-12-29 08:53:59,279	INFO: https://bulbapedia.bulbagarden.net/wiki/Sawsbuck_(Pok%C3%A9mon)
2017-12-29 08:54:00,170	INFO: https://bulbapedia.bulbagarden.net/wiki/Emolga_(Pok%C3%A9mon)
2017-12-29 08:54:00,820	INFO: https://bulbapedia.bulbagarden.net/wiki/Karrablast_(Pok%C3%A9mon)
2017-12-29 08:54:01,602	INFO: https://bulbapedia.bulbagarden.net/wiki/Escavalier_(Pok%C3%A9mon)
2017-12-29 08:54:02,273	INFO: https://bulbapedia.bulbagarden.net/wiki/Foongus_(Pok%C3%A9mon)
2017-12-29 08:54:02,893	INFO: https://bulbapedia.bulbagarden.net/wiki/Amoonguss_(Pok%C3%A9mon)
2017-12-29 08:54:03,580	INFO: https://bulbapedia.bulbagarden.net/wiki/Frillish_(Pok%C3%A9mon)
2017-12-29 08:54:04,251	INFO: https://bulbapedia.bulbagarden.net/wiki/Jellicent_(Pok%C3%A9mon)
2017-12-29 08:54:04,902	INFO: https://bulbapedia.bulbagarden.net/wiki/Alomomola_(Pok%C3%A9mon)
2017-12-29 08:54:05,977	INFO: https://bulbapedia.bulbagarden.net/wiki/Joltik_(Pok%C3%A9mon)
2017-12-29 08:54:06,632	INFO: https://bulbapedia.bulbagarden.net/wiki/Galvantula_(Pok%C3%A9mon)
2017-12-29 08:54:07,260	INFO: https://bulbapedia.bulbagarden.net/wiki/Ferroseed_(Pok%C3%A9mon)
2017-12-29 08:54:08,234	INFO: https://bulbapedia.bulbagarden.net/wiki/Ferrothorn_(Pok%C3%A9mon)
2017-12-29 08:54:08,895	INFO: https://bulbapedia.bulbagarden.net/wiki/Klink_(Pok%C3%A9mon)
2017-12-29 08:54:09,499	INFO: https://bulbapedia.bulbagarden.net/wiki/Klang_(Pok%C3%A9mon)
2017-12-29 08:54:10,111	INFO: https://bulbapedia.bulbagarden.net/wiki/Klinklang_(Pok%C3%A9mon)
2017-12-29 08:54:10,778	INFO: https://bulbapedia.bulbagarden.net/wiki/Tynamo_(Pok%C3%A9mon)
2017-12-29 08:54:11,324	INFO: https://bulbapedia.bulbagarden.net/wiki/Eelektrik_(Pok%C3%A9mon)
2017-12-29 08:54:11,941	INFO: https://bulbapedia.bulbagarden.net/wiki/Eelektross_(Pok%C3%A9mon)
2017-12-29 08:54:12,871	INFO: https://bulbapedia.bulbagarden.net/wiki/Elgyem_(Pok%C3%A9mon)
2017-12-29 08:54:13,647	INFO: https://bulbapedia.bulbagarden.net/wiki/Beheeyem_(Pok%C3%A9mon)
2017-12-29 08:54:14,306	INFO: https://bulbapedia.bulbagarden.net/wiki/Litwick_(Pok%C3%A9mon)
2017-12-29 08:54:14,993	INFO: https://bulbapedia.bulbagarden.net/wiki/Lampent_(Pok%C3%A9mon)
2017-12-29 08:54:15,656	INFO: https://bulbapedia.bulbagarden.net/wiki/Chandelure_(Pok%C3%A9mon)
2017-12-29 08:54:16,353	INFO: https://bulbapedia.bulbagarden.net/wiki/Axew_(Pok%C3%A9mon)
2017-12-29 08:54:17,096	INFO: https://bulbapedia.bulbagarden.net/wiki/Fraxure_(Pok%C3%A9mon)
2017-12-29 08:54:17,969	INFO: https://bulbapedia.bulbagarden.net/wiki/Haxorus_(Pok%C3%A9mon)
2017-12-29 08:54:18,652	INFO: https://bulbapedia.bulbagarden.net/wiki/Cubchoo_(Pok%C3%A9mon)
2017-12-29 08:54:19,311	INFO: https://bulbapedia.bulbagarden.net/wiki/Beartic_(Pok%C3%A9mon)
2017-12-29 08:54:20,011	INFO: https://bulbapedia.bulbagarden.net/wiki/Cryogonal_(Pok%C3%A9mon)
2017-12-29 08:54:20,786	INFO: https://bulbapedia.bulbagarden.net/wiki/Shelmet_(Pok%C3%A9mon)
2017-12-29 08:54:21,429	INFO: https://bulbapedia.bulbagarden.net/wiki/Accelgor_(Pok%C3%A9mon)
2017-12-29 08:54:22,095	INFO: https://bulbapedia.bulbagarden.net/wiki/Stunfisk_(Pok%C3%A9mon)
2017-12-29 08:54:22,783	INFO: https://bulbapedia.bulbagarden.net/wiki/Mienfoo_(Pok%C3%A9mon)
2017-12-29 08:54:23,502	INFO: https://bulbapedia.bulbagarden.net/wiki/Mienshao_(Pok%C3%A9mon)
2017-12-29 08:54:24,179	INFO: https://bulbapedia.bulbagarden.net/wiki/Druddigon_(Pok%C3%A9mon)
2017-12-29 08:54:25,087	INFO: https://bulbapedia.bulbagarden.net/wiki/Golett_(Pok%C3%A9mon)
2017-12-29 08:54:25,771	INFO: https://bulbapedia.bulbagarden.net/wiki/Golurk_(Pok%C3%A9mon)
2017-12-29 08:54:26,452	INFO: https://bulbapedia.bulbagarden.net/wiki/Pawniard_(Pok%C3%A9mon)
2017-12-29 08:54:27,094	INFO: https://bulbapedia.bulbagarden.net/wiki/Bisharp_(Pok%C3%A9mon)
2017-12-29 08:54:27,801	INFO: https://bulbapedia.bulbagarden.net/wiki/Bouffalant_(Pok%C3%A9mon)
2017-12-29 08:54:28,440	INFO: https://bulbapedia.bulbagarden.net/wiki/Rufflet_(Pok%C3%A9mon)
2017-12-29 08:54:29,064	INFO: https://bulbapedia.bulbagarden.net/wiki/Braviary_(Pok%C3%A9mon)
2017-12-29 08:54:29,708	INFO: https://bulbapedia.bulbagarden.net/wiki/Vullaby_(Pok%C3%A9mon)
2017-12-29 08:54:30,631	INFO: https://bulbapedia.bulbagarden.net/wiki/Mandibuzz_(Pok%C3%A9mon)
2017-12-29 08:54:31,312	INFO: https://bulbapedia.bulbagarden.net/wiki/Heatmor_(Pok%C3%A9mon)
2017-12-29 08:54:31,966	INFO: https://bulbapedia.bulbagarden.net/wiki/Durant_(Pok%C3%A9mon)
2017-12-29 08:54:32,603	INFO: https://bulbapedia.bulbagarden.net/wiki/Deino_(Pok%C3%A9mon)
2017-12-29 08:54:33,286	INFO: https://bulbapedia.bulbagarden.net/wiki/Zweilous_(Pok%C3%A9mon)
2017-12-29 08:54:34,158	INFO: https://bulbapedia.bulbagarden.net/wiki/Hydreigon_(Pok%C3%A9mon)
2017-12-29 08:54:35,105	INFO: https://bulbapedia.bulbagarden.net/wiki/Larvesta_(Pok%C3%A9mon)
2017-12-29 08:54:35,755	INFO: https://bulbapedia.bulbagarden.net/wiki/Volcarona_(Pok%C3%A9mon)
2017-12-29 08:54:36,427	INFO: https://bulbapedia.bulbagarden.net/wiki/Cobalion_(Pok%C3%A9mon)
2017-12-29 08:54:37,535	INFO: https://bulbapedia.bulbagarden.net/wiki/Terrakion_(Pok%C3%A9mon)
2017-12-29 08:54:38,164	INFO: https://bulbapedia.bulbagarden.net/wiki/Virizion_(Pok%C3%A9mon)
2017-12-29 08:54:38,818	INFO: https://bulbapedia.bulbagarden.net/wiki/Tornadus_(Pok%C3%A9mon)
2017-12-29 08:54:39,529	INFO: https://bulbapedia.bulbagarden.net/wiki/Thundurus_(Pok%C3%A9mon)
2017-12-29 08:54:40,357	INFO: https://bulbapedia.bulbagarden.net/wiki/Reshiram_(Pok%C3%A9mon)
2017-12-29 08:54:41,042	INFO: https://bulbapedia.bulbagarden.net/wiki/Zekrom_(Pok%C3%A9mon)
2017-12-29 08:54:41,731	INFO: https://bulbapedia.bulbagarden.net/wiki/Landorus_(Pok%C3%A9mon)
2017-12-29 08:54:42,409	INFO: https://bulbapedia.bulbagarden.net/wiki/Kyurem_(Pok%C3%A9mon)
2017-12-29 08:54:43,221	INFO: https://bulbapedia.bulbagarden.net/wiki/Keldeo_(Pok%C3%A9mon)
2017-12-29 08:54:43,903	INFO: https://bulbapedia.bulbagarden.net/wiki/Meloetta_(Pok%C3%A9mon)
2017-12-29 08:54:44,723	INFO: https://bulbapedia.bulbagarden.net/wiki/Genesect_(Pok%C3%A9mon)
2017-12-29 08:54:45,455	INFO: https://bulbapedia.bulbagarden.net/wiki/Chespin_(Pok%C3%A9mon)
2017-12-29 08:54:46,138	INFO: https://bulbapedia.bulbagarden.net/wiki/Quilladin_(Pok%C3%A9mon)
2017-12-29 08:54:46,840	INFO: https://bulbapedia.bulbagarden.net/wiki/Chesnaught_(Pok%C3%A9mon)
2017-12-29 08:54:47,785	INFO: https://bulbapedia.bulbagarden.net/wiki/Fennekin_(Pok%C3%A9mon)
2017-12-29 08:54:48,422	INFO: https://bulbapedia.bulbagarden.net/wiki/Braixen_(Pok%C3%A9mon)
2017-12-29 08:54:49,324	INFO: https://bulbapedia.bulbagarden.net/wiki/Delphox_(Pok%C3%A9mon)
2017-12-29 08:54:50,011	INFO: https://bulbapedia.bulbagarden.net/wiki/Froakie_(Pok%C3%A9mon)
2017-12-29 08:54:50,659	INFO: https://bulbapedia.bulbagarden.net/wiki/Frogadier_(Pok%C3%A9mon)
2017-12-29 08:54:51,449	INFO: https://bulbapedia.bulbagarden.net/wiki/Greninja_(Pok%C3%A9mon)
2017-12-29 08:54:52,159	INFO: https://bulbapedia.bulbagarden.net/wiki/Bunnelby_(Pok%C3%A9mon)
2017-12-29 08:54:52,779	INFO: https://bulbapedia.bulbagarden.net/wiki/Diggersby_(Pok%C3%A9mon)
2017-12-29 08:54:53,947	INFO: https://bulbapedia.bulbagarden.net/wiki/Fletchling_(Pok%C3%A9mon)
2017-12-29 08:54:54,586	INFO: https://bulbapedia.bulbagarden.net/wiki/Fletchinder_(Pok%C3%A9mon)
2017-12-29 08:54:55,190	INFO: https://bulbapedia.bulbagarden.net/wiki/Talonflame_(Pok%C3%A9mon)
2017-12-29 08:54:55,839	INFO: https://bulbapedia.bulbagarden.net/wiki/Scatterbug_(Pok%C3%A9mon)
2017-12-29 08:54:56,378	INFO: https://bulbapedia.bulbagarden.net/wiki/Spewpa_(Pok%C3%A9mon)
2017-12-29 08:54:57,115	INFO: https://bulbapedia.bulbagarden.net/wiki/Vivillon_(Pok%C3%A9mon)
2017-12-29 08:54:57,762	INFO: https://bulbapedia.bulbagarden.net/wiki/Litleo_(Pok%C3%A9mon)
2017-12-29 08:54:58,469	INFO: https://bulbapedia.bulbagarden.net/wiki/Pyroar_(Pok%C3%A9mon)
2017-12-29 08:54:59,135	INFO: https://bulbapedia.bulbagarden.net/wiki/Flab%C3%A9b%C3%A9_(Pok%C3%A9mon)
2017-12-29 08:54:59,783	INFO: https://bulbapedia.bulbagarden.net/wiki/Floette_(Pok%C3%A9mon)
2017-12-29 08:55:00,452	INFO: https://bulbapedia.bulbagarden.net/wiki/Florges_(Pok%C3%A9mon)
2017-12-29 08:55:01,093	INFO: https://bulbapedia.bulbagarden.net/wiki/Skiddo_(Pok%C3%A9mon)
2017-12-29 08:55:01,697	INFO: https://bulbapedia.bulbagarden.net/wiki/Gogoat_(Pok%C3%A9mon)
2017-12-29 08:55:02,416	INFO: https://bulbapedia.bulbagarden.net/wiki/Pancham_(Pok%C3%A9mon)
2017-12-29 08:55:03,085	INFO: https://bulbapedia.bulbagarden.net/wiki/Pangoro_(Pok%C3%A9mon)
2017-12-29 08:55:03,786	INFO: https://bulbapedia.bulbagarden.net/wiki/Furfrou_(Pok%C3%A9mon)
2017-12-29 08:55:04,700	INFO: https://bulbapedia.bulbagarden.net/wiki/Espurr_(Pok%C3%A9mon)
2017-12-29 08:55:05,358	INFO: https://bulbapedia.bulbagarden.net/wiki/Meowstic_(Pok%C3%A9mon)
2017-12-29 08:55:06,040	INFO: https://bulbapedia.bulbagarden.net/wiki/Honedge_(Pok%C3%A9mon)
2017-12-29 08:55:06,678	INFO: https://bulbapedia.bulbagarden.net/wiki/Doublade_(Pok%C3%A9mon)
2017-12-29 08:55:07,291	INFO: https://bulbapedia.bulbagarden.net/wiki/Aegislash_(Pok%C3%A9mon)
2017-12-29 08:55:07,987	INFO: https://bulbapedia.bulbagarden.net/wiki/Spritzee_(Pok%C3%A9mon)
2017-12-29 08:55:08,604	INFO: https://bulbapedia.bulbagarden.net/wiki/Aromatisse_(Pok%C3%A9mon)
2017-12-29 08:55:09,254	INFO: https://bulbapedia.bulbagarden.net/wiki/Swirlix_(Pok%C3%A9mon)
2017-12-29 08:55:09,889	INFO: https://bulbapedia.bulbagarden.net/wiki/Slurpuff_(Pok%C3%A9mon)
2017-12-29 08:55:10,556	INFO: https://bulbapedia.bulbagarden.net/wiki/Inkay_(Pok%C3%A9mon)
2017-12-29 08:55:11,225	INFO: https://bulbapedia.bulbagarden.net/wiki/Malamar_(Pok%C3%A9mon)
2017-12-29 08:55:11,881	INFO: https://bulbapedia.bulbagarden.net/wiki/Binacle_(Pok%C3%A9mon)
2017-12-29 08:55:12,520	INFO: https://bulbapedia.bulbagarden.net/wiki/Barbaracle_(Pok%C3%A9mon)
2017-12-29 08:55:13,253	INFO: https://bulbapedia.bulbagarden.net/wiki/Skrelp_(Pok%C3%A9mon)
2017-12-29 08:55:13,841	INFO: https://bulbapedia.bulbagarden.net/wiki/Dragalge_(Pok%C3%A9mon)
2017-12-29 08:55:14,586	INFO: https://bulbapedia.bulbagarden.net/wiki/Clauncher_(Pok%C3%A9mon)
2017-12-29 08:55:15,182	INFO: https://bulbapedia.bulbagarden.net/wiki/Clawitzer_(Pok%C3%A9mon)
2017-12-29 08:55:15,875	INFO: https://bulbapedia.bulbagarden.net/wiki/Helioptile_(Pok%C3%A9mon)
2017-12-29 08:55:16,591	INFO: https://bulbapedia.bulbagarden.net/wiki/Heliolisk_(Pok%C3%A9mon)
2017-12-29 08:55:17,371	INFO: https://bulbapedia.bulbagarden.net/wiki/Tyrunt_(Pok%C3%A9mon)
2017-12-29 08:55:18,088	INFO: https://bulbapedia.bulbagarden.net/wiki/Tyrantrum_(Pok%C3%A9mon)
2017-12-29 08:55:18,739	INFO: https://bulbapedia.bulbagarden.net/wiki/Amaura_(Pok%C3%A9mon)
2017-12-29 08:55:19,386	INFO: https://bulbapedia.bulbagarden.net/wiki/Aurorus_(Pok%C3%A9mon)
2017-12-29 08:55:20,107	INFO: https://bulbapedia.bulbagarden.net/wiki/Sylveon_(Pok%C3%A9mon)
2017-12-29 08:55:20,795	INFO: https://bulbapedia.bulbagarden.net/wiki/Hawlucha_(Pok%C3%A9mon)
2017-12-29 08:55:21,458	INFO: https://bulbapedia.bulbagarden.net/wiki/Dedenne_(Pok%C3%A9mon)
2017-12-29 08:55:22,148	INFO: https://bulbapedia.bulbagarden.net/wiki/Carbink_(Pok%C3%A9mon)
2017-12-29 08:55:22,794	INFO: https://bulbapedia.bulbagarden.net/wiki/Goomy_(Pok%C3%A9mon)
2017-12-29 08:55:23,439	INFO: https://bulbapedia.bulbagarden.net/wiki/Sliggoo_(Pok%C3%A9mon)
2017-12-29 08:55:24,044	INFO: https://bulbapedia.bulbagarden.net/wiki/Goodra_(Pok%C3%A9mon)
2017-12-29 08:55:24,766	INFO: https://bulbapedia.bulbagarden.net/wiki/Klefki_(Pok%C3%A9mon)
2017-12-29 08:55:25,389	INFO: https://bulbapedia.bulbagarden.net/wiki/Phantump_(Pok%C3%A9mon)
2017-12-29 08:55:26,011	INFO: https://bulbapedia.bulbagarden.net/wiki/Trevenant_(Pok%C3%A9mon)
2017-12-29 08:55:26,757	INFO: https://bulbapedia.bulbagarden.net/wiki/Pumpkaboo_(Pok%C3%A9mon)
2017-12-29 08:55:27,416	INFO: https://bulbapedia.bulbagarden.net/wiki/Gourgeist_(Pok%C3%A9mon)
2017-12-29 08:55:28,275	INFO: https://bulbapedia.bulbagarden.net/wiki/Bergmite_(Pok%C3%A9mon)
2017-12-29 08:55:28,870	INFO: https://bulbapedia.bulbagarden.net/wiki/Avalugg_(Pok%C3%A9mon)
2017-12-29 08:55:29,527	INFO: https://bulbapedia.bulbagarden.net/wiki/Noibat_(Pok%C3%A9mon)
2017-12-29 08:55:30,133	INFO: https://bulbapedia.bulbagarden.net/wiki/Noivern_(Pok%C3%A9mon)
2017-12-29 08:55:30,869	INFO: https://bulbapedia.bulbagarden.net/wiki/Xerneas_(Pok%C3%A9mon)
2017-12-29 08:55:31,520	INFO: https://bulbapedia.bulbagarden.net/wiki/Yveltal_(Pok%C3%A9mon)
2017-12-29 08:55:32,208	INFO: https://bulbapedia.bulbagarden.net/wiki/Zygarde_(Pok%C3%A9mon)
2017-12-29 08:55:32,960	INFO: https://bulbapedia.bulbagarden.net/wiki/Diancie_(Pok%C3%A9mon)
2017-12-29 08:55:33,614	INFO: https://bulbapedia.bulbagarden.net/wiki/Hoopa_(Pok%C3%A9mon)
2017-12-29 08:55:34,381	INFO: https://bulbapedia.bulbagarden.net/wiki/Volcanion_(Pok%C3%A9mon)
2017-12-29 08:55:35,033	INFO: https://bulbapedia.bulbagarden.net/wiki/Rowlet_(Pok%C3%A9mon)
2017-12-29 08:55:35,704	INFO: https://bulbapedia.bulbagarden.net/wiki/Dartrix_(Pok%C3%A9mon)
2017-12-29 08:55:36,304	INFO: https://bulbapedia.bulbagarden.net/wiki/Decidueye_(Pok%C3%A9mon)
2017-12-29 08:55:36,965	INFO: https://bulbapedia.bulbagarden.net/wiki/Litten_(Pok%C3%A9mon)
2017-12-29 08:55:37,767	INFO: https://bulbapedia.bulbagarden.net/wiki/Torracat_(Pok%C3%A9mon)
2017-12-29 08:55:38,392	INFO: https://bulbapedia.bulbagarden.net/wiki/Incineroar_(Pok%C3%A9mon)
2017-12-29 08:55:39,057	INFO: https://bulbapedia.bulbagarden.net/wiki/Popplio_(Pok%C3%A9mon)
2017-12-29 08:55:39,701	INFO: https://bulbapedia.bulbagarden.net/wiki/Brionne_(Pok%C3%A9mon)
2017-12-29 08:55:40,476	INFO: https://bulbapedia.bulbagarden.net/wiki/Primarina_(Pok%C3%A9mon)
2017-12-29 08:55:41,085	INFO: https://bulbapedia.bulbagarden.net/wiki/Pikipek_(Pok%C3%A9mon)
2017-12-29 08:55:41,726	INFO: https://bulbapedia.bulbagarden.net/wiki/Trumbeak_(Pok%C3%A9mon)
2017-12-29 08:55:42,351	INFO: https://bulbapedia.bulbagarden.net/wiki/Toucannon_(Pok%C3%A9mon)
2017-12-29 08:55:42,988	INFO: https://bulbapedia.bulbagarden.net/wiki/Yungoos_(Pok%C3%A9mon)
2017-12-29 08:55:43,613	INFO: https://bulbapedia.bulbagarden.net/wiki/Gumshoos_(Pok%C3%A9mon)
2017-12-29 08:55:44,255	INFO: https://bulbapedia.bulbagarden.net/wiki/Grubbin_(Pok%C3%A9mon)
2017-12-29 08:55:44,846	INFO: https://bulbapedia.bulbagarden.net/wiki/Charjabug_(Pok%C3%A9mon)
2017-12-29 08:55:45,442	INFO: https://bulbapedia.bulbagarden.net/wiki/Vikavolt_(Pok%C3%A9mon)
2017-12-29 08:55:58,137	INFO: https://bulbapedia.bulbagarden.net/wiki/Crabrawler_(Pok%C3%A9mon)
2017-12-29 08:55:58,864	INFO: https://bulbapedia.bulbagarden.net/wiki/Crabominable_(Pok%C3%A9mon)
2017-12-29 08:55:59,503	INFO: https://bulbapedia.bulbagarden.net/wiki/Oricorio_(Pok%C3%A9mon)
2017-12-29 08:56:00,534	INFO: https://bulbapedia.bulbagarden.net/wiki/Cutiefly_(Pok%C3%A9mon)
2017-12-29 08:56:01,173	INFO: https://bulbapedia.bulbagarden.net/wiki/Ribombee_(Pok%C3%A9mon)
2017-12-29 08:56:01,833	INFO: https://bulbapedia.bulbagarden.net/wiki/Rockruff_(Pok%C3%A9mon)
2017-12-29 08:56:02,504	INFO: https://bulbapedia.bulbagarden.net/wiki/Lycanroc_(Pok%C3%A9mon)
2017-12-29 08:56:03,414	INFO: https://bulbapedia.bulbagarden.net/wiki/Wishiwashi_(Pok%C3%A9mon)
2017-12-29 08:56:04,088	INFO: https://bulbapedia.bulbagarden.net/wiki/Mareanie_(Pok%C3%A9mon)
2017-12-29 08:56:04,712	INFO: https://bulbapedia.bulbagarden.net/wiki/Toxapex_(Pok%C3%A9mon)
2017-12-29 08:56:05,381	INFO: https://bulbapedia.bulbagarden.net/wiki/Mudbray_(Pok%C3%A9mon)
2017-12-29 08:56:06,010	INFO: https://bulbapedia.bulbagarden.net/wiki/Mudsdale_(Pok%C3%A9mon)
2017-12-29 08:56:06,885	INFO: https://bulbapedia.bulbagarden.net/wiki/Dewpider_(Pok%C3%A9mon)
2017-12-29 08:56:07,525	INFO: https://bulbapedia.bulbagarden.net/wiki/Araquanid_(Pok%C3%A9mon)
2017-12-29 08:56:08,142	INFO: https://bulbapedia.bulbagarden.net/wiki/Fomantis_(Pok%C3%A9mon)
2017-12-29 08:56:08,807	INFO: https://bulbapedia.bulbagarden.net/wiki/Lurantis_(Pok%C3%A9mon)
2017-12-29 08:56:09,435	INFO: https://bulbapedia.bulbagarden.net/wiki/Morelull_(Pok%C3%A9mon)
2017-12-29 08:56:10,103	INFO: https://bulbapedia.bulbagarden.net/wiki/Shiinotic_(Pok%C3%A9mon)
2017-12-29 08:56:10,802	INFO: https://bulbapedia.bulbagarden.net/wiki/Salandit_(Pok%C3%A9mon)
2017-12-29 08:56:11,431	INFO: https://bulbapedia.bulbagarden.net/wiki/Salazzle_(Pok%C3%A9mon)
2017-12-29 08:56:12,093	INFO: https://bulbapedia.bulbagarden.net/wiki/Stufful_(Pok%C3%A9mon)
2017-12-29 08:56:12,735	INFO: https://bulbapedia.bulbagarden.net/wiki/Bewear_(Pok%C3%A9mon)
2017-12-29 08:56:13,448	INFO: https://bulbapedia.bulbagarden.net/wiki/Bounsweet_(Pok%C3%A9mon)
2017-12-29 08:56:14,037	INFO: https://bulbapedia.bulbagarden.net/wiki/Steenee_(Pok%C3%A9mon)
2017-12-29 08:56:14,964	INFO: https://bulbapedia.bulbagarden.net/wiki/Tsareena_(Pok%C3%A9mon)
2017-12-29 08:56:15,589	INFO: https://bulbapedia.bulbagarden.net/wiki/Comfey_(Pok%C3%A9mon)
2017-12-29 08:56:16,257	INFO: https://bulbapedia.bulbagarden.net/wiki/Oranguru_(Pok%C3%A9mon)
2017-12-29 08:56:16,959	INFO: https://bulbapedia.bulbagarden.net/wiki/Passimian_(Pok%C3%A9mon)
2017-12-29 08:56:17,674	INFO: https://bulbapedia.bulbagarden.net/wiki/Wimpod_(Pok%C3%A9mon)
2017-12-29 08:56:18,270	INFO: https://bulbapedia.bulbagarden.net/wiki/Golisopod_(Pok%C3%A9mon)
2017-12-29 08:56:19,078	INFO: https://bulbapedia.bulbagarden.net/wiki/Sandygast_(Pok%C3%A9mon)
2017-12-29 08:56:19,740	INFO: https://bulbapedia.bulbagarden.net/wiki/Palossand_(Pok%C3%A9mon)
2017-12-29 08:56:20,416	INFO: https://bulbapedia.bulbagarden.net/wiki/Pyukumuku_(Pok%C3%A9mon)
2017-12-29 08:56:21,020	INFO: https://bulbapedia.bulbagarden.net/wiki/Type:_Null_(Pok%C3%A9mon)
2017-12-29 08:56:21,625	INFO: https://bulbapedia.bulbagarden.net/wiki/Silvally_(Pok%C3%A9mon)
2017-12-29 08:56:22,408	INFO: https://bulbapedia.bulbagarden.net/wiki/Minior_(Pok%C3%A9mon)
2017-12-29 08:56:23,068	INFO: https://bulbapedia.bulbagarden.net/wiki/Komala_(Pok%C3%A9mon)
2017-12-29 08:56:23,704	INFO: https://bulbapedia.bulbagarden.net/wiki/Turtonator_(Pok%C3%A9mon)
2017-12-29 08:56:24,404	INFO: https://bulbapedia.bulbagarden.net/wiki/Togedemaru_(Pok%C3%A9mon)
2017-12-29 08:56:25,079	INFO: https://bulbapedia.bulbagarden.net/wiki/Mimikyu_(Pok%C3%A9mon)
2017-12-29 08:56:25,775	INFO: https://bulbapedia.bulbagarden.net/wiki/Bruxish_(Pok%C3%A9mon)
2017-12-29 08:56:26,419	INFO: https://bulbapedia.bulbagarden.net/wiki/Drampa_(Pok%C3%A9mon)
2017-12-29 08:56:27,076	INFO: https://bulbapedia.bulbagarden.net/wiki/Dhelmise_(Pok%C3%A9mon)
2017-12-29 08:56:27,700	INFO: https://bulbapedia.bulbagarden.net/wiki/Jangmo-o_(Pok%C3%A9mon)
2017-12-29 08:56:28,301	INFO: https://bulbapedia.bulbagarden.net/wiki/Hakamo-o_(Pok%C3%A9mon)
2017-12-29 08:56:29,014	INFO: https://bulbapedia.bulbagarden.net/wiki/Kommo-o_(Pok%C3%A9mon)
2017-12-29 08:56:29,745	INFO: https://bulbapedia.bulbagarden.net/wiki/Tapu_Koko_(Pok%C3%A9mon)
2017-12-29 08:56:30,403	INFO: https://bulbapedia.bulbagarden.net/wiki/Tapu_Lele_(Pok%C3%A9mon)
2017-12-29 08:56:31,077	INFO: https://bulbapedia.bulbagarden.net/wiki/Tapu_Bulu_(Pok%C3%A9mon)
2017-12-29 08:56:31,712	INFO: https://bulbapedia.bulbagarden.net/wiki/Tapu_Fini_(Pok%C3%A9mon)
2017-12-29 08:56:32,343	INFO: https://bulbapedia.bulbagarden.net/wiki/Cosmog_(Pok%C3%A9mon)
2017-12-29 08:56:32,965	INFO: https://bulbapedia.bulbagarden.net/wiki/Cosmoem_(Pok%C3%A9mon)
2017-12-29 08:56:33,548	INFO: https://bulbapedia.bulbagarden.net/wiki/Solgaleo_(Pok%C3%A9mon)
2017-12-29 08:56:34,193	INFO: https://bulbapedia.bulbagarden.net/wiki/Lunala_(Pok%C3%A9mon)
2017-12-29 08:56:34,875	INFO: https://bulbapedia.bulbagarden.net/wiki/Nihilego_(Pok%C3%A9mon)
2017-12-29 08:56:35,533	INFO: https://bulbapedia.bulbagarden.net/wiki/Buzzwole_(Pok%C3%A9mon)
2017-12-29 08:56:36,224	INFO: https://bulbapedia.bulbagarden.net/wiki/Pheromosa_(Pok%C3%A9mon)
2017-12-29 08:56:36,810	INFO: https://bulbapedia.bulbagarden.net/wiki/Xurkitree_(Pok%C3%A9mon)
2017-12-29 08:56:37,423	INFO: https://bulbapedia.bulbagarden.net/wiki/Celesteela_(Pok%C3%A9mon)
2017-12-29 08:56:38,089	INFO: https://bulbapedia.bulbagarden.net/wiki/Kartana_(Pok%C3%A9mon)
2017-12-29 08:56:38,832	INFO: https://bulbapedia.bulbagarden.net/wiki/Guzzlord_(Pok%C3%A9mon)
2017-12-29 08:56:39,464	INFO: https://bulbapedia.bulbagarden.net/wiki/Necrozma_(Pok%C3%A9mon)
2017-12-29 08:56:40,512	INFO: https://bulbapedia.bulbagarden.net/wiki/Magearna_(Pok%C3%A9mon)
2017-12-29 08:56:41,325	INFO: https://bulbapedia.bulbagarden.net/wiki/Marshadow_(Pok%C3%A9mon)
2017-12-29 08:56:41,972	INFO: https://bulbapedia.bulbagarden.net/wiki/Poipole_(Pok%C3%A9mon)
2017-12-29 08:56:42,577	INFO: https://bulbapedia.bulbagarden.net/wiki/Naganadel_(Pok%C3%A9mon)
2017-12-29 08:56:43,401	INFO: https://bulbapedia.bulbagarden.net/wiki/Stakataka_(Pok%C3%A9mon)
2017-12-29 08:56:44,014	INFO: https://bulbapedia.bulbagarden.net/wiki/Blacephalon_(Pok%C3%A9mon)
2017-12-29 08:56:44,820	INFO: https://bulbapedia.bulbagarden.net/wiki/Zeraora_(Pok%C3%A9mon)
2017-12-29 08:56:45,438	INFO: https://bulbapedia.bulbagarden.net/wiki/Bulbasaur_(Pok%C3%A9mon)
2017-12-29 08:56:46,286	INFO: https://bulbapedia.bulbagarden.net/wiki/Ivysaur_(Pok%C3%A9mon)
2017-12-29 08:56:47,131	INFO: https://bulbapedia.bulbagarden.net/wiki/Venusaur_(Pok%C3%A9mon)
2017-12-29 08:56:48,512	INFO: https://bulbapedia.bulbagarden.net/wiki/Charmander_(Pok%C3%A9mon)
2017-12-29 08:56:49,464	INFO: https://bulbapedia.bulbagarden.net/wiki/Charmeleon_(Pok%C3%A9mon)
2017-12-29 08:56:50,270	INFO: https://bulbapedia.bulbagarden.net/wiki/Charizard_(Pok%C3%A9mon)
2017-12-29 08:56:51,313	INFO: https://bulbapedia.bulbagarden.net/wiki/Squirtle_(Pok%C3%A9mon)
2017-12-29 08:56:52,145	INFO: https://bulbapedia.bulbagarden.net/wiki/Wartortle_(Pok%C3%A9mon)
2017-12-29 08:56:52,988	INFO: https://bulbapedia.bulbagarden.net/wiki/Blastoise_(Pok%C3%A9mon)
2017-12-29 08:56:53,844	INFO: https://bulbapedia.bulbagarden.net/wiki/Caterpie_(Pok%C3%A9mon)
2017-12-29 08:56:54,557	INFO: https://bulbapedia.bulbagarden.net/wiki/Metapod_(Pok%C3%A9mon)
2017-12-29 08:56:55,276	INFO: https://bulbapedia.bulbagarden.net/wiki/Butterfree_(Pok%C3%A9mon)
2017-12-29 08:56:56,094	INFO: https://bulbapedia.bulbagarden.net/wiki/Weedle_(Pok%C3%A9mon)
2017-12-29 08:56:57,134	INFO: https://bulbapedia.bulbagarden.net/wiki/Kakuna_(Pok%C3%A9mon)
2017-12-29 08:56:57,825	INFO: https://bulbapedia.bulbagarden.net/wiki/Beedrill_(Pok%C3%A9mon)
2017-12-29 08:56:59,032	INFO: https://bulbapedia.bulbagarden.net/wiki/Pidgey_(Pok%C3%A9mon)
2017-12-29 08:56:59,830	INFO: https://bulbapedia.bulbagarden.net/wiki/Pidgeotto_(Pok%C3%A9mon)
2017-12-29 08:57:00,564	INFO: https://bulbapedia.bulbagarden.net/wiki/Pidgeot_(Pok%C3%A9mon)
2017-12-29 08:57:01,363	INFO: https://bulbapedia.bulbagarden.net/wiki/Rattata_(Pok%C3%A9mon)
2017-12-29 08:57:02,319	INFO: https://bulbapedia.bulbagarden.net/wiki/Raticate_(Pok%C3%A9mon)
2017-12-29 08:57:03,298	INFO: https://bulbapedia.bulbagarden.net/wiki/Spearow_(Pok%C3%A9mon)
2017-12-29 08:57:04,172	INFO: https://bulbapedia.bulbagarden.net/wiki/Fearow_(Pok%C3%A9mon)
2017-12-29 08:57:05,000	INFO: https://bulbapedia.bulbagarden.net/wiki/Ekans_(Pok%C3%A9mon)
2017-12-29 08:57:05,764	INFO: https://bulbapedia.bulbagarden.net/wiki/Arbok_(Pok%C3%A9mon)
2017-12-29 08:57:06,645	INFO: https://bulbapedia.bulbagarden.net/wiki/Pikachu_(Pok%C3%A9mon)
2017-12-29 08:57:07,740	INFO: https://bulbapedia.bulbagarden.net/wiki/Raichu_(Pok%C3%A9mon)
